v ATLAS
# This file was created by ATLAS version 5.26.1.R on Wed Sep 15 09:44:11 2021.
#SSF 2.0 generic
##############################################################################
#                    Copyright (c) 1984 - 2018                               #
#                    Silvaco Inc. All rights reserved                        #
#                                                                            #
# This file format and the following Key are copyright Silvaco Inc.          #
# You may not use, this format or key without reproducing this message in    #
# full and obtaining express written permission from Silvaco Inc.            #
#                                                                            #
# To obtain such permission please contact: Silvaco Inc.                     #
#                                           support@silvaco.com              #
#                                                                            #
# KEY=SVC86hn7562asdx                       PROD=345                         #
##############################################################################
y 3 700 711 15
z 10 0.1 300
f 4 "gate" "substrate" "source" "drain" 
p 12 2 601 20 3 602 21 4 603 22 5 604 23 
d -1.000000000e+00 -1.000000000e+00 0.000000000e+00 0.000000000e+00 0.000000000e+00 0.000000000e+00 0.000000000e+00 0.000000000e+00 7.151718651e-15 -5.000000000e+00 -5.000000000e+00 -7.151718628e-15 
d -1.500000000e+00 -1.500000000e+00 0.000000000e+00 0.000000000e+00 0.000000000e+00 0.000000000e+00 0.000000000e+00 0.000000000e+00 2.062456713e-14 -5.000000000e+00 -5.000000000e+00 -2.062456709e-14 
d -2.000000000e+00 -2.000000000e+00 0.000000000e+00 0.000000000e+00 0.000000000e+00 0.000000000e+00 0.000000000e+00 0.000000000e+00 4.307764666e-14 -5.000000000e+00 -5.000000000e+00 -4.307764663e-14 
d -2.500000000e+00 -2.500000000e+00 0.000000000e+00 0.000000000e+00 0.000000000e+00 0.000000000e+00 0.000000000e+00 0.000000000e+00 7.557172298e-14 -5.000000000e+00 -5.000000000e+00 -7.557172297e-14 
d -3.000000000e+00 -3.000000000e+00 0.000000000e+00 0.000000000e+00 0.000000000e+00 0.000000000e+00 0.000000000e+00 0.000000000e+00 1.106606191e-13 -5.000000000e+00 -5.000000000e+00 -1.106606191e-13 
d -3.500000000e+00 -3.500000000e+00 0.000000000e+00 0.000000000e+00 0.000000000e+00 0.000000000e+00 0.000000000e+00 0.000000000e+00 1.271419650e-13 -5.000000000e+00 -5.000000000e+00 -1.271419651e-13 
d -4.000000000e+00 -4.000000000e+00 0.000000000e+00 0.000000000e+00 0.000000000e+00 0.000000000e+00 0.000000000e+00 0.000000000e+00 1.349859364e-13 -5.000000000e+00 -5.000000000e+00 -1.349859364e-13 
d -4.500000000e+00 -4.500000000e+00 0.000000000e+00 0.000000000e+00 0.000000000e+00 0.000000000e+00 0.000000000e+00 0.000000000e+00 1.408229860e-13 -5.000000000e+00 -5.000000000e+00 -1.408229860e-13 
d -5.000000000e+00 -5.000000000e+00 0.000000000e+00 0.000000000e+00 0.000000000e+00 0.000000000e+00 0.000000000e+00 0.000000000e+00 1.452937172e-13 -5.000000000e+00 -5.000000000e+00 -1.452937171e-13 
d -5.500000000e+00 -5.500000000e+00 0.000000000e+00 0.000000000e+00 0.000000000e+00 0.000000000e+00 0.000000000e+00 0.000000000e+00 1.488094764e-13 -5.000000000e+00 -5.000000000e+00 -1.488094764e-13 
d -6.000000000e+00 -6.000000000e+00 0.000000000e+00 0.000000000e+00 0.000000000e+00 0.000000000e+00 0.000000000e+00 0.000000000e+00 1.517772868e-13 -5.000000000e+00 -5.000000000e+00 -1.517772868e-13 
d -6.500000000e+00 -6.500000000e+00 0.000000000e+00 0.000000000e+00 0.000000000e+00 0.000000000e+00 0.000000000e+00 0.000000000e+00 1.543852239e-13 -5.000000000e+00 -5.000000000e+00 -1.543852239e-13 
d -7.000000000e+00 -7.000000000e+00 0.000000000e+00 0.000000000e+00 0.000000000e+00 0.000000000e+00 0.000000000e+00 0.000000000e+00 1.567146613e-13 -5.000000000e+00 -5.000000000e+00 -1.567146612e-13 
d -7.500000000e+00 -7.500000000e+00 0.000000000e+00 0.000000000e+00 0.000000000e+00 0.000000000e+00 0.000000000e+00 0.000000000e+00 1.588081237e-13 -5.000000000e+00 -5.000000000e+00 -1.588081236e-13 
d -8.000000000e+00 -8.000000000e+00 0.000000000e+00 0.000000000e+00 0.000000000e+00 0.000000000e+00 0.000000000e+00 0.000000000e+00 1.606957228e-13 -5.000000000e+00 -5.000000000e+00 -1.606957228e-13 
d -8.500000000e+00 -8.500000000e+00 0.000000000e+00 0.000000000e+00 0.000000000e+00 0.000000000e+00 0.000000000e+00 0.000000000e+00 1.624050206e-13 -5.000000000e+00 -5.000000000e+00 -1.624050206e-13 
d -9.000000000e+00 -9.000000000e+00 0.000000000e+00 0.000000000e+00 0.000000000e+00 0.000000000e+00 0.000000000e+00 0.000000000e+00 1.639636832e-13 -5.000000000e+00 -5.000000000e+00 -1.639636833e-13 
d -9.500000000e+00 -9.500000000e+00 0.000000000e+00 0.000000000e+00 0.000000000e+00 0.000000000e+00 0.000000000e+00 0.000000000e+00 1.653986200e-13 -5.000000000e+00 -5.000000000e+00 -1.653986200e-13 
d -1.000000000e+01 -1.000000000e+01 0.000000000e+00 0.000000000e+00 0.000000000e+00 0.000000000e+00 0.000000000e+00 0.000000000e+00 1.667339756e-13 -5.000000000e+00 -5.000000000e+00 -1.667339757e-13 
d -1.050000000e+01 -1.050000000e+01 0.000000000e+00 0.000000000e+00 0.000000000e+00 0.000000000e+00 0.000000000e+00 0.000000000e+00 1.679898407e-13 -5.000000000e+00 -5.000000000e+00 -1.679898407e-13 
d -1.100000000e+01 -1.100000000e+01 0.000000000e+00 0.000000000e+00 0.000000000e+00 0.000000000e+00 0.000000000e+00 0.000000000e+00 1.691821278e-13 -5.000000000e+00 -5.000000000e+00 -1.691821278e-13 
d -1.150000000e+01 -1.150000000e+01 0.000000000e+00 0.000000000e+00 0.000000000e+00 0.000000000e+00 0.000000000e+00 0.000000000e+00 1.703231374e-13 -5.000000000e+00 -5.000000000e+00 -1.703231374e-13 
d -1.200000000e+01 -1.200000000e+01 0.000000000e+00 0.000000000e+00 0.000000000e+00 0.000000000e+00 0.000000000e+00 0.000000000e+00 1.714223086e-13 -5.000000000e+00 -5.000000000e+00 -1.714223086e-13 
d -1.250000000e+01 -1.250000000e+01 0.000000000e+00 0.000000000e+00 0.000000000e+00 0.000000000e+00 0.000000000e+00 0.000000000e+00 1.724869046e-13 -5.000000000e+00 -5.000000000e+00 -1.724869045e-13 
d -1.300000000e+01 -1.300000000e+01 0.000000000e+00 0.000000000e+00 0.000000000e+00 0.000000000e+00 0.000000000e+00 0.000000000e+00 1.735225589e-13 -5.000000000e+00 -5.000000000e+00 -1.735225589e-13 
d -1.350000000e+01 -1.350000000e+01 0.000000000e+00 0.000000000e+00 0.000000000e+00 0.000000000e+00 0.000000000e+00 0.000000000e+00 1.745336872e-13 -5.000000000e+00 -5.000000000e+00 -1.745336872e-13 
d -1.400000000e+01 -1.400000000e+01 0.000000000e+00 0.000000000e+00 0.000000000e+00 0.000000000e+00 0.000000000e+00 0.000000000e+00 1.755237897e-13 -5.000000000e+00 -5.000000000e+00 -1.755237897e-13 
d -1.450000000e+01 -1.450000000e+01 0.000000000e+00 0.000000000e+00 0.000000000e+00 0.000000000e+00 0.000000000e+00 0.000000000e+00 1.764956728e-13 -5.000000000e+00 -5.000000000e+00 -1.764956727e-13 
d -1.500000000e+01 -1.500000000e+01 0.000000000e+00 0.000000000e+00 0.000000000e+00 0.000000000e+00 0.000000000e+00 0.000000000e+00 1.774516116e-13 -5.000000000e+00 -5.000000000e+00 -1.774516115e-13 
d -1.550000000e+01 -1.550000000e+01 0.000000000e+00 0.000000000e+00 0.000000000e+00 0.000000000e+00 0.000000000e+00 0.000000000e+00 1.783934696e-13 -5.000000000e+00 -5.000000000e+00 -1.783934697e-13 
d -1.600000000e+01 -1.600000000e+01 0.000000000e+00 0.000000000e+00 0.000000000e+00 0.000000000e+00 0.000000000e+00 0.000000000e+00 1.793227884e-13 -5.000000000e+00 -5.000000000e+00 -1.793227885e-13 
d -1.650000000e+01 -1.650000000e+01 0.000000000e+00 0.000000000e+00 0.000000000e+00 0.000000000e+00 0.000000000e+00 0.000000000e+00 1.802408544e-13 -5.000000000e+00 -5.000000000e+00 -1.802408543e-13 
d -1.700000000e+01 -1.700000000e+01 0.000000000e+00 0.000000000e+00 0.000000000e+00 0.000000000e+00 0.000000000e+00 0.000000000e+00 1.811487499e-13 -5.000000000e+00 -5.000000000e+00 -1.811487499e-13 
d -1.750000000e+01 -1.750000000e+01 0.000000000e+00 0.000000000e+00 0.000000000e+00 0.000000000e+00 0.000000000e+00 0.000000000e+00 1.820473930e-13 -5.000000000e+00 -5.000000000e+00 -1.820473930e-13 
d -1.800000000e+01 -1.800000000e+01 0.000000000e+00 0.000000000e+00 0.000000000e+00 0.000000000e+00 0.000000000e+00 0.000000000e+00 1.829375675e-13 -5.000000000e+00 -5.000000000e+00 -1.829375674e-13 
d -1.850000000e+01 -1.850000000e+01 0.000000000e+00 0.000000000e+00 0.000000000e+00 0.000000000e+00 0.000000000e+00 0.000000000e+00 1.838199466e-13 -5.000000000e+00 -5.000000000e+00 -1.838199466e-13 
d -1.900000000e+01 -1.900000000e+01 0.000000000e+00 0.000000000e+00 0.000000000e+00 0.000000000e+00 0.000000000e+00 0.000000000e+00 1.846951123e-13 -5.000000000e+00 -5.000000000e+00 -1.846951122e-13 
d -1.950000000e+01 -1.950000000e+01 0.000000000e+00 0.000000000e+00 0.000000000e+00 0.000000000e+00 0.000000000e+00 0.000000000e+00 1.855635698e-13 -5.000000000e+00 -5.000000000e+00 -1.855635698e-13 
d -2.000000000e+01 -2.000000000e+01 0.000000000e+00 0.000000000e+00 0.000000000e+00 0.000000000e+00 0.000000000e+00 0.000000000e+00 1.864257600e-13 -5.000000000e+00 -5.000000000e+00 -1.864257601e-13 
