v ATLAS
# This file was created by ATLAS version 5.19.20.R on Wed Apr 21 08:45:00 2021.
#SSF 2.0 generic
##############################################################################
#                    Copyright (c) 1984 - 2013                               #
#                    Silvaco Inc. All rights reserved                        #
#                                                                            #
# This file format and the following Key are copyright Silvaco Inc.          #
# You may not use, this format or key without reproducing this message in    #
# full and obtaining express written permission from Silvaco Inc.            #
#                                                                            #
# To obtain such permission please contact: Silvaco Inc.                     #
#                                           support@silvaco.com              #
#                                                                            #
# KEY=SVC86hn7562asdx                       PROD=345                         #
##############################################################################
y 3 700 711 15
z 2 0.02 300
f 4 "gate" "source" "drain" "substrate" 
p 12 2 601 20 3 602 21 4 603 22 5 604 23 
d 3.300000000e+000 3.300000000e+000 0.000000000e+000 0.000000000e+000 0.000000000e+000 -1.214084466e-004 8.750000000e-001 8.750000000e-001 1.214084466e-004 0.000000000e+000 0.000000000e+000 -2.641178847e-015 
d 3.300000000e+000 3.300000000e+000 0.000000000e+000 0.000000000e+000 0.000000000e+000 -1.083266849e-004 7.500000000e-001 7.500000000e-001 1.083266849e-004 0.000000000e+000 0.000000000e+000 -2.365237195e-015 
d 3.300000000e+000 3.300000000e+000 0.000000000e+000 0.000000000e+000 0.000000000e+000 -7.781311051e-005 5.000000000e-001 5.000000000e-001 7.781311051e-005 0.000000000e+000 0.000000000e+000 -1.650769611e-015 
d 3.300000000e+000 3.300000000e+000 0.000000000e+000 0.000000000e+000 0.000000000e+000 -5.743800643e-018 0.000000000e+000 0.000000000e+000 -8.981215551e-018 0.000000000e+000 0.000000000e+000 -1.397195824e-020 
d 3.300000000e+000 3.300000000e+000 0.000000000e+000 0.000000000e+000 0.000000000e+000 -2.144258973e-005 1.250000000e-001 1.250000000e-001 2.144258973e-005 0.000000000e+000 0.000000000e+000 -6.732084542e-016 
d 3.300000000e+000 3.300000000e+000 0.000000000e+000 0.000000000e+000 0.000000000e+000 -4.159732852e-005 2.500000000e-001 2.500000000e-001 4.159732852e-005 0.000000000e+000 0.000000000e+000 -1.088870710e-015 
d 3.300000000e+000 3.300000000e+000 0.000000000e+000 0.000000000e+000 0.000000000e+000 -7.781311051e-005 5.000000000e-001 5.000000000e-001 7.781311051e-005 0.000000000e+000 0.000000000e+000 -1.662829706e-015 
d 3.300000000e+000 3.300000000e+000 0.000000000e+000 0.000000000e+000 0.000000000e+000 -1.330481829e-004 1.000000000e+000 1.000000000e+000 1.330481829e-004 0.000000000e+000 0.000000000e+000 -2.872412346e-015 
d 3.300000000e+000 3.300000000e+000 0.000000000e+000 0.000000000e+000 0.000000000e+000 -1.658004819e-004 1.500000000e+000 1.500000000e+000 1.658004819e-004 0.000000000e+000 0.000000000e+000 -3.787111603e-015 
d 3.300000000e+000 3.300000000e+000 0.000000000e+000 0.000000000e+000 0.000000000e+000 -1.795646597e-004 2.000000000e+000 2.000000000e+000 1.795646597e-004 0.000000000e+000 0.000000000e+000 -4.433144977e-015 
d 3.300000000e+000 3.300000000e+000 0.000000000e+000 0.000000000e+000 0.000000000e+000 -1.836456564e-004 2.500000000e+000 2.500000000e+000 1.836456564e-004 0.000000000e+000 0.000000000e+000 -4.656059862e-015 
d 3.300000000e+000 3.300000000e+000 0.000000000e+000 0.000000000e+000 0.000000000e+000 -1.860769703e-004 3.000000000e+000 3.000000000e+000 1.860769703e-004 0.000000000e+000 0.000000000e+000 -5.086513517e-015 
d 3.300000000e+000 3.300000000e+000 0.000000000e+000 0.000000000e+000 0.000000000e+000 -1.880403006e-004 3.500000000e+000 3.500000000e+000 1.880403006e-004 0.000000000e+000 0.000000000e+000 -5.350176672e-015 
d 3.300000000e+000 3.300000000e+000 0.000000000e+000 0.000000000e+000 0.000000000e+000 -1.897415396e-004 4.000000000e+000 4.000000000e+000 1.897415396e-004 0.000000000e+000 0.000000000e+000 -5.562853524e-015 
d 3.300000000e+000 3.300000000e+000 0.000000000e+000 0.000000000e+000 0.000000000e+000 -1.912637952e-004 4.500000000e+000 4.500000000e+000 1.912637952e-004 0.000000000e+000 0.000000000e+000 -5.690384467e-015 
d 3.300000000e+000 3.300000000e+000 0.000000000e+000 0.000000000e+000 0.000000000e+000 -1.926529086e-004 5.000000000e+000 5.000000000e+000 1.926529086e-004 0.000000000e+000 0.000000000e+000 -5.947247960e-015 
