v ATLAS
# This file was created by ATLAS version 5.19.20.R on Fri Apr 16 22:44:35 2021.
#SSF 2.0 generic
##############################################################################
#                    Copyright (c) 1984 - 2013                               #
#                    Silvaco Inc. All rights reserved                        #
#                                                                            #
# This file format and the following Key are copyright Silvaco Inc.          #
# You may not use, this format or key without reproducing this message in    #
# full and obtaining express written permission from Silvaco Inc.            #
#                                                                            #
# To obtain such permission please contact: Silvaco Inc.                     #
#                                           support@silvaco.com              #
#                                                                            #
# KEY=SVC86hn7562asdx                       PROD=345                         #
##############################################################################
y 3 700 711 15
z 2 0.02 300
f 4 "gate" "source" "drain" "substrate" 
p 12 2 601 20 3 602 21 4 603 22 5 604 23 
d 1.100000000e+000 1.100000000e+000 0.000000000e+000 0.000000000e+000 0.000000000e+000 -8.178948771e-005 8.750000000e-001 8.750000000e-001 8.178948771e-005 0.000000000e+000 0.000000000e+000 -1.215103795e-015 
d 1.100000000e+000 1.100000000e+000 0.000000000e+000 0.000000000e+000 0.000000000e+000 -7.917633677e-005 7.500000000e-001 7.500000000e-001 7.917633677e-005 0.000000000e+000 0.000000000e+000 -1.105543949e-015 
d 1.100000000e+000 1.100000000e+000 0.000000000e+000 0.000000000e+000 0.000000000e+000 -7.085872158e-005 5.000000000e-001 5.000000000e-001 7.085872157e-005 0.000000000e+000 0.000000000e+000 -7.614499528e-016 
d 1.100000000e+000 1.100000000e+000 0.000000000e+000 0.000000000e+000 0.000000000e+000 -4.766373221e-005 2.500000000e-001 2.500000000e-001 4.766373221e-005 0.000000000e+000 0.000000000e+000 -5.498704289e-016 
d 1.100000000e+000 1.100000000e+000 0.000000000e+000 0.000000000e+000 0.000000000e+000 -1.420285250e-017 0.000000000e+000 0.000000000e+000 -1.670923823e-018 0.000000000e+000 0.000000000e+000 -1.685303722e-020 
d 1.100000000e+000 1.100000000e+000 0.000000000e+000 0.000000000e+000 0.000000000e+000 -2.679313268e-005 1.250000000e-001 1.250000000e-001 2.679313268e-005 0.000000000e+000 0.000000000e+000 -3.356215778e-016 
d 1.100000000e+000 1.100000000e+000 0.000000000e+000 0.000000000e+000 0.000000000e+000 -4.766373221e-005 2.500000000e-001 2.500000000e-001 4.766373221e-005 0.000000000e+000 0.000000000e+000 -5.498433009e-016 
d 1.100000000e+000 1.100000000e+000 0.000000000e+000 0.000000000e+000 0.000000000e+000 -7.085872146e-005 5.000000000e-001 5.000000000e-001 7.085872146e-005 0.000000000e+000 0.000000000e+000 -7.590019790e-016 
d 1.100000000e+000 1.100000000e+000 0.000000000e+000 0.000000000e+000 0.000000000e+000 -8.409519174e-005 1.000000000e+000 1.000000000e+000 8.409519174e-005 0.000000000e+000 0.000000000e+000 -1.295213481e-015 
d 1.100000000e+000 1.100000000e+000 0.000000000e+000 0.000000000e+000 0.000000000e+000 -9.178230833e-005 1.500000000e+000 1.500000000e+000 9.178230833e-005 0.000000000e+000 0.000000000e+000 -1.722699549e-015 
d 1.100000000e+000 1.100000000e+000 0.000000000e+000 0.000000000e+000 0.000000000e+000 -9.827480994e-005 2.000000000e+000 2.000000000e+000 9.827480995e-005 0.000000000e+000 0.000000000e+000 -2.101573071e-015 
d 1.100000000e+000 1.100000000e+000 0.000000000e+000 0.000000000e+000 0.000000000e+000 -1.042057301e-004 2.500000000e+000 2.500000000e+000 1.042057301e-004 0.000000000e+000 0.000000000e+000 -2.225666247e-015 
d 1.100000000e+000 1.100000000e+000 0.000000000e+000 0.000000000e+000 0.000000000e+000 -1.097763954e-004 3.000000000e+000 3.000000000e+000 1.097763954e-004 0.000000000e+000 0.000000000e+000 -2.575901167e-015 
d 1.100000000e+000 1.100000000e+000 0.000000000e+000 0.000000000e+000 0.000000000e+000 -1.150947261e-004 3.500000000e+000 3.500000000e+000 1.150947261e-004 0.000000000e+000 0.000000000e+000 -2.813881293e-015 
d 1.100000000e+000 1.100000000e+000 0.000000000e+000 0.000000000e+000 0.000000000e+000 -1.202439371e-004 4.000000000e+000 4.000000000e+000 1.202439371e-004 0.000000000e+000 0.000000000e+000 -3.010630824e-015 
d 1.100000000e+000 1.100000000e+000 0.000000000e+000 0.000000000e+000 0.000000000e+000 -1.253025929e-004 4.500000000e+000 4.500000000e+000 1.253025929e-004 0.000000000e+000 0.000000000e+000 -3.111613178e-015 
d 1.100000000e+000 1.100000000e+000 0.000000000e+000 0.000000000e+000 0.000000000e+000 -1.303363931e-004 5.000000000e+000 5.000000000e+000 1.303363931e-004 0.000000000e+000 0.000000000e+000 -3.324200099e-015 
