v ATLAS
# This file was created by ATLAS version 5.19.20.R on Fri Apr 16 21:56:21 2021.
#SSF 2.0 generic
##############################################################################
#                    Copyright (c) 1984 - 2013                               #
#                    Silvaco Inc. All rights reserved                        #
#                                                                            #
# This file format and the following Key are copyright Silvaco Inc.          #
# You may not use, this format or key without reproducing this message in    #
# full and obtaining express written permission from Silvaco Inc.            #
#                                                                            #
# To obtain such permission please contact: Silvaco Inc.                     #
#                                           support@silvaco.com              #
#                                                                            #
# KEY=SVC86hn7562asdx                       PROD=345                         #
##############################################################################
y 3 700 711 15
z 2 0.02 300
f 4 "gate" "source" "drain" "substrate" 
p 12 2 601 20 3 602 21 4 603 22 5 604 23 
d 2.200000000e+000 2.200000000e+000 0.000000000e+000 0.000000000e+000 0.000000000e+000 -6.898066962e-005 8.750000000e-001 8.750000000e-001 6.898066895e-005 0.000000000e+000 0.000000000e+000 -2.568085746e-015 
d 2.200000000e+000 2.200000000e+000 0.000000000e+000 0.000000000e+000 0.000000000e+000 -6.285901187e-005 7.500000000e-001 7.500000000e-001 6.285901188e-005 0.000000000e+000 0.000000000e+000 -2.315001648e-015 
d 2.200000000e+000 2.200000000e+000 0.000000000e+000 0.000000000e+000 0.000000000e+000 -4.693504099e-005 5.000000000e-001 5.000000000e-001 4.693504099e-005 0.000000000e+000 0.000000000e+000 -1.633214321e-015 
d 2.200000000e+000 2.200000000e+000 0.000000000e+000 0.000000000e+000 0.000000000e+000 -4.908338731e-018 0.000000000e+000 0.000000000e+000 -6.265964338e-018 0.000000000e+000 0.000000000e+000 1.045347242e-021 
d 2.200000000e+000 2.200000000e+000 0.000000000e+000 0.000000000e+000 0.000000000e+000 -1.360422877e-005 1.250000000e-001 1.250000000e-001 1.360422877e-005 0.000000000e+000 0.000000000e+000 -6.719282541e-016 
d 2.200000000e+000 2.200000000e+000 0.000000000e+000 0.000000000e+000 0.000000000e+000 -2.597381458e-005 2.500000000e-001 2.500000000e-001 2.597381458e-005 0.000000000e+000 0.000000000e+000 -1.080609053e-015 
d 2.200000000e+000 2.200000000e+000 0.000000000e+000 0.000000000e+000 0.000000000e+000 -4.693504099e-005 5.000000000e-001 5.000000000e-001 4.693504099e-005 0.000000000e+000 0.000000000e+000 -1.642754491e-015 
d 2.200000000e+000 2.200000000e+000 0.000000000e+000 0.000000000e+000 0.000000000e+000 -7.392871468e-005 1.000000000e+000 1.000000000e+000 7.392871468e-005 0.000000000e+000 0.000000000e+000 -2.771670774e-015 
d 2.200000000e+000 2.200000000e+000 0.000000000e+000 0.000000000e+000 0.000000000e+000 -8.373139635e-005 1.500000000e+000 1.500000000e+000 8.373139635e-005 0.000000000e+000 0.000000000e+000 -3.516806971e-015 
d 2.200000000e+000 2.200000000e+000 0.000000000e+000 0.000000000e+000 0.000000000e+000 -8.601437384e-005 2.000000000e+000 2.000000000e+000 8.601437383e-005 0.000000000e+000 0.000000000e+000 -3.995606248e-015 
d 2.200000000e+000 2.200000000e+000 0.000000000e+000 0.000000000e+000 0.000000000e+000 -8.743276451e-005 2.500000000e+000 2.500000000e+000 8.743276452e-005 0.000000000e+000 0.000000000e+000 -4.173710735e-015 
d 2.200000000e+000 2.200000000e+000 0.000000000e+000 0.000000000e+000 0.000000000e+000 -8.859059243e-005 3.000000000e+000 3.000000000e+000 8.859059243e-005 0.000000000e+000 0.000000000e+000 -4.586825720e-015 
d 2.200000000e+000 2.200000000e+000 0.000000000e+000 0.000000000e+000 0.000000000e+000 -8.960046103e-005 3.500000000e+000 3.500000000e+000 8.960046104e-005 0.000000000e+000 0.000000000e+000 -4.847535028e-015 
d 2.200000000e+000 2.200000000e+000 0.000000000e+000 0.000000000e+000 0.000000000e+000 -9.050738926e-005 4.000000000e+000 4.000000000e+000 9.050738927e-005 0.000000000e+000 0.000000000e+000 -5.064065399e-015 
d 2.200000000e+000 2.200000000e+000 0.000000000e+000 0.000000000e+000 0.000000000e+000 -9.133902761e-005 4.500000000e+000 4.500000000e+000 9.133902762e-005 0.000000000e+000 0.000000000e+000 -5.192689147e-015 
d 2.200000000e+000 2.200000000e+000 0.000000000e+000 0.000000000e+000 0.000000000e+000 -9.211187873e-005 5.000000000e+000 5.000000000e+000 9.211187874e-005 0.000000000e+000 0.000000000e+000 -5.461014780e-015 
