v ATLAS
# This file was created by ATLAS version 5.19.20.R on Wed Apr 21 13:40:52 2021.
#SSF 2.0 generic
##############################################################################
#                    Copyright (c) 1984 - 2013                               #
#                    Silvaco Inc. All rights reserved                        #
#                                                                            #
# This file format and the following Key are copyright Silvaco Inc.          #
# You may not use, this format or key without reproducing this message in    #
# full and obtaining express written permission from Silvaco Inc.            #
#                                                                            #
# To obtain such permission please contact: Silvaco Inc.                     #
#                                           support@silvaco.com              #
#                                                                            #
# KEY=SVC86hn7562asdx                       PROD=345                         #
##############################################################################
y 3 700 711 15
z 2 0.02 300
f 4 "gate" "source" "drain" "substrate" 
p 12 2 601 20 3 602 21 4 603 22 5 604 23 
d 0.000000000e+000 0.000000000e+000 0.000000000e+000 0.000000000e+000 0.000000000e+000 -1.774143998e-010 1.000000000e+001 1.000000000e+001 1.774193467e-010 0.000000000e+000 0.000000000e+000 -6.439734495e-015 
d 2.500000000e-001 2.500000000e-001 0.000000000e+000 0.000000000e+000 0.000000000e+000 -1.504120669e-007 1.000000000e+001 1.000000000e+001 1.504120728e-007 0.000000000e+000 0.000000000e+000 -5.965278191e-015 
d 5.000000000e-001 5.000000000e-001 0.000000000e+000 0.000000000e+000 0.000000000e+000 -2.563475701e-006 1.000000000e+001 1.000000000e+001 2.563475707e-006 0.000000000e+000 0.000000000e+000 -6.138920490e-015 
d 7.500000000e-001 7.500000000e-001 0.000000000e+000 0.000000000e+000 0.000000000e+000 -8.641883199e-006 1.000000000e+001 1.000000000e+001 8.641883206e-006 0.000000000e+000 0.000000000e+000 -6.402227447e-015 
d 1.000000000e+000 1.000000000e+000 0.000000000e+000 0.000000000e+000 0.000000000e+000 -1.811035304e-005 1.000000000e+001 1.000000000e+001 1.811035305e-005 0.000000000e+000 0.000000000e+000 -6.653723912e-015 
d 1.250000000e+000 1.250000000e+000 0.000000000e+000 0.000000000e+000 0.000000000e+000 -3.052941825e-005 1.000000000e+001 1.000000000e+001 3.052941826e-005 0.000000000e+000 0.000000000e+000 -6.880380388e-015 
d 1.500000000e+000 1.500000000e+000 0.000000000e+000 0.000000000e+000 0.000000000e+000 -4.548577190e-005 1.000000000e+001 1.000000000e+001 4.548577191e-005 0.000000000e+000 0.000000000e+000 -7.082461617e-015 
d 1.750000000e+000 1.750000000e+000 0.000000000e+000 0.000000000e+000 0.000000000e+000 -6.262290461e-005 1.000000000e+001 1.000000000e+001 6.262290461e-005 0.000000000e+000 0.000000000e+000 -7.261314756e-015 
d 2.000000000e+000 2.000000000e+000 0.000000000e+000 0.000000000e+000 0.000000000e+000 -8.164219682e-005 1.000000000e+001 1.000000000e+001 8.164219683e-005 0.000000000e+000 0.000000000e+000 -7.418505981e-015 
d 2.250000000e+000 2.250000000e+000 0.000000000e+000 0.000000000e+000 0.000000000e+000 -1.022960638e-004 1.000000000e+001 1.000000000e+001 1.022960638e-004 0.000000000e+000 0.000000000e+000 -7.558090936e-015 
d 2.500000000e+000 2.500000000e+000 0.000000000e+000 0.000000000e+000 0.000000000e+000 -1.243791654e-004 1.000000000e+001 1.000000000e+001 1.243791654e-004 0.000000000e+000 0.000000000e+000 -7.683006310e-015 
d 2.750000000e+000 2.750000000e+000 0.000000000e+000 0.000000000e+000 0.000000000e+000 -1.477204822e-004 1.000000000e+001 1.000000000e+001 1.477204822e-004 0.000000000e+000 0.000000000e+000 -7.796848118e-015 
d 3.000000000e+000 3.000000000e+000 0.000000000e+000 0.000000000e+000 0.000000000e+000 -1.721766884e-004 1.000000000e+001 1.000000000e+001 1.721766884e-004 0.000000000e+000 0.000000000e+000 -7.900881072e-015 
d 3.250000000e+000 3.250000000e+000 0.000000000e+000 0.000000000e+000 0.000000000e+000 -1.976268109e-004 1.000000000e+001 1.000000000e+001 1.976268109e-004 0.000000000e+000 0.000000000e+000 -7.997627170e-015 
d 3.500000000e+000 3.500000000e+000 0.000000000e+000 0.000000000e+000 0.000000000e+000 -2.239682474e-004 1.000000000e+001 1.000000000e+001 2.239682475e-004 0.000000000e+000 0.000000000e+000 -8.087828613e-015 
d 3.750000000e+000 3.750000000e+000 0.000000000e+000 0.000000000e+000 0.000000000e+000 -2.511129619e-004 1.000000000e+001 1.000000000e+001 2.511129619e-004 0.000000000e+000 0.000000000e+000 -8.172262630e-015 
d 4.000000000e+000 4.000000000e+000 0.000000000e+000 0.000000000e+000 0.000000000e+000 -2.789855284e-004 1.000000000e+001 1.000000000e+001 2.789855284e-004 0.000000000e+000 0.000000000e+000 -8.252297099e-015 
d 4.250000000e+000 4.250000000e+000 0.000000000e+000 0.000000000e+000 0.000000000e+000 -3.075200008e-004 1.000000000e+001 1.000000000e+001 3.075200008e-004 0.000000000e+000 0.000000000e+000 -8.328169945e-015 
d 4.500000000e+000 4.500000000e+000 0.000000000e+000 0.000000000e+000 0.000000000e+000 -3.366596330e-004 1.000000000e+001 1.000000000e+001 3.366596330e-004 0.000000000e+000 0.000000000e+000 -8.400101126e-015 
d 4.750000000e+000 4.750000000e+000 0.000000000e+000 0.000000000e+000 0.000000000e+000 -3.663537594e-004 1.000000000e+001 1.000000000e+001 3.663537594e-004 0.000000000e+000 0.000000000e+000 -8.468862360e-015 
d 5.000000000e+000 5.000000000e+000 0.000000000e+000 0.000000000e+000 0.000000000e+000 -3.965587780e-004 1.000000000e+001 1.000000000e+001 3.965587780e-004 0.000000000e+000 0.000000000e+000 -8.534899229e-015 
