v ATLAS
# This file was created by ATLAS version 5.19.20.R on Fri Apr 30 14:49:45 2021.
#SSF 2.0 generic
##############################################################################
#                    Copyright (c) 1984 - 2013                               #
#                    Silvaco Inc. All rights reserved                        #
#                                                                            #
# This file format and the following Key are copyright Silvaco Inc.          #
# You may not use, this format or key without reproducing this message in    #
# full and obtaining express written permission from Silvaco Inc.            #
#                                                                            #
# To obtain such permission please contact: Silvaco Inc.                     #
#                                           support@silvaco.com              #
#                                                                            #
# KEY=SVC86hn7562asdx                       PROD=345                         #
##############################################################################
y 3 700 711 15
z 10 1e+041 300
f 3 "gate" "source" "drain" 
p 9 2 601 20 3 602 21 4 603 22 
d -5.000000000e+000 -5.000000000e+000 0.000000000e+000 0.000000000e+000 0.000000000e+000 4.117787803e-015 -3.000000000e+001 -3.000000000e+001 -3.735491239e-015 
d -5.000000000e+000 -5.000000000e+000 0.000000000e+000 0.000000000e+000 0.000000000e+000 7.483676354e-022 0.000000000e+000 0.000000000e+000 6.712284109e-022 
d -5.000000000e+000 -5.000000000e+000 0.000000000e+000 0.000000000e+000 0.000000000e+000 4.598810753e-018 -5.000000000e-001 -5.000000000e-001 -4.599472769e-018 
d -5.000000000e+000 -5.000000000e+000 0.000000000e+000 0.000000000e+000 0.000000000e+000 8.891533926e-018 -1.000000000e+000 -1.000000000e+000 -8.890097679e-018 
d -5.000000000e+000 -5.000000000e+000 0.000000000e+000 0.000000000e+000 0.000000000e+000 1.336319244e-017 -1.500000000e+000 -1.500000000e+000 -1.336483691e-017 
d -5.000000000e+000 -5.000000000e+000 0.000000000e+000 0.000000000e+000 0.000000000e+000 1.827777677e-017 -2.000000000e+000 -2.000000000e+000 -1.828150395e-017 
d -5.000000000e+000 -5.000000000e+000 0.000000000e+000 0.000000000e+000 0.000000000e+000 2.389435175e-017 -2.500000000e+000 -2.500000000e+000 -2.389722348e-017 
d -5.000000000e+000 -5.000000000e+000 0.000000000e+000 0.000000000e+000 0.000000000e+000 3.033608658e-017 -3.000000000e+000 -3.000000000e+000 -3.033605174e-017 
d -5.000000000e+000 -5.000000000e+000 0.000000000e+000 0.000000000e+000 0.000000000e+000 3.773432646e-017 -3.500000000e+000 -3.500000000e+000 -3.773669855e-017 
d -5.000000000e+000 -5.000000000e+000 0.000000000e+000 0.000000000e+000 0.000000000e+000 4.611634069e-017 -4.000000000e+000 -4.000000000e+000 -4.611796726e-017 
d -5.000000000e+000 -5.000000000e+000 0.000000000e+000 0.000000000e+000 0.000000000e+000 5.546613131e-017 -4.500000000e+000 -4.500000000e+000 -5.546913174e-017 
d -5.000000000e+000 -5.000000000e+000 0.000000000e+000 0.000000000e+000 0.000000000e+000 6.605022544e-017 -5.000000000e+000 -5.000000000e+000 -6.605031047e-017 
d -5.000000000e+000 -5.000000000e+000 0.000000000e+000 0.000000000e+000 0.000000000e+000 7.804272099e-017 -5.500000000e+000 -5.500000000e+000 -7.804312943e-017 
d -5.000000000e+000 -5.000000000e+000 0.000000000e+000 0.000000000e+000 0.000000000e+000 9.157686832e-017 -6.000000000e+000 -6.000000000e+000 -9.158755177e-017 
d -5.000000000e+000 -5.000000000e+000 0.000000000e+000 0.000000000e+000 0.000000000e+000 1.067900411e-016 -6.500000000e+000 -6.500000000e+000 -1.067935311e-016 
d -5.000000000e+000 -5.000000000e+000 0.000000000e+000 0.000000000e+000 0.000000000e+000 1.238139283e-016 -7.000000000e+000 -7.000000000e+000 -1.238141614e-016 
d -5.000000000e+000 -5.000000000e+000 0.000000000e+000 0.000000000e+000 0.000000000e+000 1.427838267e-016 -7.500000000e+000 -7.500000000e+000 -1.427823360e-016 
d -5.000000000e+000 -5.000000000e+000 0.000000000e+000 0.000000000e+000 0.000000000e+000 1.638185475e-016 -8.000000000e+000 -8.000000000e+000 -1.638271263e-016 
d -5.000000000e+000 -5.000000000e+000 0.000000000e+000 0.000000000e+000 0.000000000e+000 1.870497403e-016 -8.500000000e+000 -8.500000000e+000 -1.870472351e-016 
d -5.000000000e+000 -5.000000000e+000 0.000000000e+000 0.000000000e+000 0.000000000e+000 2.125853706e-016 -9.000000000e+000 -9.000000000e+000 -2.125863558e-016 
d -5.000000000e+000 -5.000000000e+000 0.000000000e+000 0.000000000e+000 0.000000000e+000 2.405353577e-016 -9.500000000e+000 -9.500000000e+000 -2.405345458e-016 
d -5.000000000e+000 -5.000000000e+000 0.000000000e+000 0.000000000e+000 0.000000000e+000 2.710054639e-016 -1.000000000e+001 -1.000000000e+001 -2.710089067e-016 
