v ATLAS
# This file was created by ATLAS version 5.19.20.R on Thu Apr 29 22:24:40 2021.
#SSF 2.0 generic
##############################################################################
#                    Copyright (c) 1984 - 2013                               #
#                    Silvaco Inc. All rights reserved                        #
#                                                                            #
# This file format and the following Key are copyright Silvaco Inc.          #
# You may not use, this format or key without reproducing this message in    #
# full and obtaining express written permission from Silvaco Inc.            #
#                                                                            #
# To obtain such permission please contact: Silvaco Inc.                     #
#                                           support@silvaco.com              #
#                                                                            #
# KEY=SVC86hn7562asdx                       PROD=345                         #
##############################################################################
y 3 700 711 15
z 10 1e+041 300
f 3 "gate" "source" "drain" 
p 9 2 601 20 3 602 21 4 603 22 
d -3.000000000e+001 -3.000000000e+001 0.000000000e+000 0.000000000e+000 0.000000000e+000 4.459143487e-014 -3.000000000e+001 -3.000000000e+001 -4.420909170e-014 
d -3.000000000e+001 -3.000000000e+001 0.000000000e+000 0.000000000e+000 0.000000000e+000 6.948727115e-022 0.000000000e+000 0.000000000e+000 6.628804829e-022 
d -3.000000000e+001 -3.000000000e+001 0.000000000e+000 0.000000000e+000 0.000000000e+000 -7.491997427e-016 5.000000000e-001 5.000000000e-001 7.492004338e-016 
d -3.000000000e+001 -3.000000000e+001 0.000000000e+000 0.000000000e+000 0.000000000e+000 -1.533643270e-015 1.000000000e+000 1.000000000e+000 1.533645115e-015 
d -3.000000000e+001 -3.000000000e+001 0.000000000e+000 0.000000000e+000 0.000000000e+000 -2.357279331e-015 1.500000000e+000 1.500000000e+000 2.357279063e-015 
d -3.000000000e+001 -3.000000000e+001 0.000000000e+000 0.000000000e+000 0.000000000e+000 -3.223490003e-015 2.000000000e+000 2.000000000e+000 3.223488612e-015 
d -3.000000000e+001 -3.000000000e+001 0.000000000e+000 0.000000000e+000 0.000000000e+000 -4.136104488e-015 2.500000000e+000 2.500000000e+000 4.136103767e-015 
d -3.000000000e+001 -3.000000000e+001 0.000000000e+000 0.000000000e+000 0.000000000e+000 -5.098938400e-015 3.000000000e+000 3.000000000e+000 5.098939655e-015 
d -3.000000000e+001 -3.000000000e+001 0.000000000e+000 0.000000000e+000 0.000000000e+000 -6.115548290e-015 3.500000000e+000 3.500000000e+000 6.115548997e-015 
d -3.000000000e+001 -3.000000000e+001 0.000000000e+000 0.000000000e+000 0.000000000e+000 -7.189203064e-015 4.000000000e+000 4.000000000e+000 7.189203861e-015 
d -3.000000000e+001 -3.000000000e+001 0.000000000e+000 0.000000000e+000 0.000000000e+000 -8.322762779e-015 4.500000000e+000 4.500000000e+000 8.322761388e-015 
d -3.000000000e+001 -3.000000000e+001 0.000000000e+000 0.000000000e+000 0.000000000e+000 -9.518232182e-015 5.000000000e+000 5.000000000e+000 9.518232871e-015 
d -3.000000000e+001 -3.000000000e+001 0.000000000e+000 0.000000000e+000 0.000000000e+000 -1.077638485e-014 5.500000000e+000 5.500000000e+000 1.077638400e-014 
d -3.000000000e+001 -3.000000000e+001 0.000000000e+000 0.000000000e+000 0.000000000e+000 -1.209851966e-014 6.000000000e+000 6.000000000e+000 1.209851856e-014 
d -3.000000000e+001 -3.000000000e+001 0.000000000e+000 0.000000000e+000 0.000000000e+000 -1.349083861e-014 6.500000000e+000 6.500000000e+000 1.349083584e-014 
d -3.000000000e+001 -3.000000000e+001 0.000000000e+000 0.000000000e+000 0.000000000e+000 -1.496241312e-014 7.000000000e+000 7.000000000e+000 1.496241226e-014 
d -3.000000000e+001 -3.000000000e+001 0.000000000e+000 0.000000000e+000 0.000000000e+000 -1.652060222e-014 7.500000000e+000 7.500000000e+000 1.652059861e-014 
d -3.000000000e+001 -3.000000000e+001 0.000000000e+000 0.000000000e+000 0.000000000e+000 -1.817137846e-014 8.000000000e+000 8.000000000e+000 1.817137683e-014 
d -3.000000000e+001 -3.000000000e+001 0.000000000e+000 0.000000000e+000 0.000000000e+000 -1.992043410e-014 8.500000000e+000 8.500000000e+000 1.992043345e-014 
d -3.000000000e+001 -3.000000000e+001 0.000000000e+000 0.000000000e+000 0.000000000e+000 -2.177353945e-014 9.000000000e+000 9.000000000e+000 2.177353817e-014 
d -3.000000000e+001 -3.000000000e+001 0.000000000e+000 0.000000000e+000 0.000000000e+000 -2.373663897e-014 9.500000000e+000 9.500000000e+000 2.373664457e-014 
d -3.000000000e+001 -3.000000000e+001 0.000000000e+000 0.000000000e+000 0.000000000e+000 -2.581586033e-014 1.000000000e+001 1.000000000e+001 2.581586159e-014 
d -3.000000000e+001 -3.000000000e+001 0.000000000e+000 0.000000000e+000 0.000000000e+000 -2.801750354e-014 1.050000000e+001 1.050000000e+001 2.801750435e-014 
d -3.000000000e+001 -3.000000000e+001 0.000000000e+000 0.000000000e+000 0.000000000e+000 -3.034802755e-014 1.100000000e+001 1.100000000e+001 3.034802552e-014 
d -3.000000000e+001 -3.000000000e+001 0.000000000e+000 0.000000000e+000 0.000000000e+000 -3.281405829e-014 1.150000000e+001 1.150000000e+001 3.281406148e-014 
d -3.000000000e+001 -3.000000000e+001 0.000000000e+000 0.000000000e+000 0.000000000e+000 -3.542236889e-014 1.200000000e+001 1.200000000e+001 3.542235814e-014 
d -3.000000000e+001 -3.000000000e+001 0.000000000e+000 0.000000000e+000 0.000000000e+000 -3.817985925e-014 1.250000000e+001 1.250000000e+001 3.817986193e-014 
d -3.000000000e+001 -3.000000000e+001 0.000000000e+000 0.000000000e+000 0.000000000e+000 -4.109356428e-014 1.300000000e+001 1.300000000e+001 4.109356235e-014 
d -3.000000000e+001 -3.000000000e+001 0.000000000e+000 0.000000000e+000 0.000000000e+000 -4.417062342e-014 1.350000000e+001 1.350000000e+001 4.417062015e-014 
d -3.000000000e+001 -3.000000000e+001 0.000000000e+000 0.000000000e+000 0.000000000e+000 -4.741826688e-014 1.400000000e+001 1.400000000e+001 4.741826349e-014 
d -3.000000000e+001 -3.000000000e+001 0.000000000e+000 0.000000000e+000 0.000000000e+000 -5.084381540e-014 1.450000000e+001 1.450000000e+001 5.084381175e-014 
d -3.000000000e+001 -3.000000000e+001 0.000000000e+000 0.000000000e+000 0.000000000e+000 -5.445464147e-014 1.500000000e+001 1.500000000e+001 5.445463966e-014 
d -3.000000000e+001 -3.000000000e+001 0.000000000e+000 0.000000000e+000 0.000000000e+000 -5.825816946e-014 1.550000000e+001 1.550000000e+001 5.825816362e-014 
d -3.000000000e+001 -3.000000000e+001 0.000000000e+000 0.000000000e+000 0.000000000e+000 -6.226185719e-014 1.600000000e+001 1.600000000e+001 6.226186545e-014 
d -3.000000000e+001 -3.000000000e+001 0.000000000e+000 0.000000000e+000 0.000000000e+000 -6.647317498e-014 1.650000000e+001 1.650000000e+001 6.647316139e-014 
d -3.000000000e+001 -3.000000000e+001 0.000000000e+000 0.000000000e+000 0.000000000e+000 -7.089958576e-014 1.700000000e+001 1.700000000e+001 7.089959385e-014 
d -3.000000000e+001 -3.000000000e+001 0.000000000e+000 0.000000000e+000 0.000000000e+000 -7.554853702e-014 1.750000000e+001 1.750000000e+001 7.554852598e-014 
d -3.000000000e+001 -3.000000000e+001 0.000000000e+000 0.000000000e+000 0.000000000e+000 -8.042744815e-014 1.800000000e+001 1.800000000e+001 8.042743906e-014 
d -3.000000000e+001 -3.000000000e+001 0.000000000e+000 0.000000000e+000 0.000000000e+000 -8.554368319e-014 1.850000000e+001 1.850000000e+001 8.554369982e-014 
d -3.000000000e+001 -3.000000000e+001 0.000000000e+000 0.000000000e+000 0.000000000e+000 -9.090454481e-014 1.900000000e+001 1.900000000e+001 9.090454148e-014 
d -3.000000000e+001 -3.000000000e+001 0.000000000e+000 0.000000000e+000 0.000000000e+000 -9.651725469e-014 1.950000000e+001 1.950000000e+001 9.651725209e-014 
d -3.000000000e+001 -3.000000000e+001 0.000000000e+000 0.000000000e+000 0.000000000e+000 -1.023889655e-013 2.000000000e+001 2.000000000e+001 1.023889507e-013 
