v ATLAS
# This file was created by ATLAS version 5.19.20.R on Wed Apr 28 14:16:37 2021.
#SSF 2.0 generic
##############################################################################
#                    Copyright (c) 1984 - 2013                               #
#                    Silvaco Inc. All rights reserved                        #
#                                                                            #
# This file format and the following Key are copyright Silvaco Inc.          #
# You may not use, this format or key without reproducing this message in    #
# full and obtaining express written permission from Silvaco Inc.            #
#                                                                            #
# To obtain such permission please contact: Silvaco Inc.                     #
#                                           support@silvaco.com              #
#                                                                            #
# KEY=SVC86hn7562asdx                       PROD=345                         #
##############################################################################
y 3 700 711 15
z 10 1e+041 300
f 3 "gate" "source" "drain" 
p 9 2 601 20 3 602 21 4 603 22 
d -1.000000000e+000 -1.000000000e+000 0.000000000e+000 0.000000000e+000 0.000000000e+000 -3.358541174e-017 5.000000000e+000 5.000000000e+000 3.358551952e-017 
d -5.000000000e-001 -5.000000000e-001 0.000000000e+000 0.000000000e+000 0.000000000e+000 -5.460119657e-017 5.000000000e+000 5.000000000e+000 5.460284297e-017 
d 0.000000000e+000 0.000000000e+000 0.000000000e+000 0.000000000e+000 0.000000000e+000 -9.449859668e-017 5.000000000e+000 5.000000000e+000 9.449408252e-017 
d 5.000000000e-001 5.000000000e-001 0.000000000e+000 0.000000000e+000 0.000000000e+000 -1.854455778e-016 5.000000000e+000 5.000000000e+000 1.854441862e-016 
d 1.000000000e+000 1.000000000e+000 0.000000000e+000 0.000000000e+000 0.000000000e+000 -4.336619148e-016 5.000000000e+000 5.000000000e+000 4.336603417e-016 
d 1.500000000e+000 1.500000000e+000 0.000000000e+000 0.000000000e+000 0.000000000e+000 -1.060562125e-015 5.000000000e+000 5.000000000e+000 1.060559386e-015 
d 2.000000000e+000 2.000000000e+000 0.000000000e+000 0.000000000e+000 0.000000000e+000 -2.208966526e-015 5.000000000e+000 5.000000000e+000 2.208962147e-015 
d 2.500000000e+000 2.500000000e+000 0.000000000e+000 0.000000000e+000 0.000000000e+000 -3.883937517e-015 5.000000000e+000 5.000000000e+000 3.883938244e-015 
d 3.000000000e+000 3.000000000e+000 0.000000000e+000 0.000000000e+000 0.000000000e+000 -6.085518125e-015 5.000000000e+000 5.000000000e+000 6.085520783e-015 
d 3.500000000e+000 3.500000000e+000 0.000000000e+000 0.000000000e+000 0.000000000e+000 -8.835734515e-015 5.000000000e+000 5.000000000e+000 8.835728181e-015 
d 4.000000000e+000 4.000000000e+000 0.000000000e+000 0.000000000e+000 0.000000000e+000 -1.216978313e-014 5.000000000e+000 5.000000000e+000 1.216978396e-014 
d 4.500000000e+000 4.500000000e+000 0.000000000e+000 0.000000000e+000 0.000000000e+000 -1.612784480e-014 5.000000000e+000 5.000000000e+000 1.612784793e-014 
d 5.000000000e+000 5.000000000e+000 0.000000000e+000 0.000000000e+000 0.000000000e+000 -2.074906851e-014 5.000000000e+000 5.000000000e+000 2.074906530e-014 
d 5.500000000e+000 5.500000000e+000 0.000000000e+000 0.000000000e+000 0.000000000e+000 -2.606705268e-014 5.000000000e+000 5.000000000e+000 2.606704223e-014 
d 6.000000000e+000 6.000000000e+000 0.000000000e+000 0.000000000e+000 0.000000000e+000 -3.210669488e-014 5.000000000e+000 5.000000000e+000 3.210669157e-014 
d 6.500000000e+000 6.500000000e+000 0.000000000e+000 0.000000000e+000 0.000000000e+000 -3.888247691e-014 5.000000000e+000 5.000000000e+000 3.888247568e-014 
d 7.000000000e+000 7.000000000e+000 0.000000000e+000 0.000000000e+000 0.000000000e+000 -4.639810250e-014 5.000000000e+000 5.000000000e+000 4.639810159e-014 
d 7.500000000e+000 7.500000000e+000 0.000000000e+000 0.000000000e+000 0.000000000e+000 -5.464725265e-014 5.000000000e+000 5.000000000e+000 5.464725426e-014 
d 8.000000000e+000 8.000000000e+000 0.000000000e+000 0.000000000e+000 0.000000000e+000 -6.361505459e-014 5.000000000e+000 5.000000000e+000 6.361505122e-014 
d 8.500000000e+000 8.500000000e+000 0.000000000e+000 0.000000000e+000 0.000000000e+000 -7.327989583e-014 5.000000000e+000 5.000000000e+000 7.327989349e-014 
d 9.000000000e+000 9.000000000e+000 0.000000000e+000 0.000000000e+000 0.000000000e+000 -8.361523908e-014 5.000000000e+000 5.000000000e+000 8.361523920e-014 
d 9.500000000e+000 9.500000000e+000 0.000000000e+000 0.000000000e+000 0.000000000e+000 -9.459125091e-014 5.000000000e+000 5.000000000e+000 9.459125372e-014 
d 1.000000000e+001 1.000000000e+001 0.000000000e+000 0.000000000e+000 0.000000000e+000 -1.061761320e-013 5.000000000e+000 5.000000000e+000 1.061761307e-013 
d 1.050000000e+001 1.050000000e+001 0.000000000e+000 0.000000000e+000 0.000000000e+000 -1.183371329e-013 5.000000000e+000 5.000000000e+000 1.183371299e-013 
d 1.100000000e+001 1.100000000e+001 0.000000000e+000 0.000000000e+000 0.000000000e+000 -1.310412796e-013 5.000000000e+000 5.000000000e+000 1.310412756e-013 
d 1.150000000e+001 1.150000000e+001 0.000000000e+000 0.000000000e+000 0.000000000e+000 -1.442558596e-013 5.000000000e+000 5.000000000e+000 1.442558633e-013 
d 1.200000000e+001 1.200000000e+001 0.000000000e+000 0.000000000e+000 0.000000000e+000 -1.579487395e-013 5.000000000e+000 5.000000000e+000 1.579487382e-013 
d 1.250000000e+001 1.250000000e+001 0.000000000e+000 0.000000000e+000 0.000000000e+000 -1.720885673e-013 5.000000000e+000 5.000000000e+000 1.720885616e-013 
d 1.300000000e+001 1.300000000e+001 0.000000000e+000 0.000000000e+000 0.000000000e+000 -1.866449377e-013 5.000000000e+000 5.000000000e+000 1.866449390e-013 
d 1.350000000e+001 1.350000000e+001 0.000000000e+000 0.000000000e+000 0.000000000e+000 -2.015885650e-013 5.000000000e+000 5.000000000e+000 2.015885703e-013 
d 1.400000000e+001 1.400000000e+001 0.000000000e+000 0.000000000e+000 0.000000000e+000 -2.168914882e-013 5.000000000e+000 5.000000000e+000 2.168914884e-013 
d 1.450000000e+001 1.450000000e+001 0.000000000e+000 0.000000000e+000 0.000000000e+000 -2.325273021e-013 5.000000000e+000 5.000000000e+000 2.325273121e-013 
d 1.500000000e+001 1.500000000e+001 0.000000000e+000 0.000000000e+000 0.000000000e+000 -2.484713658e-013 5.000000000e+000 5.000000000e+000 2.484713670e-013 
d 1.550000000e+001 1.550000000e+001 0.000000000e+000 0.000000000e+000 0.000000000e+000 -2.647009440e-013 5.000000000e+000 5.000000000e+000 2.647009426e-013 
d 1.600000000e+001 1.600000000e+001 0.000000000e+000 0.000000000e+000 0.000000000e+000 -2.811952539e-013 5.000000000e+000 5.000000000e+000 2.811952558e-013 
d 1.650000000e+001 1.650000000e+001 0.000000000e+000 0.000000000e+000 0.000000000e+000 -2.979354209e-013 5.000000000e+000 5.000000000e+000 2.979354228e-013 
d 1.700000000e+001 1.700000000e+001 0.000000000e+000 0.000000000e+000 0.000000000e+000 -3.149043762e-013 5.000000000e+000 5.000000000e+000 3.149043778e-013 
d 1.750000000e+001 1.750000000e+001 0.000000000e+000 0.000000000e+000 0.000000000e+000 -3.320867251e-013 5.000000000e+000 5.000000000e+000 3.320867247e-013 
d 1.800000000e+001 1.800000000e+001 0.000000000e+000 0.000000000e+000 0.000000000e+000 -3.494686131e-013 5.000000000e+000 5.000000000e+000 3.494686159e-013 
d 1.850000000e+001 1.850000000e+001 0.000000000e+000 0.000000000e+000 0.000000000e+000 -3.670375982e-013 5.000000000e+000 5.000000000e+000 3.670375998e-013 
d 1.900000000e+001 1.900000000e+001 0.000000000e+000 0.000000000e+000 0.000000000e+000 -3.847825414e-013 5.000000000e+000 5.000000000e+000 3.847825410e-013 
d 1.950000000e+001 1.950000000e+001 0.000000000e+000 0.000000000e+000 0.000000000e+000 -4.026935029e-013 5.000000000e+000 5.000000000e+000 4.026934997e-013 
d 2.000000000e+001 2.000000000e+001 0.000000000e+000 0.000000000e+000 0.000000000e+000 -4.207616536e-013 5.000000000e+000 5.000000000e+000 4.207616541e-013 
