v ATLAS
# This file was created by ATLAS version 5.19.20.R on Thu Apr 29 22:36:00 2021.
#SSF 2.0 generic
##############################################################################
#                    Copyright (c) 1984 - 2013                               #
#                    Silvaco Inc. All rights reserved                        #
#                                                                            #
# This file format and the following Key are copyright Silvaco Inc.          #
# You may not use, this format or key without reproducing this message in    #
# full and obtaining express written permission from Silvaco Inc.            #
#                                                                            #
# To obtain such permission please contact: Silvaco Inc.                     #
#                                           support@silvaco.com              #
#                                                                            #
# KEY=SVC86hn7562asdx                       PROD=345                         #
##############################################################################
y 3 700 711 15
z 10 1e+041 300
f 3 "gate" "source" "drain" 
p 9 2 601 20 3 602 21 4 603 22 
d -1.000000000e+001 -1.000000000e+001 0.000000000e+000 0.000000000e+000 0.000000000e+000 8.124123567e-015 -3.000000000e+001 -3.000000000e+001 -7.741789852e-015 
d -1.000000000e+001 -1.000000000e+001 0.000000000e+000 0.000000000e+000 0.000000000e+000 7.175074251e-022 0.000000000e+000 0.000000000e+000 5.786477798e-022 
d -1.000000000e+001 -1.000000000e+001 0.000000000e+000 0.000000000e+000 0.000000000e+000 5.567750391e-017 -5.000000000e-001 -5.000000000e-001 -5.567521591e-017 
d -1.000000000e+001 -1.000000000e+001 0.000000000e+000 0.000000000e+000 0.000000000e+000 1.060468756e-016 -1.000000000e+000 -1.000000000e+000 -1.060457873e-016 
d -1.000000000e+001 -1.000000000e+001 0.000000000e+000 0.000000000e+000 0.000000000e+000 1.537315015e-016 -1.500000000e+000 -1.500000000e+000 -1.537307085e-016 
d -1.000000000e+001 -1.000000000e+001 0.000000000e+000 0.000000000e+000 0.000000000e+000 2.010556159e-016 -2.000000000e+000 -2.000000000e+000 -2.010533153e-016 
d -1.000000000e+001 -1.000000000e+001 0.000000000e+000 0.000000000e+000 0.000000000e+000 2.498501698e-016 -2.500000000e+000 -2.500000000e+000 -2.498512860e-016 
d -1.000000000e+001 -1.000000000e+001 0.000000000e+000 0.000000000e+000 0.000000000e+000 3.008116717e-016 -3.000000000e+000 -3.000000000e+000 -3.008121780e-016 
d -1.000000000e+001 -1.000000000e+001 0.000000000e+000 0.000000000e+000 0.000000000e+000 3.541084966e-016 -3.500000000e+000 -3.500000000e+000 -3.541113282e-016 
d -1.000000000e+001 -1.000000000e+001 0.000000000e+000 0.000000000e+000 0.000000000e+000 4.094956660e-016 -4.000000000e+000 -4.000000000e+000 -4.094963985e-016 
d -1.000000000e+001 -1.000000000e+001 0.000000000e+000 0.000000000e+000 0.000000000e+000 4.664335351e-016 -4.500000000e+000 -4.500000000e+000 -4.664343231e-016 
d -1.000000000e+001 -1.000000000e+001 0.000000000e+000 0.000000000e+000 0.000000000e+000 5.255348492e-016 -5.000000000e+000 -5.000000000e+000 -5.255317503e-016 
d -1.000000000e+001 -1.000000000e+001 0.000000000e+000 0.000000000e+000 0.000000000e+000 5.875512228e-016 -5.500000000e+000 -5.500000000e+000 -5.875499447e-016 
d -1.000000000e+001 -1.000000000e+001 0.000000000e+000 0.000000000e+000 0.000000000e+000 6.526305081e-016 -6.000000000e+000 -6.000000000e+000 -6.526277027e-016 
d -1.000000000e+001 -1.000000000e+001 0.000000000e+000 0.000000000e+000 0.000000000e+000 7.208408146e-016 -6.500000000e+000 -6.500000000e+000 -7.208378377e-016 
d -1.000000000e+001 -1.000000000e+001 0.000000000e+000 0.000000000e+000 0.000000000e+000 7.922293341e-016 -7.000000000e+000 -7.000000000e+000 -7.922323092e-016 
d -1.000000000e+001 -1.000000000e+001 0.000000000e+000 0.000000000e+000 0.000000000e+000 8.668438517e-016 -7.500000000e+000 -7.500000000e+000 -8.668414598e-016 
d -1.000000000e+001 -1.000000000e+001 0.000000000e+000 0.000000000e+000 0.000000000e+000 9.447264887e-016 -8.000000000e+000 -8.000000000e+000 -9.447275097e-016 
d -1.000000000e+001 -1.000000000e+001 0.000000000e+000 0.000000000e+000 0.000000000e+000 1.025911559e-015 -8.500000000e+000 -8.500000000e+000 -1.025909755e-015 
d -1.000000000e+001 -1.000000000e+001 0.000000000e+000 0.000000000e+000 0.000000000e+000 1.110443393e-015 -9.000000000e+000 -9.000000000e+000 -1.110444104e-015 
d -1.000000000e+001 -1.000000000e+001 0.000000000e+000 0.000000000e+000 0.000000000e+000 1.198354486e-015 -9.500000000e+000 -9.500000000e+000 -1.198353853e-015 
d -1.000000000e+001 -1.000000000e+001 0.000000000e+000 0.000000000e+000 0.000000000e+000 1.289676445e-015 -1.000000000e+001 -1.000000000e+001 -1.289676865e-015 
