v ATLAS
# This file was created by ATLAS version 5.19.20.R on Fri Apr 23 13:07:48 2021.
#SSF 2.0 generic
##############################################################################
#                    Copyright (c) 1984 - 2013                               #
#                    Silvaco Inc. All rights reserved                        #
#                                                                            #
# This file format and the following Key are copyright Silvaco Inc.          #
# You may not use, this format or key without reproducing this message in    #
# full and obtaining express written permission from Silvaco Inc.            #
#                                                                            #
# To obtain such permission please contact: Silvaco Inc.                     #
#                                           support@silvaco.com              #
#                                                                            #
# KEY=SVC86hn7562asdx                       PROD=345                         #
##############################################################################
y 3 700 711 15
z 100 1e+041 300
f 3 "gate" "source" "drain" 
p 9 2 601 20 3 602 21 4 603 22 
d -3.000000000e+000 -3.000000000e+000 0.000000000e+000 0.000000000e+000 0.000000000e+000 8.566160338e-021 1.000000000e+000 1.000000000e+000 1.218604797e-020 
d -2.750000000e+000 -2.750000000e+000 0.000000000e+000 0.000000000e+000 0.000000000e+000 7.849559492e-021 1.000000000e+000 1.000000000e+000 1.115032929e-020 
d -2.500000000e+000 -2.500000000e+000 0.000000000e+000 0.000000000e+000 0.000000000e+000 7.192355707e-021 1.000000000e+000 1.000000000e+000 1.020803850e-020 
d -2.250000000e+000 -2.250000000e+000 0.000000000e+000 0.000000000e+000 0.000000000e+000 6.587229895e-021 1.000000000e+000 1.000000000e+000 9.349558695e-021 
d -2.000000000e+000 -2.000000000e+000 0.000000000e+000 0.000000000e+000 0.000000000e+000 6.027023958e-021 1.000000000e+000 1.000000000e+000 8.566109840e-021 
d -1.750000000e+000 -1.750000000e+000 0.000000000e+000 0.000000000e+000 0.000000000e+000 5.504291275e-021 1.000000000e+000 1.000000000e+000 7.849580287e-021 
d -1.500000000e+000 -1.500000000e+000 0.000000000e+000 0.000000000e+000 0.000000000e+000 5.010643199e-021 1.000000000e+000 1.000000000e+000 7.192379861e-021 
d -1.250000000e+000 -1.250000000e+000 0.000000000e+000 0.000000000e+000 0.000000000e+000 4.535490285e-021 1.000000000e+000 1.000000000e+000 6.587258672e-021 
d -1.000000000e+000 -1.000000000e+000 0.000000000e+000 0.000000000e+000 0.000000000e+000 4.063286956e-021 1.000000000e+000 1.000000000e+000 6.027059095e-021 
d -7.500000000e-001 -7.500000000e-001 0.000000000e+000 0.000000000e+000 0.000000000e+000 3.335757170e-021 1.000000000e+000 1.000000000e+000 5.504335516e-021 
d -5.000000000e-001 -5.000000000e-001 0.000000000e+000 0.000000000e+000 0.000000000e+000 -1.996325692e-018 1.000000000e+000 1.000000000e+000 5.010757883e-021 
d -2.500000000e-001 -2.500000000e-001 0.000000000e+000 0.000000000e+000 0.000000000e+000 -3.388020174e-020 1.000000000e+000 1.000000000e+000 4.535830554e-021 
d 6.429144704e-016 6.429144704e-016 0.000000000e+000 0.000000000e+000 0.000000000e+000 -6.080779740e-021 1.000000000e+000 1.000000000e+000 4.081064206e-021 
d 2.500000000e-001 2.500000000e-001 0.000000000e+000 0.000000000e+000 0.000000000e+000 -7.810106496e-021 1.000000000e+000 1.000000000e+000 7.812678713e-021 
d 5.000000000e-001 5.000000000e-001 0.000000000e+000 0.000000000e+000 0.000000000e+000 -7.756643139e-021 1.000000000e+000 1.000000000e+000 7.758041570e-021 
d 7.500000000e-001 7.500000000e-001 0.000000000e+000 0.000000000e+000 0.000000000e+000 -7.230626621e-021 1.000000000e+000 1.000000000e+000 7.230393679e-021 
d 1.000000000e+000 1.000000000e+000 0.000000000e+000 0.000000000e+000 0.000000000e+000 -5.534453698e-021 1.000000000e+000 1.000000000e+000 5.533426851e-021 
d 1.250000000e+000 1.250000000e+000 0.000000000e+000 0.000000000e+000 0.000000000e+000 -5.942308887e-021 1.000000000e+000 1.000000000e+000 5.793659638e-021 
d 1.500000000e+000 1.500000000e+000 0.000000000e+000 0.000000000e+000 0.000000000e+000 -6.391308164e-021 1.000000000e+000 1.000000000e+000 -4.715492268e-021 
d 1.750000000e+000 1.750000000e+000 0.000000000e+000 0.000000000e+000 0.000000000e+000 -6.881168476e-021 1.000000000e+000 1.000000000e+000 -5.143649035e-021 
d 2.000000000e+000 2.000000000e+000 0.000000000e+000 0.000000000e+000 0.000000000e+000 -7.416891946e-021 1.000000000e+000 1.000000000e+000 -5.528843452e-021 
d 2.250000000e+000 2.250000000e+000 0.000000000e+000 0.000000000e+000 0.000000000e+000 -8.003662382e-021 1.000000000e+000 1.000000000e+000 -5.942307687e-021 
d 2.500000000e+000 2.500000000e+000 0.000000000e+000 0.000000000e+000 0.000000000e+000 -8.647057856e-021 1.000000000e+000 1.000000000e+000 -6.391308160e-021 
d 2.750000000e+000 2.750000000e+000 0.000000000e+000 0.000000000e+000 0.000000000e+000 -9.353174886e-021 1.000000000e+000 1.000000000e+000 -6.881168475e-021 
d 3.000000000e+000 3.000000000e+000 0.000000000e+000 0.000000000e+000 0.000000000e+000 -1.012872241e-020 1.000000000e+000 1.000000000e+000 -7.416891944e-021 
