v ATLAS
# This file was created by ATLAS version 5.26.1.R on Tue Sep 14 17:54:15 2021.
#SSF 2.0 generic
##############################################################################
#                    Copyright (c) 1984 - 2018                               #
#                    Silvaco Inc. All rights reserved                        #
#                                                                            #
# This file format and the following Key are copyright Silvaco Inc.          #
# You may not use, this format or key without reproducing this message in    #
# full and obtaining express written permission from Silvaco Inc.            #
#                                                                            #
# To obtain such permission please contact: Silvaco Inc.                     #
#                                           support@silvaco.com              #
#                                                                            #
# KEY=SVC86hn7562asdx                       PROD=345                         #
##############################################################################
y 3 700 711 15
z -2e+41 2e+41 300
f 3 "gate" "source" "drain" 
p 9 2 601 20 3 602 21 4 603 22 
d 1.000000000e+01 1.000000000e+01 0.000000000e+00 0.000000000e+00 0.000000000e+00 -1.418482695e-24 -2.000000000e+01 -2.000000000e+01 -3.247880381e-29 
d 9.500000000e+00 9.500000000e+00 0.000000000e+00 0.000000000e+00 0.000000000e+00 5.731031264e-19 -2.000000000e+01 -2.000000000e+01 -1.265657367e-21 
d 9.000000000e+00 9.000000000e+00 0.000000000e+00 0.000000000e+00 0.000000000e+00 -1.210894121e-26 -2.000000000e+01 -2.000000000e+01 -5.471839597e-26 
d 8.500000000e+00 8.500000000e+00 0.000000000e+00 0.000000000e+00 0.000000000e+00 2.664153442e-32 -2.000000000e+01 -2.000000000e+01 -5.733514865e-26 
d 8.000000000e+00 8.000000000e+00 0.000000000e+00 0.000000000e+00 0.000000000e+00 5.750038749e-31 -2.000000000e+01 -2.000000000e+01 -5.862614721e-31 
d 7.500000000e+00 7.500000000e+00 0.000000000e+00 0.000000000e+00 0.000000000e+00 8.704758179e-29 -2.000000000e+01 -2.000000000e+01 -8.704569057e-29 
d 7.000000000e+00 7.000000000e+00 0.000000000e+00 0.000000000e+00 0.000000000e+00 1.164298822e-26 -2.000000000e+01 -2.000000000e+01 -1.164289632e-26 
d 6.500000000e+00 6.500000000e+00 0.000000000e+00 0.000000000e+00 0.000000000e+00 1.299545739e-24 -2.000000000e+01 -2.000000000e+01 -1.299545585e-24 
d 6.000000000e+00 6.000000000e+00 0.000000000e+00 0.000000000e+00 0.000000000e+00 1.210780345e-22 -2.000000000e+01 -2.000000000e+01 -1.210780345e-22 
d 5.500000000e+00 5.500000000e+00 0.000000000e+00 0.000000000e+00 0.000000000e+00 8.246315020e-21 -2.000000000e+01 -2.000000000e+01 -8.246314449e-21 
d 5.000000000e+00 5.000000000e+00 0.000000000e+00 0.000000000e+00 0.000000000e+00 2.513198952e-19 -2.000000000e+01 -2.000000000e+01 -2.513198183e-19 
d 4.500000000e+00 4.500000000e+00 0.000000000e+00 0.000000000e+00 0.000000000e+00 1.786282506e-18 -2.000000000e+01 -2.000000000e+01 -1.786281269e-18 
d 4.000000000e+00 4.000000000e+00 0.000000000e+00 0.000000000e+00 0.000000000e+00 5.287909588e-18 -2.000000000e+01 -2.000000000e+01 -5.287906664e-18 
d 3.500000000e+00 3.500000000e+00 0.000000000e+00 0.000000000e+00 0.000000000e+00 1.272236494e-17 -2.000000000e+01 -2.000000000e+01 -1.272235185e-17 
d 3.000000000e+00 3.000000000e+00 0.000000000e+00 0.000000000e+00 0.000000000e+00 2.783819425e-17 -2.000000000e+01 -2.000000000e+01 -2.783814991e-17 
d 2.500000000e+00 2.500000000e+00 0.000000000e+00 0.000000000e+00 0.000000000e+00 5.145874529e-17 -2.000000000e+01 -2.000000000e+01 -5.145873294e-17 
d 2.000000000e+00 2.000000000e+00 0.000000000e+00 0.000000000e+00 0.000000000e+00 8.076620796e-17 -2.000000000e+01 -2.000000000e+01 -8.076619163e-17 
d 1.500000000e+00 1.500000000e+00 0.000000000e+00 0.000000000e+00 0.000000000e+00 1.163907841e-16 -2.000000000e+01 -2.000000000e+01 -1.163907463e-16 
d 1.000000000e+00 1.000000000e+00 0.000000000e+00 0.000000000e+00 0.000000000e+00 1.600805779e-16 -2.000000000e+01 -2.000000000e+01 -1.600805265e-16 
d 5.000000000e-01 5.000000000e-01 0.000000000e+00 0.000000000e+00 0.000000000e+00 2.126560358e-16 -2.000000000e+01 -2.000000000e+01 -2.126559338e-16 
d 3.122727428e-15 3.122727428e-15 0.000000000e+00 0.000000000e+00 0.000000000e+00 2.768005130e-16 -2.000000000e+01 -2.000000000e+01 -2.768002595e-16 
d -5.000000000e-01 -5.000000000e-01 0.000000000e+00 0.000000000e+00 0.000000000e+00 3.564943931e-16 -2.000000000e+01 -2.000000000e+01 -3.564935755e-16 
d -1.000000000e+00 -1.000000000e+00 0.000000000e+00 0.000000000e+00 0.000000000e+00 4.594210434e-16 -2.000000000e+01 -2.000000000e+01 -4.594173107e-16 
d -1.500000000e+00 -1.500000000e+00 0.000000000e+00 0.000000000e+00 0.000000000e+00 6.006567902e-16 -2.000000000e+01 -2.000000000e+01 -6.006338017e-16 
d -2.000000000e+00 -2.000000000e+00 0.000000000e+00 0.000000000e+00 0.000000000e+00 7.819173026e-16 -2.000000000e+01 -2.000000000e+01 -7.818790695e-16 
d -2.500000000e+00 -2.500000000e+00 0.000000000e+00 0.000000000e+00 0.000000000e+00 9.545988976e-16 -2.000000000e+01 -2.000000000e+01 -9.545995536e-16 
d -3.000000000e+00 -3.000000000e+00 0.000000000e+00 0.000000000e+00 0.000000000e+00 1.109013465e-15 -2.000000000e+01 -2.000000000e+01 -1.109007773e-15 
d -3.500000000e+00 -3.500000000e+00 0.000000000e+00 0.000000000e+00 0.000000000e+00 1.258262332e-15 -2.000000000e+01 -2.000000000e+01 -1.258261642e-15 
d -4.000000000e+00 -4.000000000e+00 0.000000000e+00 0.000000000e+00 0.000000000e+00 1.406596379e-15 -2.000000000e+01 -2.000000000e+01 -1.406596325e-15 
d -4.500000000e+00 -4.500000000e+00 0.000000000e+00 0.000000000e+00 0.000000000e+00 1.554814586e-15 -2.000000000e+01 -2.000000000e+01 -1.554814579e-15 
d -5.000000000e+00 -5.000000000e+00 0.000000000e+00 0.000000000e+00 0.000000000e+00 1.703037670e-15 -2.000000000e+01 -2.000000000e+01 -1.703037668e-15 
d -5.500000000e+00 -5.500000000e+00 0.000000000e+00 0.000000000e+00 0.000000000e+00 1.851280227e-15 -2.000000000e+01 -2.000000000e+01 -1.851280225e-15 
d -6.000000000e+00 -6.000000000e+00 0.000000000e+00 0.000000000e+00 0.000000000e+00 1.999542388e-15 -2.000000000e+01 -2.000000000e+01 -1.999542386e-15 
d -6.500000000e+00 -6.500000000e+00 0.000000000e+00 0.000000000e+00 0.000000000e+00 2.147822682e-15 -2.000000000e+01 -2.000000000e+01 -2.147822680e-15 
d -7.000000000e+00 -7.000000000e+00 0.000000000e+00 0.000000000e+00 0.000000000e+00 2.296119652e-15 -2.000000000e+01 -2.000000000e+01 -2.296119650e-15 
d -7.500000000e+00 -7.500000000e+00 0.000000000e+00 0.000000000e+00 0.000000000e+00 2.444432016e-15 -2.000000000e+01 -2.000000000e+01 -2.444432014e-15 
d -8.000000000e+00 -8.000000000e+00 0.000000000e+00 0.000000000e+00 0.000000000e+00 2.592758648e-15 -2.000000000e+01 -2.000000000e+01 -2.592758646e-15 
d -8.500000000e+00 -8.500000000e+00 0.000000000e+00 0.000000000e+00 0.000000000e+00 2.741098554e-15 -2.000000000e+01 -2.000000000e+01 -2.741098551e-15 
d -9.000000000e+00 -9.000000000e+00 0.000000000e+00 0.000000000e+00 0.000000000e+00 2.889450844e-15 -2.000000000e+01 -2.000000000e+01 -2.889450841e-15 
d -9.500000000e+00 -9.500000000e+00 0.000000000e+00 0.000000000e+00 0.000000000e+00 3.037814718e-15 -2.000000000e+01 -2.000000000e+01 -3.037814715e-15 
d -1.000000000e+01 -1.000000000e+01 0.000000000e+00 0.000000000e+00 0.000000000e+00 3.186189448e-15 -2.000000000e+01 -2.000000000e+01 -3.186189444e-15 
d -1.050000000e+01 -1.050000000e+01 0.000000000e+00 0.000000000e+00 0.000000000e+00 3.334574368e-15 -2.000000000e+01 -2.000000000e+01 -3.334574364e-15 
d -1.100000000e+01 -1.100000000e+01 0.000000000e+00 0.000000000e+00 0.000000000e+00 3.482968867e-15 -2.000000000e+01 -2.000000000e+01 -3.482968863e-15 
d -1.150000000e+01 -1.150000000e+01 0.000000000e+00 0.000000000e+00 0.000000000e+00 3.631372378e-15 -2.000000000e+01 -2.000000000e+01 -3.631372374e-15 
d -1.200000000e+01 -1.200000000e+01 0.000000000e+00 0.000000000e+00 0.000000000e+00 3.779784379e-15 -2.000000000e+01 -2.000000000e+01 -3.779784375e-15 
d -1.250000000e+01 -1.250000000e+01 0.000000000e+00 0.000000000e+00 0.000000000e+00 3.928204381e-15 -2.000000000e+01 -2.000000000e+01 -3.928204377e-15 
d -1.300000000e+01 -1.300000000e+01 0.000000000e+00 0.000000000e+00 0.000000000e+00 4.076631930e-15 -2.000000000e+01 -2.000000000e+01 -4.076631925e-15 
d -1.350000000e+01 -1.350000000e+01 0.000000000e+00 0.000000000e+00 0.000000000e+00 4.225066600e-15 -2.000000000e+01 -2.000000000e+01 -4.225066596e-15 
d -1.400000000e+01 -1.400000000e+01 0.000000000e+00 0.000000000e+00 0.000000000e+00 4.373507994e-15 -2.000000000e+01 -2.000000000e+01 -4.373507990e-15 
d -1.450000000e+01 -1.450000000e+01 0.000000000e+00 0.000000000e+00 0.000000000e+00 4.521955737e-15 -2.000000000e+01 -2.000000000e+01 -4.521955734e-15 
d -1.500000000e+01 -1.500000000e+01 0.000000000e+00 0.000000000e+00 0.000000000e+00 4.670409477e-15 -2.000000000e+01 -2.000000000e+01 -4.670409476e-15 
d -1.550000000e+01 -1.550000000e+01 0.000000000e+00 0.000000000e+00 0.000000000e+00 4.818868882e-15 -2.000000000e+01 -2.000000000e+01 -4.818868883e-15 
d -1.600000000e+01 -1.600000000e+01 0.000000000e+00 0.000000000e+00 0.000000000e+00 4.967333636e-15 -2.000000000e+01 -2.000000000e+01 -4.967333641e-15 
d -1.650000000e+01 -1.650000000e+01 0.000000000e+00 0.000000000e+00 0.000000000e+00 5.115803439e-15 -2.000000000e+01 -2.000000000e+01 -5.115803450e-15 
d -1.700000000e+01 -1.700000000e+01 0.000000000e+00 0.000000000e+00 0.000000000e+00 5.264278003e-15 -2.000000000e+01 -2.000000000e+01 -5.264278026e-15 
d -1.750000000e+01 -1.750000000e+01 0.000000000e+00 0.000000000e+00 0.000000000e+00 5.412757053e-15 -2.000000000e+01 -2.000000000e+01 -5.412757093e-15 
d -1.800000000e+01 -1.800000000e+01 0.000000000e+00 0.000000000e+00 0.000000000e+00 5.561240319e-15 -2.000000000e+01 -2.000000000e+01 -5.561240390e-15 
d -1.850000000e+01 -1.850000000e+01 0.000000000e+00 0.000000000e+00 0.000000000e+00 5.709727538e-15 -2.000000000e+01 -2.000000000e+01 -5.709727658e-15 
d -1.900000000e+01 -1.900000000e+01 0.000000000e+00 0.000000000e+00 0.000000000e+00 5.858218446e-15 -2.000000000e+01 -2.000000000e+01 -5.858218649e-15 
d -1.950000000e+01 -1.950000000e+01 0.000000000e+00 0.000000000e+00 0.000000000e+00 6.006712771e-15 -2.000000000e+01 -2.000000000e+01 -6.006713116e-15 
d -2.000000000e+01 -2.000000000e+01 0.000000000e+00 0.000000000e+00 0.000000000e+00 6.155210228e-15 -2.000000000e+01 -2.000000000e+01 -6.155210820e-15 
d -2.050000000e+01 -2.050000000e+01 0.000000000e+00 0.000000000e+00 0.000000000e+00 6.303710494e-15 -2.000000000e+01 -2.000000000e+01 -6.303711524e-15 
d -2.100000000e+01 -2.100000000e+01 0.000000000e+00 0.000000000e+00 0.000000000e+00 6.452213155e-15 -2.000000000e+01 -2.000000000e+01 -6.452215025e-15 
d -2.150000000e+01 -2.150000000e+01 0.000000000e+00 0.000000000e+00 0.000000000e+00 6.600717460e-15 -2.000000000e+01 -2.000000000e+01 -6.600722198e-15 
d -2.200000000e+01 -2.200000000e+01 0.000000000e+00 0.000000000e+00 0.000000000e+00 6.749220404e-15 -2.000000000e+01 -2.000000000e+01 -6.749304975e-15 
d -2.250000000e+01 -2.250000000e+01 0.000000000e+00 0.000000000e+00 0.000000000e+00 6.897699972e-15 -2.000000000e+01 -2.000000000e+01 -6.897698314e-15 
d -2.300000000e+01 -2.300000000e+01 0.000000000e+00 0.000000000e+00 0.000000000e+00 7.046086930e-15 -2.000000000e+01 -2.000000000e+01 -7.046088146e-15 
d -2.350000000e+01 -2.350000000e+01 0.000000000e+00 0.000000000e+00 0.000000000e+00 7.194338820e-15 -2.000000000e+01 -2.000000000e+01 -7.194339421e-15 
d -2.400000000e+01 -2.400000000e+01 0.000000000e+00 0.000000000e+00 0.000000000e+00 7.342451784e-15 -2.000000000e+01 -2.000000000e+01 -7.342451846e-15 
d -2.450000000e+01 -2.450000000e+01 0.000000000e+00 0.000000000e+00 0.000000000e+00 7.490417501e-15 -2.000000000e+01 -2.000000000e+01 -7.490417492e-15 
d -2.500000000e+01 -2.500000000e+01 0.000000000e+00 0.000000000e+00 0.000000000e+00 7.638231068e-15 -2.000000000e+01 -2.000000000e+01 -7.638231080e-15 
d -2.550000000e+01 -2.550000000e+01 0.000000000e+00 0.000000000e+00 0.000000000e+00 7.785787543e-15 -2.000000000e+01 -2.000000000e+01 -7.785787534e-15 
d -2.600000000e+01 -2.600000000e+01 0.000000000e+00 0.000000000e+00 0.000000000e+00 7.933048072e-15 -2.000000000e+01 -2.000000000e+01 -7.933048043e-15 
d -2.650000000e+01 -2.650000000e+01 0.000000000e+00 0.000000000e+00 0.000000000e+00 8.079852771e-15 -2.000000000e+01 -2.000000000e+01 -8.079852772e-15 
d -2.700000000e+01 -2.700000000e+01 0.000000000e+00 0.000000000e+00 0.000000000e+00 8.225840385e-15 -2.000000000e+01 -2.000000000e+01 -8.225840345e-15 
d -2.750000000e+01 -2.750000000e+01 0.000000000e+00 0.000000000e+00 0.000000000e+00 8.371383345e-15 -2.000000000e+01 -2.000000000e+01 -8.371383345e-15 
d -2.800000000e+01 -2.800000000e+01 0.000000000e+00 0.000000000e+00 0.000000000e+00 8.516357608e-15 -2.000000000e+01 -2.000000000e+01 -8.516357608e-15 
d -2.850000000e+01 -2.850000000e+01 0.000000000e+00 0.000000000e+00 0.000000000e+00 8.660330278e-15 -2.000000000e+01 -2.000000000e+01 -8.660330283e-15 
d -2.900000000e+01 -2.900000000e+01 0.000000000e+00 0.000000000e+00 0.000000000e+00 8.803822636e-15 -2.000000000e+01 -2.000000000e+01 -8.803822636e-15 
d -2.950000000e+01 -2.950000000e+01 0.000000000e+00 0.000000000e+00 0.000000000e+00 8.947079242e-15 -2.000000000e+01 -2.000000000e+01 -8.947079116e-15 
d -3.000000000e+01 -3.000000000e+01 0.000000000e+00 0.000000000e+00 0.000000000e+00 9.089781752e-15 -2.000000000e+01 -2.000000000e+01 -9.089781737e-15 
d -3.050000000e+01 -3.050000000e+01 0.000000000e+00 0.000000000e+00 0.000000000e+00 9.231395343e-15 -2.000000000e+01 -2.000000000e+01 -9.231395343e-15 
d -3.100000000e+01 -3.100000000e+01 0.000000000e+00 0.000000000e+00 0.000000000e+00 9.372466320e-15 -2.000000000e+01 -2.000000000e+01 -9.372466320e-15 
d -3.150000000e+01 -3.150000000e+01 0.000000000e+00 0.000000000e+00 0.000000000e+00 9.513320494e-15 -2.000000000e+01 -2.000000000e+01 -9.513320494e-15 
d -3.200000000e+01 -3.200000000e+01 0.000000000e+00 0.000000000e+00 0.000000000e+00 9.654040310e-15 -2.000000000e+01 -2.000000000e+01 -9.654040310e-15 
d -3.250000000e+01 -3.250000000e+01 0.000000000e+00 0.000000000e+00 0.000000000e+00 9.794519399e-15 -2.000000000e+01 -2.000000000e+01 -9.794519399e-15 
d -3.300000000e+01 -3.300000000e+01 0.000000000e+00 0.000000000e+00 0.000000000e+00 9.934050993e-15 -2.000000000e+01 -2.000000000e+01 -9.934050993e-15 
d -3.350000000e+01 -3.350000000e+01 0.000000000e+00 0.000000000e+00 0.000000000e+00 1.007259751e-14 -2.000000000e+01 -2.000000000e+01 -1.007259751e-14 
d -3.400000000e+01 -3.400000000e+01 0.000000000e+00 0.000000000e+00 0.000000000e+00 1.021074813e-14 -2.000000000e+01 -2.000000000e+01 -1.021074813e-14 
d -3.450000000e+01 -3.450000000e+01 0.000000000e+00 0.000000000e+00 0.000000000e+00 1.034872387e-14 -2.000000000e+01 -2.000000000e+01 -1.034872387e-14 
d -3.500000000e+01 -3.500000000e+01 0.000000000e+00 0.000000000e+00 0.000000000e+00 1.048659818e-14 -2.000000000e+01 -2.000000000e+01 -1.048659818e-14 
d -3.550000000e+01 -3.550000000e+01 0.000000000e+00 0.000000000e+00 0.000000000e+00 1.062439683e-14 -2.000000000e+01 -2.000000000e+01 -1.062439684e-14 
d -3.600000000e+01 -3.600000000e+01 0.000000000e+00 0.000000000e+00 0.000000000e+00 1.076211191e-14 -2.000000000e+01 -2.000000000e+01 -1.076211191e-14 
d -3.650000000e+01 -3.650000000e+01 0.000000000e+00 0.000000000e+00 0.000000000e+00 1.089956873e-14 -2.000000000e+01 -2.000000000e+01 -1.089956873e-14 
d -3.700000000e+01 -3.700000000e+01 0.000000000e+00 0.000000000e+00 0.000000000e+00 1.103600226e-14 -2.000000000e+01 -2.000000000e+01 -1.103600226e-14 
d -3.750000000e+01 -3.750000000e+01 0.000000000e+00 0.000000000e+00 0.000000000e+00 1.117138384e-14 -2.000000000e+01 -2.000000000e+01 -1.117138384e-14 
d -3.800000000e+01 -3.800000000e+01 0.000000000e+00 0.000000000e+00 0.000000000e+00 1.130631859e-14 -2.000000000e+01 -2.000000000e+01 -1.130631859e-14 
d -3.850000000e+01 -3.850000000e+01 0.000000000e+00 0.000000000e+00 0.000000000e+00 1.144105475e-14 -2.000000000e+01 -2.000000000e+01 -1.144105475e-14 
d -3.900000000e+01 -3.900000000e+01 0.000000000e+00 0.000000000e+00 0.000000000e+00 1.157568169e-14 -2.000000000e+01 -2.000000000e+01 -1.157568169e-14 
d -3.950000000e+01 -3.950000000e+01 0.000000000e+00 0.000000000e+00 0.000000000e+00 1.171023816e-14 -2.000000000e+01 -2.000000000e+01 -1.171023816e-14 
d -4.000000000e+01 -4.000000000e+01 0.000000000e+00 0.000000000e+00 0.000000000e+00 1.184474313e-14 -2.000000000e+01 -2.000000000e+01 -1.184474313e-14 
d -4.050000000e+01 -4.050000000e+01 0.000000000e+00 0.000000000e+00 0.000000000e+00 1.197920593e-14 -2.000000000e+01 -2.000000000e+01 -1.197920593e-14 
d -4.100000000e+01 -4.100000000e+01 0.000000000e+00 0.000000000e+00 0.000000000e+00 1.211362942e-14 -2.000000000e+01 -2.000000000e+01 -1.211362942e-14 
d -4.150000000e+01 -4.150000000e+01 0.000000000e+00 0.000000000e+00 0.000000000e+00 1.224800867e-14 -2.000000000e+01 -2.000000000e+01 -1.224800867e-14 
d -4.200000000e+01 -4.200000000e+01 0.000000000e+00 0.000000000e+00 0.000000000e+00 1.238231307e-14 -2.000000000e+01 -2.000000000e+01 -1.238231307e-14 
d -4.250000000e+01 -4.250000000e+01 0.000000000e+00 0.000000000e+00 0.000000000e+00 1.251631824e-14 -2.000000000e+01 -2.000000000e+01 -1.251631824e-14 
d -4.300000000e+01 -4.300000000e+01 0.000000000e+00 0.000000000e+00 0.000000000e+00 1.264923279e-14 -2.000000000e+01 -2.000000000e+01 -1.264923279e-14 
d -4.350000000e+01 -4.350000000e+01 0.000000000e+00 0.000000000e+00 0.000000000e+00 1.278101256e-14 -2.000000000e+01 -2.000000000e+01 -1.278101256e-14 
d -4.400000000e+01 -4.400000000e+01 0.000000000e+00 0.000000000e+00 0.000000000e+00 1.291226952e-14 -2.000000000e+01 -2.000000000e+01 -1.291226952e-14 
d -4.450000000e+01 -4.450000000e+01 0.000000000e+00 0.000000000e+00 0.000000000e+00 1.304328750e-14 -2.000000000e+01 -2.000000000e+01 -1.304328750e-14 
d -4.500000000e+01 -4.500000000e+01 0.000000000e+00 0.000000000e+00 0.000000000e+00 1.317417572e-14 -2.000000000e+01 -2.000000000e+01 -1.317417572e-14 
d -4.550000000e+01 -4.550000000e+01 0.000000000e+00 0.000000000e+00 0.000000000e+00 1.330498348e-14 -2.000000000e+01 -2.000000000e+01 -1.330498348e-14 
d -4.600000000e+01 -4.600000000e+01 0.000000000e+00 0.000000000e+00 0.000000000e+00 1.343573633e-14 -2.000000000e+01 -2.000000000e+01 -1.343573633e-14 
d -4.650000000e+01 -4.650000000e+01 0.000000000e+00 0.000000000e+00 0.000000000e+00 1.356644891e-14 -2.000000000e+01 -2.000000000e+01 -1.356644891e-14 
d -4.700000000e+01 -4.700000000e+01 0.000000000e+00 0.000000000e+00 0.000000000e+00 1.369713018e-14 -2.000000000e+01 -2.000000000e+01 -1.369713018e-14 
d -4.750000000e+01 -4.750000000e+01 0.000000000e+00 0.000000000e+00 0.000000000e+00 1.382778581e-14 -2.000000000e+01 -2.000000000e+01 -1.382778581e-14 
d -4.800000000e+01 -4.800000000e+01 0.000000000e+00 0.000000000e+00 0.000000000e+00 1.395841943e-14 -2.000000000e+01 -2.000000000e+01 -1.395841943e-14 
d -4.850000000e+01 -4.850000000e+01 0.000000000e+00 0.000000000e+00 0.000000000e+00 1.408903318e-14 -2.000000000e+01 -2.000000000e+01 -1.408903318e-14 
d -4.900000000e+01 -4.900000000e+01 0.000000000e+00 0.000000000e+00 0.000000000e+00 1.421962801e-14 -2.000000000e+01 -2.000000000e+01 -1.421962801e-14 
d -4.950000000e+01 -4.950000000e+01 0.000000000e+00 0.000000000e+00 0.000000000e+00 1.435020367e-14 -2.000000000e+01 -2.000000000e+01 -1.435020367e-14 
d -5.000000000e+01 -5.000000000e+01 0.000000000e+00 0.000000000e+00 0.000000000e+00 1.448075829e-14 -2.000000000e+01 -2.000000000e+01 -1.448075829e-14 
d -5.050000000e+01 -5.050000000e+01 0.000000000e+00 0.000000000e+00 0.000000000e+00 1.461128742e-14 -2.000000000e+01 -2.000000000e+01 -1.461128742e-14 
d -5.100000000e+01 -5.100000000e+01 0.000000000e+00 0.000000000e+00 0.000000000e+00 1.474178058e-14 -2.000000000e+01 -2.000000000e+01 -1.474178058e-14 
d -5.150000000e+01 -5.150000000e+01 0.000000000e+00 0.000000000e+00 0.000000000e+00 1.487220327e-14 -2.000000000e+01 -2.000000000e+01 -1.487220327e-14 
d -5.200000000e+01 -5.200000000e+01 0.000000000e+00 0.000000000e+00 0.000000000e+00 1.500236530e-14 -2.000000000e+01 -2.000000000e+01 -1.500236530e-14 
d -5.250000000e+01 -5.250000000e+01 0.000000000e+00 0.000000000e+00 0.000000000e+00 1.513154936e-14 -2.000000000e+01 -2.000000000e+01 -1.513154936e-14 
d -5.300000000e+01 -5.300000000e+01 0.000000000e+00 0.000000000e+00 0.000000000e+00 1.525940881e-14 -2.000000000e+01 -2.000000000e+01 -1.525940881e-14 
d -5.350000000e+01 -5.350000000e+01 0.000000000e+00 0.000000000e+00 0.000000000e+00 1.538652322e-14 -2.000000000e+01 -2.000000000e+01 -1.538652322e-14 
d -5.400000000e+01 -5.400000000e+01 0.000000000e+00 0.000000000e+00 0.000000000e+00 1.551328460e-14 -2.000000000e+01 -2.000000000e+01 -1.551328460e-14 
d -5.450000000e+01 -5.450000000e+01 0.000000000e+00 0.000000000e+00 0.000000000e+00 1.563985685e-14 -2.000000000e+01 -2.000000000e+01 -1.563985685e-14 
d -5.500000000e+01 -5.500000000e+01 0.000000000e+00 0.000000000e+00 0.000000000e+00 1.576631459e-14 -2.000000000e+01 -2.000000000e+01 -1.576631459e-14 
d -5.550000000e+01 -5.550000000e+01 0.000000000e+00 0.000000000e+00 0.000000000e+00 1.589269638e-14 -2.000000000e+01 -2.000000000e+01 -1.589269638e-14 
d -5.600000000e+01 -5.600000000e+01 0.000000000e+00 0.000000000e+00 0.000000000e+00 1.601902434e-14 -2.000000000e+01 -2.000000000e+01 -1.601902434e-14 
d -5.650000000e+01 -5.650000000e+01 0.000000000e+00 0.000000000e+00 0.000000000e+00 1.614531224e-14 -2.000000000e+01 -2.000000000e+01 -1.614531224e-14 
d -5.700000000e+01 -5.700000000e+01 0.000000000e+00 0.000000000e+00 0.000000000e+00 1.627156912e-14 -2.000000000e+01 -2.000000000e+01 -1.627156912e-14 
d -5.750000000e+01 -5.750000000e+01 0.000000000e+00 0.000000000e+00 0.000000000e+00 1.639780126e-14 -2.000000000e+01 -2.000000000e+01 -1.639780126e-14 
d -5.800000000e+01 -5.800000000e+01 0.000000000e+00 0.000000000e+00 0.000000000e+00 1.652401314e-14 -2.000000000e+01 -2.000000000e+01 -1.652401314e-14 
d -5.850000000e+01 -5.850000000e+01 0.000000000e+00 0.000000000e+00 0.000000000e+00 1.665020806e-14 -2.000000000e+01 -2.000000000e+01 -1.665020806e-14 
d -5.900000000e+01 -5.900000000e+01 0.000000000e+00 0.000000000e+00 0.000000000e+00 1.677638851e-14 -2.000000000e+01 -2.000000000e+01 -1.677638851e-14 
d -5.950000000e+01 -5.950000000e+01 0.000000000e+00 0.000000000e+00 0.000000000e+00 1.690255641e-14 -2.000000000e+01 -2.000000000e+01 -1.690255641e-14 
d -6.000000000e+01 -6.000000000e+01 0.000000000e+00 0.000000000e+00 0.000000000e+00 1.702871322e-14 -2.000000000e+01 -2.000000000e+01 -1.702871322e-14 
