v ATLAS
# This file was created by ATLAS version 5.26.1.R on Tue Sep 14 17:12:31 2021.
#SSF 2.0 generic
##############################################################################
#                    Copyright (c) 1984 - 2018                               #
#                    Silvaco Inc. All rights reserved                        #
#                                                                            #
# This file format and the following Key are copyright Silvaco Inc.          #
# You may not use, this format or key without reproducing this message in    #
# full and obtaining express written permission from Silvaco Inc.            #
#                                                                            #
# To obtain such permission please contact: Silvaco Inc.                     #
#                                           support@silvaco.com              #
#                                                                            #
# KEY=SVC86hn7562asdx                       PROD=345                         #
##############################################################################
y 3 700 711 15
z -2e+41 2e+41 300
f 3 "gate" "source" "drain" 
p 9 2 601 20 3 602 21 4 603 22 
d 0.000000000e+00 0.000000000e+00 0.000000000e+00 0.000000000e+00 0.000000000e+00 2.474844462e-16 -2.000000000e+01 -2.000000000e+01 -2.474844462e-16 
d -5.000000000e-01 -5.000000000e-01 0.000000000e+00 0.000000000e+00 0.000000000e+00 3.258865468e-16 -2.000000000e+01 -2.000000000e+01 -3.173197558e-16 
d -1.000000000e+00 -1.000000000e+00 0.000000000e+00 0.000000000e+00 0.000000000e+00 4.381189657e-16 -2.000000000e+01 -2.000000000e+01 -4.364800317e-16 
d -1.500000000e+00 -1.500000000e+00 0.000000000e+00 0.000000000e+00 0.000000000e+00 5.638380194e-16 -2.000000000e+01 -2.000000000e+01 -5.638791144e-16 
d -2.000000000e+00 -2.000000000e+00 0.000000000e+00 0.000000000e+00 0.000000000e+00 6.901225830e-16 -2.000000000e+01 -2.000000000e+01 -6.900940762e-16 
d -2.500000000e+00 -2.500000000e+00 0.000000000e+00 0.000000000e+00 0.000000000e+00 8.166778293e-16 -2.000000000e+01 -2.000000000e+01 -8.166667563e-16 
d -3.000000000e+00 -3.000000000e+00 0.000000000e+00 0.000000000e+00 0.000000000e+00 9.445702467e-16 -2.000000000e+01 -2.000000000e+01 -9.445700600e-16 
d -3.500000000e+00 -3.500000000e+00 0.000000000e+00 0.000000000e+00 0.000000000e+00 1.073681598e-15 -2.000000000e+01 -2.000000000e+01 -1.073681296e-15 
d -4.000000000e+00 -4.000000000e+00 0.000000000e+00 0.000000000e+00 0.000000000e+00 1.203780589e-15 -2.000000000e+01 -2.000000000e+01 -1.203780364e-15 
d -4.500000000e+00 -4.500000000e+00 0.000000000e+00 0.000000000e+00 0.000000000e+00 1.334740226e-15 -2.000000000e+01 -2.000000000e+01 -1.334739983e-15 
d -5.000000000e+00 -5.000000000e+00 0.000000000e+00 0.000000000e+00 0.000000000e+00 1.466457194e-15 -2.000000000e+01 -2.000000000e+01 -1.466456930e-15 
d -5.500000000e+00 -5.500000000e+00 0.000000000e+00 0.000000000e+00 0.000000000e+00 1.598855524e-15 -2.000000000e+01 -2.000000000e+01 -1.598855236e-15 
d -6.000000000e+00 -6.000000000e+00 0.000000000e+00 0.000000000e+00 0.000000000e+00 1.731871586e-15 -2.000000000e+01 -2.000000000e+01 -1.731871269e-15 
d -6.500000000e+00 -6.500000000e+00 0.000000000e+00 0.000000000e+00 0.000000000e+00 1.865450377e-15 -2.000000000e+01 -2.000000000e+01 -1.865450028e-15 
d -7.000000000e+00 -7.000000000e+00 0.000000000e+00 0.000000000e+00 0.000000000e+00 1.999543028e-15 -2.000000000e+01 -2.000000000e+01 -1.999542641e-15 
d -7.500000000e+00 -7.500000000e+00 0.000000000e+00 0.000000000e+00 0.000000000e+00 2.134105798e-15 -2.000000000e+01 -2.000000000e+01 -2.134105368e-15 
d -8.000000000e+00 -8.000000000e+00 0.000000000e+00 0.000000000e+00 0.000000000e+00 2.269099454e-15 -2.000000000e+01 -2.000000000e+01 -2.269098972e-15 
d -8.500000000e+00 -8.500000000e+00 0.000000000e+00 0.000000000e+00 0.000000000e+00 2.404488796e-15 -2.000000000e+01 -2.000000000e+01 -2.404488252e-15 
d -9.000000000e+00 -9.000000000e+00 0.000000000e+00 0.000000000e+00 0.000000000e+00 2.540242230e-15 -2.000000000e+01 -2.000000000e+01 -2.540241612e-15 
d -9.500000000e+00 -9.500000000e+00 0.000000000e+00 0.000000000e+00 0.000000000e+00 2.676331358e-15 -2.000000000e+01 -2.000000000e+01 -2.676330649e-15 
d -1.000000000e+01 -1.000000000e+01 0.000000000e+00 0.000000000e+00 0.000000000e+00 2.812730591e-15 -2.000000000e+01 -2.000000000e+01 -2.812729772e-15 
d -1.050000000e+01 -1.050000000e+01 0.000000000e+00 0.000000000e+00 0.000000000e+00 2.949416799e-15 -2.000000000e+01 -2.000000000e+01 -2.949415842e-15 
d -1.100000000e+01 -1.100000000e+01 0.000000000e+00 0.000000000e+00 0.000000000e+00 3.086368986e-15 -2.000000000e+01 -2.000000000e+01 -3.086367856e-15 
d -1.150000000e+01 -1.150000000e+01 0.000000000e+00 0.000000000e+00 0.000000000e+00 3.223568010e-15 -2.000000000e+01 -2.000000000e+01 -3.223566660e-15 
d -1.200000000e+01 -1.200000000e+01 0.000000000e+00 0.000000000e+00 0.000000000e+00 3.360996327e-15 -2.000000000e+01 -2.000000000e+01 -3.360994692e-15 
d -1.250000000e+01 -1.250000000e+01 0.000000000e+00 0.000000000e+00 0.000000000e+00 3.498637770e-15 -2.000000000e+01 -2.000000000e+01 -3.498635761e-15 
d -1.300000000e+01 -1.300000000e+01 0.000000000e+00 0.000000000e+00 0.000000000e+00 3.636477342e-15 -2.000000000e+01 -2.000000000e+01 -3.636474833e-15 
d -1.350000000e+01 -1.350000000e+01 0.000000000e+00 0.000000000e+00 0.000000000e+00 3.774501040e-15 -2.000000000e+01 -2.000000000e+01 -3.774497852e-15 
d -1.400000000e+01 -1.400000000e+01 0.000000000e+00 0.000000000e+00 0.000000000e+00 3.912695681e-15 -2.000000000e+01 -2.000000000e+01 -3.912691550e-15 
d -1.450000000e+01 -1.450000000e+01 0.000000000e+00 0.000000000e+00 0.000000000e+00 4.051048740e-15 -2.000000000e+01 -2.000000000e+01 -4.051043272e-15 
d -1.500000000e+01 -1.500000000e+01 0.000000000e+00 0.000000000e+00 0.000000000e+00 4.189548191e-15 -2.000000000e+01 -2.000000000e+01 -4.189540781e-15 
d -1.550000000e+01 -1.550000000e+01 0.000000000e+00 0.000000000e+00 0.000000000e+00 4.328182337e-15 -2.000000000e+01 -2.000000000e+01 -4.328172031e-15 
d -1.600000000e+01 -1.600000000e+01 0.000000000e+00 0.000000000e+00 0.000000000e+00 4.466939627e-15 -2.000000000e+01 -2.000000000e+01 -4.466924874e-15 
d -1.650000000e+01 -1.650000000e+01 0.000000000e+00 0.000000000e+00 0.000000000e+00 4.605808439e-15 -2.000000000e+01 -2.000000000e+01 -4.605786634e-15 
d -1.700000000e+01 -1.700000000e+01 0.000000000e+00 0.000000000e+00 0.000000000e+00 4.744776817e-15 -2.000000000e+01 -2.000000000e+01 -4.744743426e-15 
d -1.750000000e+01 -1.750000000e+01 0.000000000e+00 0.000000000e+00 0.000000000e+00 4.883832114e-15 -2.000000000e+01 -2.000000000e+01 -4.883778952e-15 
d -1.800000000e+01 -1.800000000e+01 0.000000000e+00 0.000000000e+00 0.000000000e+00 5.022960500e-15 -2.000000000e+01 -2.000000000e+01 -5.022872174e-15 
d -1.850000000e+01 -1.850000000e+01 0.000000000e+00 0.000000000e+00 0.000000000e+00 5.162146223e-15 -2.000000000e+01 -2.000000000e+01 -5.161992498e-15 
d -1.900000000e+01 -1.900000000e+01 0.000000000e+00 0.000000000e+00 0.000000000e+00 5.301370423e-15 -2.000000000e+01 -2.000000000e+01 -5.301088922e-15 
d -1.950000000e+01 -1.950000000e+01 0.000000000e+00 0.000000000e+00 0.000000000e+00 5.440609068e-15 -2.000000000e+01 -2.000000000e+01 -5.440063608e-15 
d -2.000000000e+01 -2.000000000e+01 0.000000000e+00 0.000000000e+00 0.000000000e+00 5.579828947e-15 -2.000000000e+01 -2.000000000e+01 -5.578701364e-15 
d -2.050000000e+01 -2.050000000e+01 0.000000000e+00 0.000000000e+00 0.000000000e+00 5.718978179e-15 -2.000000000e+01 -2.000000000e+01 -5.716461286e-15 
d -2.100000000e+01 -2.100000000e+01 0.000000000e+00 0.000000000e+00 0.000000000e+00 5.857953682e-15 -2.000000000e+01 -2.000000000e+01 -5.851814624e-15 
d -2.150000000e+01 -2.150000000e+01 0.000000000e+00 0.000000000e+00 0.000000000e+00 5.996550196e-15 -2.000000000e+01 -2.000000000e+01 -5.995505820e-15 
d -2.200000000e+01 -2.200000000e+01 0.000000000e+00 0.000000000e+00 0.000000000e+00 6.134835278e-15 -2.000000000e+01 -2.000000000e+01 -6.134523706e-15 
d -2.250000000e+01 -2.250000000e+01 0.000000000e+00 0.000000000e+00 0.000000000e+00 6.272867640e-15 -2.000000000e+01 -2.000000000e+01 -6.272859254e-15 
d -2.300000000e+01 -2.300000000e+01 0.000000000e+00 0.000000000e+00 0.000000000e+00 6.410666495e-15 -2.000000000e+01 -2.000000000e+01 -6.410667319e-15 
d -2.350000000e+01 -2.350000000e+01 0.000000000e+00 0.000000000e+00 0.000000000e+00 6.548215882e-15 -2.000000000e+01 -2.000000000e+01 -6.548848723e-15 
d -2.400000000e+01 -2.400000000e+01 0.000000000e+00 0.000000000e+00 0.000000000e+00 6.685464087e-15 -2.000000000e+01 -2.000000000e+01 -6.686020735e-15 
d -2.450000000e+01 -2.450000000e+01 0.000000000e+00 0.000000000e+00 0.000000000e+00 6.822363068e-15 -2.000000000e+01 -2.000000000e+01 -6.822724849e-15 
d -2.500000000e+01 -2.500000000e+01 0.000000000e+00 0.000000000e+00 0.000000000e+00 6.958843057e-15 -2.000000000e+01 -2.000000000e+01 -6.959085636e-15 
d -2.550000000e+01 -2.550000000e+01 0.000000000e+00 0.000000000e+00 0.000000000e+00 7.094856207e-15 -2.000000000e+01 -2.000000000e+01 -7.094938129e-15 
d -2.600000000e+01 -2.600000000e+01 0.000000000e+00 0.000000000e+00 0.000000000e+00 7.230345056e-15 -2.000000000e+01 -2.000000000e+01 -7.230349397e-15 
d -2.650000000e+01 -2.650000000e+01 0.000000000e+00 0.000000000e+00 0.000000000e+00 7.365260441e-15 -2.000000000e+01 -2.000000000e+01 -7.365213974e-15 
d -2.700000000e+01 -2.700000000e+01 0.000000000e+00 0.000000000e+00 0.000000000e+00 7.499567549e-15 -2.000000000e+01 -2.000000000e+01 -7.499499733e-15 
d -2.750000000e+01 -2.750000000e+01 0.000000000e+00 0.000000000e+00 0.000000000e+00 7.633242380e-15 -2.000000000e+01 -2.000000000e+01 -7.633173586e-15 
d -2.800000000e+01 -2.800000000e+01 0.000000000e+00 0.000000000e+00 0.000000000e+00 7.766271075e-15 -2.000000000e+01 -2.000000000e+01 -7.766211231e-15 
d -2.850000000e+01 -2.850000000e+01 0.000000000e+00 0.000000000e+00 0.000000000e+00 7.898647835e-15 -2.000000000e+01 -2.000000000e+01 -7.898599868e-15 
d -2.900000000e+01 -2.900000000e+01 0.000000000e+00 0.000000000e+00 0.000000000e+00 8.030373265e-15 -2.000000000e+01 -2.000000000e+01 -8.030336578e-15 
d -2.950000000e+01 -2.950000000e+01 0.000000000e+00 0.000000000e+00 0.000000000e+00 8.161452506e-15 -2.000000000e+01 -2.000000000e+01 -8.161425173e-15 
d -3.000000000e+01 -3.000000000e+01 0.000000000e+00 0.000000000e+00 0.000000000e+00 8.291893813e-15 -2.000000000e+01 -2.000000000e+01 -8.291873723e-15 
d -3.050000000e+01 -3.050000000e+01 0.000000000e+00 0.000000000e+00 0.000000000e+00 8.421707440e-15 -2.000000000e+01 -2.000000000e+01 -8.421692759e-15 
d -3.100000000e+01 -3.100000000e+01 0.000000000e+00 0.000000000e+00 0.000000000e+00 8.550904853e-15 -2.000000000e+01 -2.000000000e+01 -8.550894132e-15 
d -3.150000000e+01 -3.150000000e+01 0.000000000e+00 0.000000000e+00 0.000000000e+00 8.679498156e-15 -2.000000000e+01 -2.000000000e+01 -8.679490309e-15 
d -3.200000000e+01 -3.200000000e+01 0.000000000e+00 0.000000000e+00 0.000000000e+00 8.807499691e-15 -2.000000000e+01 -2.000000000e+01 -8.807493924e-15 
d -3.250000000e+01 -3.250000000e+01 0.000000000e+00 0.000000000e+00 0.000000000e+00 8.934921787e-15 -2.000000000e+01 -2.000000000e+01 -8.934917527e-15 
d -3.300000000e+01 -3.300000000e+01 0.000000000e+00 0.000000000e+00 0.000000000e+00 9.061776539e-15 -2.000000000e+01 -2.000000000e+01 -9.061773375e-15 
d -3.350000000e+01 -3.350000000e+01 0.000000000e+00 0.000000000e+00 0.000000000e+00 9.188075705e-15 -2.000000000e+01 -2.000000000e+01 -9.188073341e-15 
d -3.400000000e+01 -3.400000000e+01 0.000000000e+00 0.000000000e+00 0.000000000e+00 9.313830636e-15 -2.000000000e+01 -2.000000000e+01 -9.313828861e-15 
d -3.450000000e+01 -3.450000000e+01 0.000000000e+00 0.000000000e+00 0.000000000e+00 9.439052211e-15 -2.000000000e+01 -2.000000000e+01 -9.439050871e-15 
d -3.500000000e+01 -3.500000000e+01 0.000000000e+00 0.000000000e+00 0.000000000e+00 9.563750818e-15 -2.000000000e+01 -2.000000000e+01 -9.563749801e-15 
d -3.550000000e+01 -3.550000000e+01 0.000000000e+00 0.000000000e+00 0.000000000e+00 9.687936351e-15 -2.000000000e+01 -2.000000000e+01 -9.687935577e-15 
d -3.600000000e+01 -3.600000000e+01 0.000000000e+00 0.000000000e+00 0.000000000e+00 9.811618196e-15 -2.000000000e+01 -2.000000000e+01 -9.811617604e-15 
d -3.650000000e+01 -3.650000000e+01 0.000000000e+00 0.000000000e+00 0.000000000e+00 9.934805251e-15 -2.000000000e+01 -2.000000000e+01 -9.934804798e-15 
d -3.700000000e+01 -3.700000000e+01 0.000000000e+00 0.000000000e+00 0.000000000e+00 1.005750593e-14 -2.000000000e+01 -2.000000000e+01 -1.005750558e-14 
d -3.750000000e+01 -3.750000000e+01 0.000000000e+00 0.000000000e+00 0.000000000e+00 1.017972817e-14 -2.000000000e+01 -2.000000000e+01 -1.017972790e-14 
d -3.800000000e+01 -3.800000000e+01 0.000000000e+00 0.000000000e+00 0.000000000e+00 1.030147946e-14 -2.000000000e+01 -2.000000000e+01 -1.030147926e-14 
d -3.850000000e+01 -3.850000000e+01 0.000000000e+00 0.000000000e+00 0.000000000e+00 1.042276686e-14 -2.000000000e+01 -2.000000000e+01 -1.042276671e-14 
d -3.900000000e+01 -3.900000000e+01 0.000000000e+00 0.000000000e+00 0.000000000e+00 1.054359700e-14 -2.000000000e+01 -2.000000000e+01 -1.054359689e-14 
d -3.950000000e+01 -3.950000000e+01 0.000000000e+00 0.000000000e+00 0.000000000e+00 1.066397310e-14 -2.000000000e+01 -2.000000000e+01 -1.066397310e-14 
d -4.000000000e+01 -4.000000000e+01 0.000000000e+00 0.000000000e+00 0.000000000e+00 1.078390703e-14 -2.000000000e+01 -2.000000000e+01 -1.078390703e-14 
d -4.050000000e+01 -4.050000000e+01 0.000000000e+00 0.000000000e+00 0.000000000e+00 1.090340124e-14 -2.000000000e+01 -2.000000000e+01 -1.090340124e-14 
d -4.100000000e+01 -4.100000000e+01 0.000000000e+00 0.000000000e+00 0.000000000e+00 1.102246083e-14 -2.000000000e+01 -2.000000000e+01 -1.102246083e-14 
d -4.150000000e+01 -4.150000000e+01 0.000000000e+00 0.000000000e+00 0.000000000e+00 1.114109057e-14 -2.000000000e+01 -2.000000000e+01 -1.114109057e-14 
d -4.200000000e+01 -4.200000000e+01 0.000000000e+00 0.000000000e+00 0.000000000e+00 1.125929489e-14 -2.000000000e+01 -2.000000000e+01 -1.125929489e-14 
d -4.250000000e+01 -4.250000000e+01 0.000000000e+00 0.000000000e+00 0.000000000e+00 1.137707788e-14 -2.000000000e+01 -2.000000000e+01 -1.137707788e-14 
d -4.300000000e+01 -4.300000000e+01 0.000000000e+00 0.000000000e+00 0.000000000e+00 1.149444336e-14 -2.000000000e+01 -2.000000000e+01 -1.149444336e-14 
d -4.350000000e+01 -4.350000000e+01 0.000000000e+00 0.000000000e+00 0.000000000e+00 1.161139482e-14 -2.000000000e+01 -2.000000000e+01 -1.161139482e-14 
d -4.400000000e+01 -4.400000000e+01 0.000000000e+00 0.000000000e+00 0.000000000e+00 1.172793547e-14 -2.000000000e+01 -2.000000000e+01 -1.172793547e-14 
d -4.450000000e+01 -4.450000000e+01 0.000000000e+00 0.000000000e+00 0.000000000e+00 1.184406824e-14 -2.000000000e+01 -2.000000000e+01 -1.184406824e-14 
d -4.500000000e+01 -4.500000000e+01 0.000000000e+00 0.000000000e+00 0.000000000e+00 1.195979577e-14 -2.000000000e+01 -2.000000000e+01 -1.195979577e-14 
d -4.550000000e+01 -4.550000000e+01 0.000000000e+00 0.000000000e+00 0.000000000e+00 1.207512045e-14 -2.000000000e+01 -2.000000000e+01 -1.207512045e-14 
d -4.600000000e+01 -4.600000000e+01 0.000000000e+00 0.000000000e+00 0.000000000e+00 1.219004440e-14 -2.000000000e+01 -2.000000000e+01 -1.219004440e-14 
d -4.650000000e+01 -4.650000000e+01 0.000000000e+00 0.000000000e+00 0.000000000e+00 1.230456947e-14 -2.000000000e+01 -2.000000000e+01 -1.230456947e-14 
d -4.700000000e+01 -4.700000000e+01 0.000000000e+00 0.000000000e+00 0.000000000e+00 1.241869727e-14 -2.000000000e+01 -2.000000000e+01 -1.241869727e-14 
d -4.750000000e+01 -4.750000000e+01 0.000000000e+00 0.000000000e+00 0.000000000e+00 1.253242916e-14 -2.000000000e+01 -2.000000000e+01 -1.253242916e-14 
d -4.800000000e+01 -4.800000000e+01 0.000000000e+00 0.000000000e+00 0.000000000e+00 1.264576624e-14 -2.000000000e+01 -2.000000000e+01 -1.264576624e-14 
d -4.850000000e+01 -4.850000000e+01 0.000000000e+00 0.000000000e+00 0.000000000e+00 1.275870938e-14 -2.000000000e+01 -2.000000000e+01 -1.275870938e-14 
d -4.900000000e+01 -4.900000000e+01 0.000000000e+00 0.000000000e+00 0.000000000e+00 1.287125919e-14 -2.000000000e+01 -2.000000000e+01 -1.287125919e-14 
d -4.950000000e+01 -4.950000000e+01 0.000000000e+00 0.000000000e+00 0.000000000e+00 1.298341605e-14 -2.000000000e+01 -2.000000000e+01 -1.298341605e-14 
d -5.000000000e+01 -5.000000000e+01 0.000000000e+00 0.000000000e+00 0.000000000e+00 1.309518009e-14 -2.000000000e+01 -2.000000000e+01 -1.309518009e-14 
d -5.050000000e+01 -5.050000000e+01 0.000000000e+00 0.000000000e+00 0.000000000e+00 1.320655119e-14 -2.000000000e+01 -2.000000000e+01 -1.320655119e-14 
d -5.100000000e+01 -5.100000000e+01 0.000000000e+00 0.000000000e+00 0.000000000e+00 1.331752900e-14 -2.000000000e+01 -2.000000000e+01 -1.331752900e-14 
d -5.150000000e+01 -5.150000000e+01 0.000000000e+00 0.000000000e+00 0.000000000e+00 1.342811290e-14 -2.000000000e+01 -2.000000000e+01 -1.342811290e-14 
d -5.200000000e+01 -5.200000000e+01 0.000000000e+00 0.000000000e+00 0.000000000e+00 1.353830203e-14 -2.000000000e+01 -2.000000000e+01 -1.353830203e-14 
d -5.250000000e+01 -5.250000000e+01 0.000000000e+00 0.000000000e+00 0.000000000e+00 1.364809528e-14 -2.000000000e+01 -2.000000000e+01 -1.364809528e-14 
d -5.300000000e+01 -5.300000000e+01 0.000000000e+00 0.000000000e+00 0.000000000e+00 1.375749127e-14 -2.000000000e+01 -2.000000000e+01 -1.375749127e-14 
d -5.350000000e+01 -5.350000000e+01 0.000000000e+00 0.000000000e+00 0.000000000e+00 1.386648836e-14 -2.000000000e+01 -2.000000000e+01 -1.386648836e-14 
d -5.400000000e+01 -5.400000000e+01 0.000000000e+00 0.000000000e+00 0.000000000e+00 1.397508464e-14 -2.000000000e+01 -2.000000000e+01 -1.397508464e-14 
d -5.450000000e+01 -5.450000000e+01 0.000000000e+00 0.000000000e+00 0.000000000e+00 1.408327791e-14 -2.000000000e+01 -2.000000000e+01 -1.408327791e-14 
d -5.500000000e+01 -5.500000000e+01 0.000000000e+00 0.000000000e+00 0.000000000e+00 1.419106569e-14 -2.000000000e+01 -2.000000000e+01 -1.419106569e-14 
d -5.550000000e+01 -5.550000000e+01 0.000000000e+00 0.000000000e+00 0.000000000e+00 1.429844521e-14 -2.000000000e+01 -2.000000000e+01 -1.429844521e-14 
d -5.600000000e+01 -5.600000000e+01 0.000000000e+00 0.000000000e+00 0.000000000e+00 1.440541337e-14 -2.000000000e+01 -2.000000000e+01 -1.440541337e-14 
d -5.650000000e+01 -5.650000000e+01 0.000000000e+00 0.000000000e+00 0.000000000e+00 1.451196679e-14 -2.000000000e+01 -2.000000000e+01 -1.451196679e-14 
d -5.700000000e+01 -5.700000000e+01 0.000000000e+00 0.000000000e+00 0.000000000e+00 1.461810171e-14 -2.000000000e+01 -2.000000000e+01 -1.461810171e-14 
d -5.750000000e+01 -5.750000000e+01 0.000000000e+00 0.000000000e+00 0.000000000e+00 1.472381406e-14 -2.000000000e+01 -2.000000000e+01 -1.472381406e-14 
d -5.800000000e+01 -5.800000000e+01 0.000000000e+00 0.000000000e+00 0.000000000e+00 1.482909939e-14 -2.000000000e+01 -2.000000000e+01 -1.482909939e-14 
d -5.850000000e+01 -5.850000000e+01 0.000000000e+00 0.000000000e+00 0.000000000e+00 1.493395287e-14 -2.000000000e+01 -2.000000000e+01 -1.493395287e-14 
d -5.900000000e+01 -5.900000000e+01 0.000000000e+00 0.000000000e+00 0.000000000e+00 1.503836927e-14 -2.000000000e+01 -2.000000000e+01 -1.503836927e-14 
d -5.950000000e+01 -5.950000000e+01 0.000000000e+00 0.000000000e+00 0.000000000e+00 1.514234295e-14 -2.000000000e+01 -2.000000000e+01 -1.514234295e-14 
d -6.000000000e+01 -6.000000000e+01 0.000000000e+00 0.000000000e+00 0.000000000e+00 1.524586781e-14 -2.000000000e+01 -2.000000000e+01 -1.524586781e-14 
