v ATLAS
# This file was created by ATLAS version 5.26.1.R on Mon Aug 23 15:19:02 2021.
#SSF 2.0 generic
##############################################################################
#                    Copyright (c) 1984 - 2018                               #
#                    Silvaco Inc. All rights reserved                        #
#                                                                            #
# This file format and the following Key are copyright Silvaco Inc.          #
# You may not use, this format or key without reproducing this message in    #
# full and obtaining express written permission from Silvaco Inc.            #
#                                                                            #
# To obtain such permission please contact: Silvaco Inc.                     #
#                                           support@silvaco.com              #
#                                                                            #
# KEY=SVC86hn7562asdx                       PROD=345                         #
##############################################################################
y 3 700 711 15
z 30 1e+41 300
f 3 "gate" "source" "drain" 
p 9 2 601 20 3 602 21 4 603 22 
d -5.000000000e+00 -5.000000000e+00 0.000000000e+00 0.000000000e+00 0.000000000e+00 1.180651629e-25 0.000000000e+00 0.000000000e+00 1.180451764e-25 
d -5.000000000e+00 -5.000000000e+00 0.000000000e+00 0.000000000e+00 0.000000000e+00 1.540280468e-16 -5.000000000e-01 -5.000000000e-01 -1.538101599e-16 
d -5.000000000e+00 -5.000000000e+00 0.000000000e+00 0.000000000e+00 0.000000000e+00 2.893220994e-16 -1.000000000e+00 -1.000000000e+00 -2.893218509e-16 
d -5.000000000e+00 -5.000000000e+00 0.000000000e+00 0.000000000e+00 0.000000000e+00 4.066069739e-16 -1.500000000e+00 -1.500000000e+00 -4.066069372e-16 
d -5.000000000e+00 -5.000000000e+00 0.000000000e+00 0.000000000e+00 0.000000000e+00 5.068038187e-16 -2.000000000e+00 -2.000000000e+00 -5.068038182e-16 
d -5.000000000e+00 -5.000000000e+00 0.000000000e+00 0.000000000e+00 0.000000000e+00 5.905910945e-16 -2.500000000e+00 -2.500000000e+00 -5.905910967e-16 
d -5.000000000e+00 -5.000000000e+00 0.000000000e+00 0.000000000e+00 0.000000000e+00 6.586870186e-16 -3.000000000e+00 -3.000000000e+00 -6.586869934e-16 
d -5.000000000e+00 -5.000000000e+00 0.000000000e+00 0.000000000e+00 0.000000000e+00 7.120788194e-16 -3.500000000e+00 -3.500000000e+00 -7.120781690e-16 
d -5.000000000e+00 -5.000000000e+00 0.000000000e+00 0.000000000e+00 0.000000000e+00 7.520989955e-16 -4.000000000e+00 -4.000000000e+00 -7.520989586e-16 
d -5.000000000e+00 -5.000000000e+00 0.000000000e+00 0.000000000e+00 0.000000000e+00 7.802862360e-16 -4.500000000e+00 -4.500000000e+00 -7.802802106e-16 
d -5.000000000e+00 -5.000000000e+00 0.000000000e+00 0.000000000e+00 0.000000000e+00 7.998536414e-16 -5.000000000e+00 -5.000000000e+00 -7.998724952e-16 
d -5.000000000e+00 -5.000000000e+00 0.000000000e+00 0.000000000e+00 0.000000000e+00 8.148494267e-16 -5.500000000e+00 -5.500000000e+00 -8.148493747e-16 
d -5.000000000e+00 -5.000000000e+00 0.000000000e+00 0.000000000e+00 0.000000000e+00 8.270278314e-16 -6.000000000e+00 -6.000000000e+00 -8.269485194e-16 
d -5.000000000e+00 -5.000000000e+00 0.000000000e+00 0.000000000e+00 0.000000000e+00 8.371425074e-16 -6.500000000e+00 -6.500000000e+00 -8.371484017e-16 
d -5.000000000e+00 -5.000000000e+00 0.000000000e+00 0.000000000e+00 0.000000000e+00 8.457082221e-16 -7.000000000e+00 -7.000000000e+00 -8.457182688e-16 
d -5.000000000e+00 -5.000000000e+00 0.000000000e+00 0.000000000e+00 0.000000000e+00 8.530863953e-16 -7.500000000e+00 -7.500000000e+00 -8.530941801e-16 
d -5.000000000e+00 -5.000000000e+00 0.000000000e+00 0.000000000e+00 0.000000000e+00 8.595448222e-16 -8.000000000e+00 -8.000000000e+00 -8.595502463e-16 
d -5.000000000e+00 -5.000000000e+00 0.000000000e+00 0.000000000e+00 0.000000000e+00 8.652827167e-16 -8.500000000e+00 -8.500000000e+00 -8.652864135e-16 
d -5.000000000e+00 -5.000000000e+00 0.000000000e+00 0.000000000e+00 0.000000000e+00 8.704483457e-16 -9.000000000e+00 -9.000000000e+00 -8.704508487e-16 
d -5.000000000e+00 -5.000000000e+00 0.000000000e+00 0.000000000e+00 0.000000000e+00 8.751522701e-16 -9.500000000e+00 -9.500000000e+00 -8.751539620e-16 
d -5.000000000e+00 -5.000000000e+00 0.000000000e+00 0.000000000e+00 0.000000000e+00 8.794773479e-16 -1.000000000e+01 -1.000000000e+01 -8.794784930e-16 
d -5.000000000e+00 -5.000000000e+00 0.000000000e+00 0.000000000e+00 0.000000000e+00 8.834862226e-16 -1.050000000e+01 -1.050000000e+01 -8.834870010e-16 
d -5.000000000e+00 -5.000000000e+00 0.000000000e+00 0.000000000e+00 0.000000000e+00 8.872268424e-16 -1.100000000e+01 -1.100000000e+01 -8.872273751e-16 
d -5.000000000e+00 -5.000000000e+00 0.000000000e+00 0.000000000e+00 0.000000000e+00 8.907364597e-16 -1.150000000e+01 -1.150000000e+01 -8.907368275e-16 
d -5.000000000e+00 -5.000000000e+00 0.000000000e+00 0.000000000e+00 0.000000000e+00 8.940444963e-16 -1.200000000e+01 -1.200000000e+01 -8.940447528e-16 
d -5.000000000e+00 -5.000000000e+00 0.000000000e+00 0.000000000e+00 0.000000000e+00 8.971745839e-16 -1.250000000e+01 -1.250000000e+01 -8.971747648e-16 
d -5.000000000e+00 -5.000000000e+00 0.000000000e+00 0.000000000e+00 0.000000000e+00 9.001460185e-16 -1.300000000e+01 -1.300000000e+01 -9.001461476e-16 
d -5.000000000e+00 -5.000000000e+00 0.000000000e+00 0.000000000e+00 0.000000000e+00 9.029748027e-16 -1.350000000e+01 -1.350000000e+01 -9.029748959e-16 
d -5.000000000e+00 -5.000000000e+00 0.000000000e+00 0.000000000e+00 0.000000000e+00 9.056743987e-16 -1.400000000e+01 -1.400000000e+01 -9.056744668e-16 
d -5.000000000e+00 -5.000000000e+00 0.000000000e+00 0.000000000e+00 0.000000000e+00 9.082562798e-16 -1.450000000e+01 -1.450000000e+01 -9.082563302e-16 
d -5.000000000e+00 -5.000000000e+00 0.000000000e+00 0.000000000e+00 0.000000000e+00 9.107303376e-16 -1.500000000e+01 -1.500000000e+01 -9.107303754e-16 
d -5.000000000e+00 -5.000000000e+00 0.000000000e+00 0.000000000e+00 0.000000000e+00 9.131051884e-16 -1.550000000e+01 -1.550000000e+01 -9.131052170e-16 
d -5.000000000e+00 -5.000000000e+00 0.000000000e+00 0.000000000e+00 0.000000000e+00 9.153884053e-16 -1.600000000e+01 -1.600000000e+01 -9.153884272e-16 
d -5.000000000e+00 -5.000000000e+00 0.000000000e+00 0.000000000e+00 0.000000000e+00 9.175866971e-16 -1.650000000e+01 -1.650000000e+01 -9.175867141e-16 
d -5.000000000e+00 -5.000000000e+00 0.000000000e+00 0.000000000e+00 0.000000000e+00 9.197060487e-16 -1.700000000e+01 -1.700000000e+01 -9.197060620e-16 
d -5.000000000e+00 -5.000000000e+00 0.000000000e+00 0.000000000e+00 0.000000000e+00 9.217518309e-16 -1.750000000e+01 -1.750000000e+01 -9.217518414e-16 
d -5.000000000e+00 -5.000000000e+00 0.000000000e+00 0.000000000e+00 0.000000000e+00 9.237288890e-16 -1.800000000e+01 -1.800000000e+01 -9.237288974e-16 
d -5.000000000e+00 -5.000000000e+00 0.000000000e+00 0.000000000e+00 0.000000000e+00 9.256416145e-16 -1.850000000e+01 -1.850000000e+01 -9.256416213e-16 
d -5.000000000e+00 -5.000000000e+00 0.000000000e+00 0.000000000e+00 0.000000000e+00 9.274940038e-16 -1.900000000e+01 -1.900000000e+01 -9.274940093e-16 
d -5.000000000e+00 -5.000000000e+00 0.000000000e+00 0.000000000e+00 0.000000000e+00 9.292897063e-16 -1.950000000e+01 -1.950000000e+01 -9.292897108e-16 
d -5.000000000e+00 -5.000000000e+00 0.000000000e+00 0.000000000e+00 0.000000000e+00 9.310320654e-16 -2.000000000e+01 -2.000000000e+01 -9.310320691e-16 
