v ATLAS
# This file was created by ATLAS version 5.26.1.R on Mon Aug 23 15:18:58 2021.
#SSF 2.0 generic
##############################################################################
#                    Copyright (c) 1984 - 2018                               #
#                    Silvaco Inc. All rights reserved                        #
#                                                                            #
# This file format and the following Key are copyright Silvaco Inc.          #
# You may not use, this format or key without reproducing this message in    #
# full and obtaining express written permission from Silvaco Inc.            #
#                                                                            #
# To obtain such permission please contact: Silvaco Inc.                     #
#                                           support@silvaco.com              #
#                                                                            #
# KEY=SVC86hn7562asdx                       PROD=345                         #
##############################################################################
y 3 700 711 15
z 30 1e+41 300
f 3 "gate" "source" "drain" 
p 9 2 601 20 3 602 21 4 603 22 
d 0.000000000e+00 0.000000000e+00 0.000000000e+00 0.000000000e+00 0.000000000e+00 -9.639960923e-32 0.000000000e+00 0.000000000e+00 -6.747972646e-31 
d 0.000000000e+00 0.000000000e+00 0.000000000e+00 0.000000000e+00 0.000000000e+00 4.965415456e-29 -5.000000000e-01 -5.000000000e-01 3.640933203e-19 
d 0.000000000e+00 0.000000000e+00 0.000000000e+00 0.000000000e+00 0.000000000e+00 3.691489975e-29 -1.000000000e+00 -1.000000000e+00 3.235199905e-21 
d 0.000000000e+00 0.000000000e+00 0.000000000e+00 0.000000000e+00 0.000000000e+00 3.830341533e-29 -1.500000000e+00 -1.500000000e+00 3.294504924e-22 
d 0.000000000e+00 0.000000000e+00 0.000000000e+00 0.000000000e+00 0.000000000e+00 3.913919128e-29 -2.000000000e+00 -2.000000000e+00 4.466236256e-23 
d 0.000000000e+00 0.000000000e+00 0.000000000e+00 0.000000000e+00 0.000000000e+00 4.160926493e-29 -2.500000000e+00 -2.500000000e+00 1.016357339e-23 
d 0.000000000e+00 0.000000000e+00 0.000000000e+00 0.000000000e+00 0.000000000e+00 4.060562834e-29 -3.000000000e+00 -3.000000000e+00 2.901181700e-24 
d 0.000000000e+00 0.000000000e+00 0.000000000e+00 0.000000000e+00 0.000000000e+00 4.194516344e-29 -3.500000000e+00 -3.500000000e+00 9.611709607e-25 
d 0.000000000e+00 0.000000000e+00 0.000000000e+00 0.000000000e+00 0.000000000e+00 5.501130624e-29 -4.000000000e+00 -4.000000000e+00 3.530088628e-25 
d 0.000000000e+00 0.000000000e+00 0.000000000e+00 0.000000000e+00 0.000000000e+00 3.536422924e-29 -4.500000000e+00 -4.500000000e+00 1.395377119e-25 
d 0.000000000e+00 0.000000000e+00 0.000000000e+00 0.000000000e+00 0.000000000e+00 4.148665355e-29 -5.000000000e+00 -5.000000000e+00 5.818131165e-26 
d 0.000000000e+00 0.000000000e+00 0.000000000e+00 0.000000000e+00 0.000000000e+00 3.790374363e-29 -5.500000000e+00 -5.500000000e+00 2.521554470e-26 
d 0.000000000e+00 0.000000000e+00 0.000000000e+00 0.000000000e+00 0.000000000e+00 4.681971248e-29 -6.000000000e+00 -6.000000000e+00 1.124497663e-26 
d 0.000000000e+00 0.000000000e+00 0.000000000e+00 0.000000000e+00 0.000000000e+00 4.619131513e-29 -6.500000000e+00 -6.500000000e+00 5.105576478e-27 
d 0.000000000e+00 0.000000000e+00 0.000000000e+00 0.000000000e+00 0.000000000e+00 5.006086605e-29 -7.000000000e+00 -7.000000000e+00 2.342141718e-27 
d 0.000000000e+00 0.000000000e+00 0.000000000e+00 0.000000000e+00 0.000000000e+00 5.582565976e-29 -7.500000000e+00 -7.500000000e+00 1.077177330e-27 
d 0.000000000e+00 0.000000000e+00 0.000000000e+00 0.000000000e+00 0.000000000e+00 4.876875748e-29 -8.000000000e+00 -8.000000000e+00 4.857887165e-28 
d 0.000000000e+00 0.000000000e+00 0.000000000e+00 0.000000000e+00 0.000000000e+00 4.617787862e-29 -8.500000000e+00 -8.500000000e+00 2.092145851e-28 
d 0.000000000e+00 0.000000000e+00 0.000000000e+00 0.000000000e+00 0.000000000e+00 5.206972036e-29 -9.000000000e+00 -9.000000000e+00 7.536949719e-29 
d 0.000000000e+00 0.000000000e+00 0.000000000e+00 0.000000000e+00 0.000000000e+00 4.285855111e-29 -9.500000000e+00 -9.500000000e+00 1.017329487e-29 
d 0.000000000e+00 0.000000000e+00 0.000000000e+00 0.000000000e+00 0.000000000e+00 4.891028143e-29 -1.000000000e+01 -1.000000000e+01 -1.861171613e-29 
d 0.000000000e+00 0.000000000e+00 0.000000000e+00 0.000000000e+00 0.000000000e+00 5.618273058e-29 -1.050000000e+01 -1.050000000e+01 -3.518690694e-29 
d 0.000000000e+00 0.000000000e+00 0.000000000e+00 0.000000000e+00 0.000000000e+00 4.848078945e-29 -1.100000000e+01 -1.100000000e+01 -4.261677113e-29 
d 0.000000000e+00 0.000000000e+00 0.000000000e+00 0.000000000e+00 0.000000000e+00 4.977584970e-29 -1.150000000e+01 -1.150000000e+01 -4.581019140e-29 
d 0.000000000e+00 0.000000000e+00 0.000000000e+00 0.000000000e+00 0.000000000e+00 4.917477513e-29 -1.200000000e+01 -1.200000000e+01 -4.730421311e-29 
d 0.000000000e+00 0.000000000e+00 0.000000000e+00 0.000000000e+00 0.000000000e+00 6.004499571e-29 -1.250000000e+01 -1.250000000e+01 -4.845109091e-29 
d 0.000000000e+00 0.000000000e+00 0.000000000e+00 0.000000000e+00 0.000000000e+00 5.224558269e-29 -1.300000000e+01 -1.300000000e+01 -4.880763313e-29 
d 0.000000000e+00 0.000000000e+00 0.000000000e+00 0.000000000e+00 0.000000000e+00 5.064764946e-29 -1.350000000e+01 -1.350000000e+01 -4.996194056e-29 
d 0.000000000e+00 0.000000000e+00 0.000000000e+00 0.000000000e+00 0.000000000e+00 5.345174957e-29 -1.400000000e+01 -1.400000000e+01 -5.024987992e-29 
d 0.000000000e+00 0.000000000e+00 0.000000000e+00 0.000000000e+00 0.000000000e+00 4.992540498e-29 -1.450000000e+01 -1.450000000e+01 -5.037519403e-29 
d 0.000000000e+00 0.000000000e+00 0.000000000e+00 0.000000000e+00 0.000000000e+00 4.887312415e-29 -1.500000000e+01 -1.500000000e+01 -5.076943314e-29 
d 0.000000000e+00 0.000000000e+00 0.000000000e+00 0.000000000e+00 0.000000000e+00 5.662515803e-29 -1.550000000e+01 -1.550000000e+01 -5.103470774e-29 
d 0.000000000e+00 0.000000000e+00 0.000000000e+00 0.000000000e+00 0.000000000e+00 5.117027173e-29 -1.600000000e+01 -1.600000000e+01 -5.111262818e-29 
d 0.000000000e+00 0.000000000e+00 0.000000000e+00 0.000000000e+00 0.000000000e+00 4.851080890e-29 -1.650000000e+01 -1.650000000e+01 -5.144894042e-29 
d 0.000000000e+00 0.000000000e+00 0.000000000e+00 0.000000000e+00 0.000000000e+00 5.015703799e-29 -1.700000000e+01 -1.700000000e+01 -5.172369984e-29 
d 0.000000000e+00 0.000000000e+00 0.000000000e+00 0.000000000e+00 0.000000000e+00 4.920032775e-29 -1.750000000e+01 -1.750000000e+01 -5.189381178e-29 
d 0.000000000e+00 0.000000000e+00 0.000000000e+00 0.000000000e+00 0.000000000e+00 4.830774090e-29 -1.800000000e+01 -1.800000000e+01 -5.209292135e-29 
d 0.000000000e+00 0.000000000e+00 0.000000000e+00 0.000000000e+00 0.000000000e+00 5.274912920e-29 -1.850000000e+01 -1.850000000e+01 -5.229850223e-29 
d 0.000000000e+00 0.000000000e+00 0.000000000e+00 0.000000000e+00 0.000000000e+00 5.606572487e-29 -1.900000000e+01 -1.900000000e+01 -5.252080011e-29 
d 0.000000000e+00 0.000000000e+00 0.000000000e+00 0.000000000e+00 0.000000000e+00 5.629740820e-29 -1.950000000e+01 -1.950000000e+01 -5.272443751e-29 
d 0.000000000e+00 0.000000000e+00 0.000000000e+00 0.000000000e+00 0.000000000e+00 4.894553608e-29 -2.000000000e+01 -2.000000000e+01 -5.289881496e-29 
