v ATLAS
# This file was created by ATLAS version 5.26.1.R on Tue Sep 14 17:32:59 2021.
#SSF 2.0 generic
##############################################################################
#                    Copyright (c) 1984 - 2018                               #
#                    Silvaco Inc. All rights reserved                        #
#                                                                            #
# This file format and the following Key are copyright Silvaco Inc.          #
# You may not use, this format or key without reproducing this message in    #
# full and obtaining express written permission from Silvaco Inc.            #
#                                                                            #
# To obtain such permission please contact: Silvaco Inc.                     #
#                                           support@silvaco.com              #
#                                                                            #
# KEY=SVC86hn7562asdx                       PROD=345                         #
##############################################################################
y 3 700 711 15
z 30 1e+41 300
f 3 "source" "gate" "drain" 
p 9 2 601 20 3 602 21 4 603 22 
d 0.000000000e+00 0.000000000e+00 2.423961742e-19 6.250000000e-01 6.250000000e-01 0.000000000e+00 -2.000000000e+01 -2.000000000e+01 -5.267353176e-23 
d 0.000000000e+00 0.000000000e+00 1.490088221e-19 1.250000000e+00 1.250000000e+00 0.000000000e+00 -2.000000000e+01 -2.000000000e+01 -3.341720438e-24 
d 0.000000000e+00 0.000000000e+00 -1.529981945e-19 1.875000000e+00 1.875000000e+00 0.000000000e+00 -2.000000000e+01 -2.000000000e+01 3.368964304e-24 
d 0.000000000e+00 0.000000000e+00 1.230239182e-19 2.500000000e+00 2.500000000e+00 0.000000000e+00 -2.000000000e+01 -2.000000000e+01 6.641731178e-24 
d 0.000000000e+00 0.000000000e+00 -1.045865036e-19 3.750000000e+00 3.750000000e+00 0.000000000e+00 -2.000000000e+01 -2.000000000e+01 -1.971686490e-22 
d 0.000000000e+00 0.000000000e+00 2.070165845e-20 4.375000000e+00 4.375000000e+00 0.000000000e+00 -2.000000000e+01 -2.000000000e+01 -3.735655639e-19 
d 0.000000000e+00 0.000000000e+00 -2.706310558e-20 5.000000000e+00 5.000000000e+00 0.000000000e+00 -2.000000000e+01 -2.000000000e+01 -2.224371923e-20 
d 0.000000000e+00 0.000000000e+00 -2.461556575e-19 1.000000000e+01 1.000000000e+01 0.000000000e+00 -2.000000000e+01 -2.000000000e+01 -2.086959532e-21 
d 0.000000000e+00 0.000000000e+00 1.190345361e-19 9.500000000e+00 9.500000000e+00 0.000000000e+00 -2.000000000e+01 -2.000000000e+01 -7.561405565e-20 
d 0.000000000e+00 0.000000000e+00 4.550052013e-20 9.000000000e+00 9.000000000e+00 0.000000000e+00 -2.000000000e+01 -2.000000000e+01 -2.020122360e-21 
d 0.000000000e+00 0.000000000e+00 5.304799978e-20 8.500000000e+00 8.500000000e+00 0.000000000e+00 -2.000000000e+01 -2.000000000e+01 -1.864254880e-21 
d 0.000000000e+00 0.000000000e+00 5.897816235e-20 8.000000000e+00 8.000000000e+00 0.000000000e+00 -2.000000000e+01 -2.000000000e+01 -1.129730712e-21 
d 0.000000000e+00 0.000000000e+00 9.984237356e-20 7.500000000e+00 7.500000000e+00 0.000000000e+00 -2.000000000e+01 -2.000000000e+01 -5.547432770e-21 
d 0.000000000e+00 0.000000000e+00 1.455585360e-19 7.000000000e+00 7.000000000e+00 0.000000000e+00 -2.000000000e+01 -2.000000000e+01 -5.155056778e-21 
d 0.000000000e+00 0.000000000e+00 2.231897552e-20 6.500000000e+00 6.500000000e+00 0.000000000e+00 -2.000000000e+01 -2.000000000e+01 -1.333729585e-21 
d 0.000000000e+00 0.000000000e+00 -1.328356417e-19 6.000000000e+00 6.000000000e+00 0.000000000e+00 -2.000000000e+01 -2.000000000e+01 5.585278493e-21 
d 0.000000000e+00 0.000000000e+00 -1.407065848e-19 5.500000000e+00 5.500000000e+00 0.000000000e+00 -2.000000000e+01 -2.000000000e+01 -7.621188882e-21 
d 0.000000000e+00 0.000000000e+00 1.098697394e-19 5.000000000e+00 5.000000000e+00 0.000000000e+00 -2.000000000e+01 -2.000000000e+01 -1.526549970e-20 
d 0.000000000e+00 0.000000000e+00 3.288544702e-20 4.500000000e+00 4.500000000e+00 0.000000000e+00 -2.000000000e+01 -2.000000000e+01 -9.321820902e-22 
d 0.000000000e+00 0.000000000e+00 -2.889606492e-20 4.000000000e+00 4.000000000e+00 0.000000000e+00 -2.000000000e+01 -2.000000000e+01 -7.302589452e-21 
d 0.000000000e+00 0.000000000e+00 8.205188583e-20 3.500000000e+00 3.500000000e+00 0.000000000e+00 -2.000000000e+01 -2.000000000e+01 -1.310625401e-21 
d 0.000000000e+00 0.000000000e+00 7.806250373e-20 3.000000000e+00 3.000000000e+00 0.000000000e+00 -2.000000000e+01 -2.000000000e+01 -5.995879382e-21 
d 0.000000000e+00 0.000000000e+00 1.336982108e-19 2.500000000e+00 2.500000000e+00 0.000000000e+00 -2.000000000e+01 -2.000000000e+01 -2.681336835e-20 
d 0.000000000e+00 0.000000000e+00 9.003065003e-20 2.000000000e+00 2.000000000e+00 0.000000000e+00 -2.000000000e+01 -2.000000000e+01 -2.987194450e-25 
d 0.000000000e+00 0.000000000e+00 1.811395114e-20 1.500000000e+00 1.500000000e+00 0.000000000e+00 -2.000000000e+01 -2.000000000e+01 2.348130158e-24 
d 0.000000000e+00 0.000000000e+00 2.926265679e-19 1.000000000e+00 1.000000000e+00 0.000000000e+00 -2.000000000e+01 -2.000000000e+01 -8.478671415e-24 
d 0.000000000e+00 0.000000000e+00 5.640746680e-19 5.000000000e-01 5.000000000e-01 0.000000000e+00 -2.000000000e+01 -2.000000000e+01 -3.313156025e-21 
d 0.000000000e+00 0.000000000e+00 -9.581204985e-20 3.750000000e-01 3.750000000e-01 0.000000000e+00 -2.000000000e+01 -2.000000000e+01 -2.994536752e-20 
d 0.000000000e+00 0.000000000e+00 -2.378263327e-19 2.500000000e-01 2.500000000e-01 0.000000000e+00 -2.000000000e+01 -2.000000000e+01 -1.024401905e-19 
d 0.000000000e+00 0.000000000e+00 3.331547031e-19 3.122727428e-15 3.122727428e-15 0.000000000e+00 -2.000000000e+01 -2.000000000e+01 -4.494402114e-19 
d 0.000000000e+00 0.000000000e+00 1.387071164e-18 -2.500000000e-01 -2.500000000e-01 0.000000000e+00 -2.000000000e+01 -2.000000000e+01 -1.246489270e-18 
d 0.000000000e+00 0.000000000e+00 2.206571247e-18 -3.750000000e-01 -3.750000000e-01 0.000000000e+00 -2.000000000e+01 -2.000000000e+01 -2.237387983e-18 
d 0.000000000e+00 0.000000000e+00 9.614550075e-18 -5.000000000e-01 -5.000000000e-01 0.000000000e+00 -2.000000000e+01 -2.000000000e+01 -9.770134805e-18 
d 0.000000000e+00 0.000000000e+00 3.699170286e-17 -5.625000000e-01 -5.625000000e-01 0.000000000e+00 -2.000000000e+01 -2.000000000e+01 -3.701665535e-17 
d 0.000000000e+00 0.000000000e+00 1.609291170e-16 -6.250000000e-01 -6.250000000e-01 0.000000000e+00 -2.000000000e+01 -2.000000000e+01 -1.608420284e-16 
d 0.000000000e+00 0.000000000e+00 6.469946444e-16 -6.875000000e-01 -6.875000000e-01 0.000000000e+00 -2.000000000e+01 -2.000000000e+01 -6.469609274e-16 
d 0.000000000e+00 0.000000000e+00 2.033168590e-15 -7.500000000e-01 -7.500000000e-01 0.000000000e+00 -2.000000000e+01 -2.000000000e+01 -2.033210027e-15 
d 0.000000000e+00 0.000000000e+00 9.542164140e-15 -8.750000000e-01 -8.750000000e-01 0.000000000e+00 -2.000000000e+01 -2.000000000e+01 -9.542175202e-15 
d 0.000000000e+00 0.000000000e+00 2.521714195e-14 -1.000000000e+00 -1.000000000e+00 0.000000000e+00 -2.000000000e+01 -2.000000000e+01 -2.521727002e-14 
d 0.000000000e+00 0.000000000e+00 1.855649565e-13 -1.500000000e+00 -1.500000000e+00 0.000000000e+00 -2.000000000e+01 -2.000000000e+01 -1.855648889e-13 
d 0.000000000e+00 0.000000000e+00 5.176522414e-13 -2.000000000e+00 -2.000000000e+00 0.000000000e+00 -2.000000000e+01 -2.000000000e+01 -5.176521916e-13 
d 0.000000000e+00 0.000000000e+00 1.035188207e-12 -2.500000000e+00 -2.500000000e+00 0.000000000e+00 -2.000000000e+01 -2.000000000e+01 -1.035188431e-12 
d 0.000000000e+00 0.000000000e+00 1.751650781e-12 -3.000000000e+00 -3.000000000e+00 0.000000000e+00 -2.000000000e+01 -2.000000000e+01 -1.751650921e-12 
d 0.000000000e+00 0.000000000e+00 2.679988558e-12 -3.500000000e+00 -3.500000000e+00 0.000000000e+00 -2.000000000e+01 -2.000000000e+01 -2.679988345e-12 
d 0.000000000e+00 0.000000000e+00 3.833048177e-12 -4.000000000e+00 -4.000000000e+00 0.000000000e+00 -2.000000000e+01 -2.000000000e+01 -3.833048152e-12 
d 0.000000000e+00 0.000000000e+00 5.219671535e-12 -4.500000000e+00 -4.500000000e+00 0.000000000e+00 -2.000000000e+01 -2.000000000e+01 -5.219671572e-12 
d 0.000000000e+00 0.000000000e+00 6.855078024e-12 -5.000000000e+00 -5.000000000e+00 0.000000000e+00 -2.000000000e+01 -2.000000000e+01 -6.855077851e-12 
d 0.000000000e+00 0.000000000e+00 8.743720812e-12 -5.500000000e+00 -5.500000000e+00 0.000000000e+00 -2.000000000e+01 -2.000000000e+01 -8.743720720e-12 
d 0.000000000e+00 0.000000000e+00 1.089485426e-11 -6.000000000e+00 -6.000000000e+00 0.000000000e+00 -2.000000000e+01 -2.000000000e+01 -1.089485426e-11 
d 0.000000000e+00 0.000000000e+00 1.332093480e-11 -6.500000000e+00 -6.500000000e+00 0.000000000e+00 -2.000000000e+01 -2.000000000e+01 -1.332093469e-11 
d 0.000000000e+00 0.000000000e+00 1.602413054e-11 -7.000000000e+00 -7.000000000e+00 0.000000000e+00 -2.000000000e+01 -2.000000000e+01 -1.602413058e-11 
d 0.000000000e+00 0.000000000e+00 1.900741483e-11 -7.500000000e+00 -7.500000000e+00 0.000000000e+00 -2.000000000e+01 -2.000000000e+01 -1.900741481e-11 
d 0.000000000e+00 0.000000000e+00 2.228368602e-11 -8.000000000e+00 -8.000000000e+00 0.000000000e+00 -2.000000000e+01 -2.000000000e+01 -2.228368610e-11 
d 0.000000000e+00 0.000000000e+00 2.585957248e-11 -8.500000000e+00 -8.500000000e+00 0.000000000e+00 -2.000000000e+01 -2.000000000e+01 -2.585957012e-11 
d 0.000000000e+00 0.000000000e+00 2.973763689e-11 -9.000000000e+00 -9.000000000e+00 0.000000000e+00 -2.000000000e+01 -2.000000000e+01 -2.973763657e-11 
d 0.000000000e+00 0.000000000e+00 3.391852866e-11 -9.500000000e+00 -9.500000000e+00 0.000000000e+00 -2.000000000e+01 -2.000000000e+01 -3.391852894e-11 
d 0.000000000e+00 0.000000000e+00 3.840540348e-11 -1.000000000e+01 -1.000000000e+01 0.000000000e+00 -2.000000000e+01 -2.000000000e+01 -3.840540254e-11 
d 0.000000000e+00 0.000000000e+00 4.321071647e-11 -1.050000000e+01 -1.050000000e+01 0.000000000e+00 -2.000000000e+01 -2.000000000e+01 -4.321070039e-11 
d 0.000000000e+00 0.000000000e+00 4.834152332e-11 -1.100000000e+01 -1.100000000e+01 0.000000000e+00 -2.000000000e+01 -2.000000000e+01 -4.834144486e-11 
d 0.000000000e+00 0.000000000e+00 5.379756598e-11 -1.150000000e+01 -1.150000000e+01 0.000000000e+00 -2.000000000e+01 -2.000000000e+01 -5.379752212e-11 
d 0.000000000e+00 0.000000000e+00 5.958445072e-11 -1.200000000e+01 -1.200000000e+01 0.000000000e+00 -2.000000000e+01 -2.000000000e+01 -5.958444441e-11 
d 0.000000000e+00 0.000000000e+00 6.570359717e-11 -1.250000000e+01 -1.250000000e+01 0.000000000e+00 -2.000000000e+01 -2.000000000e+01 -6.570359644e-11 
d 0.000000000e+00 0.000000000e+00 7.215767963e-11 -1.300000000e+01 -1.300000000e+01 0.000000000e+00 -2.000000000e+01 -2.000000000e+01 -7.215768022e-11 
d 0.000000000e+00 0.000000000e+00 7.894734674e-11 -1.350000000e+01 -1.350000000e+01 0.000000000e+00 -2.000000000e+01 -2.000000000e+01 -7.894734692e-11 
d 0.000000000e+00 0.000000000e+00 8.607567135e-11 -1.400000000e+01 -1.400000000e+01 0.000000000e+00 -2.000000000e+01 -2.000000000e+01 -8.607567228e-11 
d 0.000000000e+00 0.000000000e+00 9.356515762e-11 -1.450000000e+01 -1.450000000e+01 0.000000000e+00 -2.000000000e+01 -2.000000000e+01 -9.356515785e-11 
d 0.000000000e+00 0.000000000e+00 1.014065395e-10 -1.500000000e+01 -1.500000000e+01 0.000000000e+00 -2.000000000e+01 -2.000000000e+01 -1.014065395e-10 
d 0.000000000e+00 0.000000000e+00 1.096050895e-10 -1.550000000e+01 -1.550000000e+01 0.000000000e+00 -2.000000000e+01 -2.000000000e+01 -1.096050812e-10 
d 0.000000000e+00 0.000000000e+00 1.181703555e-10 -1.600000000e+01 -1.600000000e+01 0.000000000e+00 -2.000000000e+01 -2.000000000e+01 -1.181703561e-10 
d 0.000000000e+00 0.000000000e+00 1.271003796e-10 -1.650000000e+01 -1.650000000e+01 0.000000000e+00 -2.000000000e+01 -2.000000000e+01 -1.271003052e-10 
d 0.000000000e+00 0.000000000e+00 1.363892084e-10 -1.700000000e+01 -1.700000000e+01 0.000000000e+00 -2.000000000e+01 -2.000000000e+01 -1.363881677e-10 
d 0.000000000e+00 0.000000000e+00 1.460493772e-10 -1.750000000e+01 -1.750000000e+01 0.000000000e+00 -2.000000000e+01 -2.000000000e+01 -1.460492142e-10 
d 0.000000000e+00 0.000000000e+00 1.560560520e-10 -1.800000000e+01 -1.800000000e+01 0.000000000e+00 -2.000000000e+01 -2.000000000e+01 -1.560560520e-10 
d 0.000000000e+00 0.000000000e+00 1.663168360e-10 -1.850000000e+01 -1.850000000e+01 0.000000000e+00 -2.000000000e+01 -2.000000000e+01 -1.663165339e-10 
d 0.000000000e+00 0.000000000e+00 1.767456073e-10 -1.900000000e+01 -1.900000000e+01 0.000000000e+00 -2.000000000e+01 -2.000000000e+01 -1.767455189e-10 
d 0.000000000e+00 0.000000000e+00 1.872375898e-10 -1.950000000e+01 -1.950000000e+01 0.000000000e+00 -2.000000000e+01 -2.000000000e+01 -1.872375547e-10 
d 0.000000000e+00 0.000000000e+00 1.924918493e-10 -1.975000000e+01 -1.975000000e+01 0.000000000e+00 -2.000000000e+01 -2.000000000e+01 -1.924918162e-10 
d 0.000000000e+00 0.000000000e+00 1.977277690e-10 -2.000000000e+01 -2.000000000e+01 0.000000000e+00 -2.000000000e+01 -2.000000000e+01 -1.977277459e-10 
d 0.000000000e+00 0.000000000e+00 2.003654286e-10 -2.012500000e+01 -2.012500000e+01 0.000000000e+00 -2.000000000e+01 -2.000000000e+01 -2.003653933e-10 
d 0.000000000e+00 0.000000000e+00 2.010245101e-10 -2.015625000e+01 -2.015625000e+01 0.000000000e+00 -2.000000000e+01 -2.000000000e+01 -2.010245023e-10 
d 0.000000000e+00 0.000000000e+00 2.013535950e-10 -2.017187500e+01 -2.017187500e+01 0.000000000e+00 -2.000000000e+01 -2.000000000e+01 -2.013535943e-10 
d 0.000000000e+00 0.000000000e+00 2.015181487e-10 -2.017968750e+01 -2.017968750e+01 0.000000000e+00 -2.000000000e+01 -2.000000000e+01 -2.015181472e-10 
d 0.000000000e+00 0.000000000e+00 2.016828239e-10 -2.018750000e+01 -2.018750000e+01 0.000000000e+00 -2.000000000e+01 -2.000000000e+01 -2.016823238e-10 
