v ATLAS
# This file was created by ATLAS version 5.19.20.R on Thu Apr 15 13:19:38 2021.
#SSF 2.0 generic
##############################################################################
#                    Copyright (c) 1984 - 2013                               #
#                    Silvaco Inc. All rights reserved                        #
#                                                                            #
# This file format and the following Key are copyright Silvaco Inc.          #
# You may not use, this format or key without reproducing this message in    #
# full and obtaining express written permission from Silvaco Inc.            #
#                                                                            #
# To obtain such permission please contact: Silvaco Inc.                     #
#                                           support@silvaco.com              #
#                                                                            #
# KEY=SVC86hn7562asdx                       PROD=345                         #
##############################################################################
y 1 15
z 300
f 2 "anode" "cathode" 
p 6 2 601 20 3 602 21 
d 1.000000000e-001 1.000000000e-001 4.887200121e-015 0.000000000e+000 0.000000000e+000 -4.692984765e-018 
d 2.000000000e-001 2.000000000e-001 2.231956084e-016 0.000000000e+000 0.000000000e+000 -2.232375038e-016 
d 3.000000000e-001 3.000000000e-001 1.059762033e-014 0.000000000e+000 0.000000000e+000 -1.059727085e-014 
d 4.000000000e-001 4.000000000e-001 5.044298760e-013 0.000000000e+000 0.000000000e+000 -5.044295961e-013 
d 5.000000000e-001 5.000000000e-001 2.404570369e-011 0.000000000e+000 0.000000000e+000 -2.404570369e-011 
d 6.000000000e-001 6.000000000e-001 1.141549581e-009 0.000000000e+000 0.000000000e+000 -1.141549581e-009 
d 7.000000000e-001 7.000000000e-001 4.497884117e-008 0.000000000e+000 0.000000000e+000 -4.497884117e-008 
d 8.000000000e-001 8.000000000e-001 4.446238878e-007 0.000000000e+000 0.000000000e+000 -4.446238878e-007 
d 9.000000000e-001 9.000000000e-001 1.306199739e-006 0.000000000e+000 0.000000000e+000 -1.306199739e-006 
d 1.000000000e+000 1.000000000e+000 2.524451649e-006 0.000000000e+000 0.000000000e+000 -2.524451651e-006 
