v ATLAS
# This file was created by ATLAS version 5.19.20.R on Tue Apr 20 13:44:28 2021.
#SSF 2.0 generic
##############################################################################
#                    Copyright (c) 1984 - 2013                               #
#                    Silvaco Inc. All rights reserved                        #
#                                                                            #
# This file format and the following Key are copyright Silvaco Inc.          #
# You may not use, this format or key without reproducing this message in    #
# full and obtaining express written permission from Silvaco Inc.            #
#                                                                            #
# To obtain such permission please contact: Silvaco Inc.                     #
#                                           support@silvaco.com              #
#                                                                            #
# KEY=SVC86hn7562asdx                       PROD=345                         #
##############################################################################
y 1 15
z 300
f 2 "anode" "cathode" 
p 6 2 601 20 3 602 21 
d 0.000000000e+000 0.000000000e+000 1.838016206e-017 0.000000000e+000 0.000000000e+000 5.012771470e-018 
d 1.250000000e-001 1.250000000e-001 1.887008428e-017 0.000000000e+000 0.000000000e+000 4.767810358e-018 
d 2.500000000e-001 2.500000000e-001 5.045730237e-017 0.000000000e+000 0.000000000e+000 -9.123014221e-017 
d 5.000000000e-001 5.000000000e-001 1.476944838e-012 0.000000000e+000 0.000000000e+000 -1.476905455e-012 
d 7.500000000e-001 7.500000000e-001 2.299374220e-008 0.000000000e+000 0.000000000e+000 -2.299374218e-008 
d 8.750000000e-001 8.750000000e-001 2.371077183e-006 0.000000000e+000 0.000000000e+000 -2.371077183e-006 
d 1.000000000e+000 1.000000000e+000 8.130374931e-005 0.000000000e+000 0.000000000e+000 -8.130374931e-005 
d 1.500000000e+000 1.500000000e+000 6.008421947e-003 0.000000000e+000 0.000000000e+000 -6.008421947e-003 
d 2.000000000e+000 2.000000000e+000 2.301219479e-002 0.000000000e+000 0.000000000e+000 -2.301219479e-002 
d 2.500000000e+000 2.500000000e+000 5.026118485e-002 0.000000000e+000 0.000000000e+000 -5.026118485e-002 
d 3.000000000e+000 3.000000000e+000 8.614437247e-002 0.000000000e+000 0.000000000e+000 -8.614437247e-002 
d 3.500000000e+000 3.500000000e+000 1.287039783e-001 0.000000000e+000 0.000000000e+000 -1.287039783e-001 
d 4.000000000e+000 4.000000000e+000 1.759684941e-001 0.000000000e+000 0.000000000e+000 -1.759684948e-001 
d 4.500000000e+000 4.500000000e+000 2.262141394e-001 0.000000000e+000 0.000000000e+000 -2.262141403e-001 
d 5.000000000e+000 5.000000000e+000 2.781031298e-001 0.000000000e+000 0.000000000e+000 -2.781031304e-001 
d 5.500000000e+000 5.500000000e+000 3.306946277e-001 0.000000000e+000 0.000000000e+000 -3.306946279e-001 
d 6.000000000e+000 6.000000000e+000 3.833741729e-001 0.000000000e+000 0.000000000e+000 -3.833741730e-001 
d 6.500000000e+000 6.500000000e+000 4.357624262e-001 0.000000000e+000 0.000000000e+000 -4.357624262e-001 
d 7.000000000e+000 7.000000000e+000 4.876395228e-001 0.000000000e+000 0.000000000e+000 -4.876395228e-001 
d 7.500000000e+000 7.500000000e+000 5.388920252e-001 0.000000000e+000 0.000000000e+000 -5.388920252e-001 
d 8.000000000e+000 8.000000000e+000 5.894770315e-001 0.000000000e+000 0.000000000e+000 -5.894770315e-001 
d 8.500000000e+000 8.500000000e+000 6.393974318e-001 0.000000000e+000 0.000000000e+000 -6.393974318e-001 
d 9.000000000e+000 9.000000000e+000 6.886845452e-001 0.000000000e+000 0.000000000e+000 -6.886845452e-001 
d 9.500000000e+000 9.500000000e+000 7.373859622e-001 0.000000000e+000 0.000000000e+000 -7.373859622e-001 
d 1.000000000e+001 1.000000000e+001 7.855571965e-001 0.000000000e+000 0.000000000e+000 -7.855571965e-001 
d 1.050000000e+001 1.050000000e+001 8.332561298e-001 0.000000000e+000 0.000000000e+000 -8.332561298e-001 
d 1.100000000e+001 1.100000000e+001 8.805394740e-001 0.000000000e+000 0.000000000e+000 -8.805394740e-001 
d 1.150000000e+001 1.150000000e+001 9.274606523e-001 0.000000000e+000 0.000000000e+000 -9.274606523e-001 
d 1.200000000e+001 1.200000000e+001 9.740686564e-001 0.000000000e+000 0.000000000e+000 -9.740686564e-001 
d 1.250000000e+001 1.250000000e+001 1.020407553e+000 0.000000000e+000 0.000000000e+000 -1.020407553e+000 
d 1.300000000e+001 1.300000000e+001 1.066516411e+000 0.000000000e+000 0.000000000e+000 -1.066516411e+000 
d 1.350000000e+001 1.350000000e+001 1.112429481e+000 0.000000000e+000 0.000000000e+000 -1.112429481e+000 
d 1.400000000e+001 1.400000000e+001 1.158176531e+000 0.000000000e+000 0.000000000e+000 -1.158176531e+000 
d 1.450000000e+001 1.450000000e+001 1.203783245e+000 0.000000000e+000 0.000000000e+000 -1.203783245e+000 
d 1.500000000e+001 1.500000000e+001 1.249271660e+000 0.000000000e+000 0.000000000e+000 -1.249271660e+000 
d 1.550000000e+001 1.550000000e+001 1.294660589e+000 0.000000000e+000 0.000000000e+000 -1.294660589e+000 
d 1.600000000e+001 1.600000000e+001 1.339966031e+000 0.000000000e+000 0.000000000e+000 -1.339966031e+000 
d 1.650000000e+001 1.650000000e+001 1.385201540e+000 0.000000000e+000 0.000000000e+000 -1.385201540e+000 
d 1.700000000e+001 1.700000000e+001 1.430378568e+000 0.000000000e+000 0.000000000e+000 -1.430378568e+000 
d 1.750000000e+001 1.750000000e+001 1.475506765e+000 0.000000000e+000 0.000000000e+000 -1.475506765e+000 
d 1.800000000e+001 1.800000000e+001 1.520594242e+000 0.000000000e+000 0.000000000e+000 -1.520594242e+000 
d 1.850000000e+001 1.850000000e+001 1.565647806e+000 0.000000000e+000 0.000000000e+000 -1.565647806e+000 
d 1.900000000e+001 1.900000000e+001 1.610673156e+000 0.000000000e+000 0.000000000e+000 -1.610673156e+000 
d 1.950000000e+001 1.950000000e+001 1.655675057e+000 0.000000000e+000 0.000000000e+000 -1.655675057e+000 
d 2.000000000e+001 2.000000000e+001 1.700657489e+000 0.000000000e+000 0.000000000e+000 -1.700657489e+000 
d 2.050000000e+001 2.050000000e+001 1.745623768e+000 0.000000000e+000 0.000000000e+000 -1.745623768e+000 
d 2.100000000e+001 2.100000000e+001 1.790576657e+000 0.000000000e+000 0.000000000e+000 -1.790576657e+000 
d 2.150000000e+001 2.150000000e+001 1.835518454e+000 0.000000000e+000 0.000000000e+000 -1.835518454e+000 
d 2.200000000e+001 2.200000000e+001 1.880451069e+000 0.000000000e+000 0.000000000e+000 -1.880451069e+000 
d 2.250000000e+001 2.250000000e+001 1.925376088e+000 0.000000000e+000 0.000000000e+000 -1.925376088e+000 
d 2.300000000e+001 2.300000000e+001 1.970294825e+000 0.000000000e+000 0.000000000e+000 -1.970294825e+000 
d 2.350000000e+001 2.350000000e+001 2.015208372e+000 0.000000000e+000 0.000000000e+000 -2.015208372e+000 
d 2.400000000e+001 2.400000000e+001 2.060117632e+000 0.000000000e+000 0.000000000e+000 -2.060117632e+000 
d 2.450000000e+001 2.450000000e+001 2.105023351e+000 0.000000000e+000 0.000000000e+000 -2.105023351e+000 
d 2.500000000e+001 2.500000000e+001 2.149926148e+000 0.000000000e+000 0.000000000e+000 -2.149926148e+000 
d 2.550000000e+001 2.550000000e+001 2.194826534e+000 0.000000000e+000 0.000000000e+000 -2.194826534e+000 
d 2.600000000e+001 2.600000000e+001 2.239724933e+000 0.000000000e+000 0.000000000e+000 -2.239724933e+000 
d 2.650000000e+001 2.650000000e+001 2.284621691e+000 0.000000000e+000 0.000000000e+000 -2.284621691e+000 
d 2.700000000e+001 2.700000000e+001 2.329517098e+000 0.000000000e+000 0.000000000e+000 -2.329517098e+000 
d 2.750000000e+001 2.750000000e+001 2.374411390e+000 0.000000000e+000 0.000000000e+000 -2.374411390e+000 
d 2.800000000e+001 2.800000000e+001 2.419304764e+000 0.000000000e+000 0.000000000e+000 -2.419304764e+000 
d 2.850000000e+001 2.850000000e+001 2.464197381e+000 0.000000000e+000 0.000000000e+000 -2.464197381e+000 
d 2.900000000e+001 2.900000000e+001 2.509089374e+000 0.000000000e+000 0.000000000e+000 -2.509089374e+000 
d 2.950000000e+001 2.950000000e+001 2.553980852e+000 0.000000000e+000 0.000000000e+000 -2.553980852e+000 
d 3.000000000e+001 3.000000000e+001 2.598871907e+000 0.000000000e+000 0.000000000e+000 -2.598871907e+000 
d 3.050000000e+001 3.050000000e+001 2.643762611e+000 0.000000000e+000 0.000000000e+000 -2.643762611e+000 
d 3.100000000e+001 3.100000000e+001 2.688653027e+000 0.000000000e+000 0.000000000e+000 -2.688653027e+000 
d 3.150000000e+001 3.150000000e+001 2.733543204e+000 0.000000000e+000 0.000000000e+000 -2.733543204e+000 
d 3.200000000e+001 3.200000000e+001 2.778433183e+000 0.000000000e+000 0.000000000e+000 -2.778433183e+000 
d 3.250000000e+001 3.250000000e+001 2.823323000e+000 0.000000000e+000 0.000000000e+000 -2.823323000e+000 
d 3.300000000e+001 3.300000000e+001 2.868212681e+000 0.000000000e+000 0.000000000e+000 -2.868212681e+000 
d 3.350000000e+001 3.350000000e+001 2.913102250e+000 0.000000000e+000 0.000000000e+000 -2.913102250e+000 
d 3.400000000e+001 3.400000000e+001 2.957991725e+000 0.000000000e+000 0.000000000e+000 -2.957991725e+000 
d 3.450000000e+001 3.450000000e+001 3.002881122e+000 0.000000000e+000 0.000000000e+000 -3.002881122e+000 
d 3.500000000e+001 3.500000000e+001 3.047770454e+000 0.000000000e+000 0.000000000e+000 -3.047770454e+000 
d 3.550000000e+001 3.550000000e+001 3.092659731e+000 0.000000000e+000 0.000000000e+000 -3.092659731e+000 
d 3.600000000e+001 3.600000000e+001 3.137548962e+000 0.000000000e+000 0.000000000e+000 -3.137548962e+000 
d 3.650000000e+001 3.650000000e+001 3.182438153e+000 0.000000000e+000 0.000000000e+000 -3.182438153e+000 
d 3.700000000e+001 3.700000000e+001 3.227327311e+000 0.000000000e+000 0.000000000e+000 -3.227327311e+000 
d 3.750000000e+001 3.750000000e+001 3.272216440e+000 0.000000000e+000 0.000000000e+000 -3.272216440e+000 
d 3.800000000e+001 3.800000000e+001 3.317105544e+000 0.000000000e+000 0.000000000e+000 -3.317105544e+000 
d 3.850000000e+001 3.850000000e+001 3.361994626e+000 0.000000000e+000 0.000000000e+000 -3.361994626e+000 
d 3.900000000e+001 3.900000000e+001 3.406883690e+000 0.000000000e+000 0.000000000e+000 -3.406883690e+000 
d 3.950000000e+001 3.950000000e+001 3.451772736e+000 0.000000000e+000 0.000000000e+000 -3.451772736e+000 
d 4.000000000e+001 4.000000000e+001 3.496661767e+000 0.000000000e+000 0.000000000e+000 -3.496661767e+000 
d 4.050000000e+001 4.050000000e+001 3.541550785e+000 0.000000000e+000 0.000000000e+000 -3.541550785e+000 
d 4.100000000e+001 4.100000000e+001 3.586439789e+000 0.000000000e+000 0.000000000e+000 -3.586439789e+000 
d 4.150000000e+001 4.150000000e+001 3.631328783e+000 0.000000000e+000 0.000000000e+000 -3.631328783e+000 
d 4.200000000e+001 4.200000000e+001 3.676217765e+000 0.000000000e+000 0.000000000e+000 -3.676217765e+000 
d 4.250000000e+001 4.250000000e+001 3.721106737e+000 0.000000000e+000 0.000000000e+000 -3.721106737e+000 
d 4.300000000e+001 4.300000000e+001 3.765995699e+000 0.000000000e+000 0.000000000e+000 -3.765995699e+000 
d 4.350000000e+001 4.350000000e+001 3.810884652e+000 0.000000000e+000 0.000000000e+000 -3.810884652e+000 
d 4.400000000e+001 4.400000000e+001 3.855773597e+000 0.000000000e+000 0.000000000e+000 -3.855773597e+000 
d 4.450000000e+001 4.450000000e+001 3.900662532e+000 0.000000000e+000 0.000000000e+000 -3.900662532e+000 
d 4.500000000e+001 4.500000000e+001 3.945551460e+000 0.000000000e+000 0.000000000e+000 -3.945551460e+000 
d 4.550000000e+001 4.550000000e+001 3.990440379e+000 0.000000000e+000 0.000000000e+000 -3.990440379e+000 
d 4.600000000e+001 4.600000000e+001 4.035329290e+000 0.000000000e+000 0.000000000e+000 -4.035329290e+000 
d 4.650000000e+001 4.650000000e+001 4.080218193e+000 0.000000000e+000 0.000000000e+000 -4.080218193e+000 
d 4.700000000e+001 4.700000000e+001 4.125107089e+000 0.000000000e+000 0.000000000e+000 -4.125107089e+000 
d 4.750000000e+001 4.750000000e+001 4.169995977e+000 0.000000000e+000 0.000000000e+000 -4.169995977e+000 
d 4.800000000e+001 4.800000000e+001 4.214884857e+000 0.000000000e+000 0.000000000e+000 -4.214884857e+000 
d 4.850000000e+001 4.850000000e+001 4.259773730e+000 0.000000000e+000 0.000000000e+000 -4.259773730e+000 
d 4.900000000e+001 4.900000000e+001 4.304662595e+000 0.000000000e+000 0.000000000e+000 -4.304662595e+000 
d 4.950000000e+001 4.950000000e+001 4.349551452e+000 0.000000000e+000 0.000000000e+000 -4.349551452e+000 
d 5.000000000e+001 5.000000000e+001 4.394440303e+000 0.000000000e+000 0.000000000e+000 -4.394440303e+000 
d 5.050000000e+001 5.050000000e+001 4.439329146e+000 0.000000000e+000 0.000000000e+000 -4.439329146e+000 
d 5.100000000e+001 5.100000000e+001 4.484217981e+000 0.000000000e+000 0.000000000e+000 -4.484217981e+000 
d 5.150000000e+001 5.150000000e+001 4.529106809e+000 0.000000000e+000 0.000000000e+000 -4.529106809e+000 
d 5.200000000e+001 5.200000000e+001 4.573995630e+000 0.000000000e+000 0.000000000e+000 -4.573995630e+000 
d 5.250000000e+001 5.250000000e+001 4.618884444e+000 0.000000000e+000 0.000000000e+000 -4.618884444e+000 
d 5.300000000e+001 5.300000000e+001 4.663773250e+000 0.000000000e+000 0.000000000e+000 -4.663773250e+000 
d 5.350000000e+001 5.350000000e+001 4.708662049e+000 0.000000000e+000 0.000000000e+000 -4.708662049e+000 
d 5.400000000e+001 5.400000000e+001 4.753550840e+000 0.000000000e+000 0.000000000e+000 -4.753550840e+000 
d 5.450000000e+001 5.450000000e+001 4.798439625e+000 0.000000000e+000 0.000000000e+000 -4.798439625e+000 
d 5.500000000e+001 5.500000000e+001 4.843328402e+000 0.000000000e+000 0.000000000e+000 -4.843328402e+000 
d 5.550000000e+001 5.550000000e+001 4.888217171e+000 0.000000000e+000 0.000000000e+000 -4.888217171e+000 
d 5.600000000e+001 5.600000000e+001 4.933105933e+000 0.000000000e+000 0.000000000e+000 -4.933105933e+000 
d 5.650000000e+001 5.650000000e+001 4.977994689e+000 0.000000000e+000 0.000000000e+000 -4.977994689e+000 
d 5.700000000e+001 5.700000000e+001 5.022883436e+000 0.000000000e+000 0.000000000e+000 -5.022883436e+000 
d 5.750000000e+001 5.750000000e+001 5.067772177e+000 0.000000000e+000 0.000000000e+000 -5.067772177e+000 
d 5.800000000e+001 5.800000000e+001 5.112660910e+000 0.000000000e+000 0.000000000e+000 -5.112660910e+000 
d 5.850000000e+001 5.850000000e+001 5.157549636e+000 0.000000000e+000 0.000000000e+000 -5.157549636e+000 
d 5.900000000e+001 5.900000000e+001 5.202438354e+000 0.000000000e+000 0.000000000e+000 -5.202438354e+000 
d 5.950000000e+001 5.950000000e+001 5.247327066e+000 0.000000000e+000 0.000000000e+000 -5.247327066e+000 
d 6.000000000e+001 6.000000000e+001 5.292215770e+000 0.000000000e+000 0.000000000e+000 -5.292215770e+000 
d 6.050000000e+001 6.050000000e+001 5.337104467e+000 0.000000000e+000 0.000000000e+000 -5.337104467e+000 
d 6.100000000e+001 6.100000000e+001 5.381993156e+000 0.000000000e+000 0.000000000e+000 -5.381993156e+000 
d 6.150000000e+001 6.150000000e+001 5.426881838e+000 0.000000000e+000 0.000000000e+000 -5.426881838e+000 
d 6.200000000e+001 6.200000000e+001 5.471770513e+000 0.000000000e+000 0.000000000e+000 -5.471770513e+000 
d 6.250000000e+001 6.250000000e+001 5.516659181e+000 0.000000000e+000 0.000000000e+000 -5.516659181e+000 
d 6.300000000e+001 6.300000000e+001 5.561547841e+000 0.000000000e+000 0.000000000e+000 -5.561547841e+000 
d 6.350000000e+001 6.350000000e+001 5.606436494e+000 0.000000000e+000 0.000000000e+000 -5.606436494e+000 
d 6.400000000e+001 6.400000000e+001 5.651325140e+000 0.000000000e+000 0.000000000e+000 -5.651325140e+000 
d 6.450000000e+001 6.450000000e+001 5.696213778e+000 0.000000000e+000 0.000000000e+000 -5.696213778e+000 
d 6.500000000e+001 6.500000000e+001 5.741102409e+000 0.000000000e+000 0.000000000e+000 -5.741102409e+000 
d 6.550000000e+001 6.550000000e+001 5.785991033e+000 0.000000000e+000 0.000000000e+000 -5.785991033e+000 
d 6.600000000e+001 6.600000000e+001 5.830879650e+000 0.000000000e+000 0.000000000e+000 -5.830879650e+000 
d 6.650000000e+001 6.650000000e+001 5.875768259e+000 0.000000000e+000 0.000000000e+000 -5.875768259e+000 
d 6.700000000e+001 6.700000000e+001 5.920656861e+000 0.000000000e+000 0.000000000e+000 -5.920656861e+000 
d 6.750000000e+001 6.750000000e+001 5.965545456e+000 0.000000000e+000 0.000000000e+000 -5.965545456e+000 
d 6.800000000e+001 6.800000000e+001 6.010434044e+000 0.000000000e+000 0.000000000e+000 -6.010434044e+000 
d 6.850000000e+001 6.850000000e+001 6.055322624e+000 0.000000000e+000 0.000000000e+000 -6.055322624e+000 
d 6.900000000e+001 6.900000000e+001 6.100211197e+000 0.000000000e+000 0.000000000e+000 -6.100211197e+000 
d 6.950000000e+001 6.950000000e+001 6.145099762e+000 0.000000000e+000 0.000000000e+000 -6.145099762e+000 
d 7.000000000e+001 7.000000000e+001 6.189988321e+000 0.000000000e+000 0.000000000e+000 -6.189988321e+000 
d 7.050000000e+001 7.050000000e+001 6.234876872e+000 0.000000000e+000 0.000000000e+000 -6.234876872e+000 
d 7.100000000e+001 7.100000000e+001 6.279765416e+000 0.000000000e+000 0.000000000e+000 -6.279765416e+000 
d 7.150000000e+001 7.150000000e+001 6.324653952e+000 0.000000000e+000 0.000000000e+000 -6.324653952e+000 
d 7.200000000e+001 7.200000000e+001 6.369542481e+000 0.000000000e+000 0.000000000e+000 -6.369542481e+000 
d 7.250000000e+001 7.250000000e+001 6.414431003e+000 0.000000000e+000 0.000000000e+000 -6.414431003e+000 
d 7.300000000e+001 7.300000000e+001 6.459319518e+000 0.000000000e+000 0.000000000e+000 -6.459319518e+000 
d 7.350000000e+001 7.350000000e+001 6.504208025e+000 0.000000000e+000 0.000000000e+000 -6.504208025e+000 
d 7.400000000e+001 7.400000000e+001 6.549096526e+000 0.000000000e+000 0.000000000e+000 -6.549096526e+000 
d 7.450000000e+001 7.450000000e+001 6.593985018e+000 0.000000000e+000 0.000000000e+000 -6.593985018e+000 
d 7.500000000e+001 7.500000000e+001 6.638873504e+000 0.000000000e+000 0.000000000e+000 -6.638873504e+000 
d 7.550000000e+001 7.550000000e+001 6.683761982e+000 0.000000000e+000 0.000000000e+000 -6.683761982e+000 
d 7.600000000e+001 7.600000000e+001 6.728650453e+000 0.000000000e+000 0.000000000e+000 -6.728650453e+000 
d 7.650000000e+001 7.650000000e+001 6.773538917e+000 0.000000000e+000 0.000000000e+000 -6.773538917e+000 
d 7.700000000e+001 7.700000000e+001 6.818427373e+000 0.000000000e+000 0.000000000e+000 -6.818427373e+000 
d 7.750000000e+001 7.750000000e+001 6.863315822e+000 0.000000000e+000 0.000000000e+000 -6.863315822e+000 
d 7.800000000e+001 7.800000000e+001 6.908204264e+000 0.000000000e+000 0.000000000e+000 -6.908204264e+000 
d 7.850000000e+001 7.850000000e+001 6.953092699e+000 0.000000000e+000 0.000000000e+000 -6.953092699e+000 
d 7.900000000e+001 7.900000000e+001 6.997981126e+000 0.000000000e+000 0.000000000e+000 -6.997981126e+000 
d 7.950000000e+001 7.950000000e+001 7.042869546e+000 0.000000000e+000 0.000000000e+000 -7.042869546e+000 
d 8.000000000e+001 8.000000000e+001 7.087757959e+000 0.000000000e+000 0.000000000e+000 -7.087757959e+000 
d 8.050000000e+001 8.050000000e+001 7.132646364e+000 0.000000000e+000 0.000000000e+000 -7.132646364e+000 
d 8.100000000e+001 8.100000000e+001 7.177534762e+000 0.000000000e+000 0.000000000e+000 -7.177534762e+000 
d 8.150000000e+001 8.150000000e+001 7.222423153e+000 0.000000000e+000 0.000000000e+000 -7.222423153e+000 
d 8.200000000e+001 8.200000000e+001 7.267311537e+000 0.000000000e+000 0.000000000e+000 -7.267311537e+000 
d 8.250000000e+001 8.250000000e+001 7.312199913e+000 0.000000000e+000 0.000000000e+000 -7.312199913e+000 
d 8.300000000e+001 8.300000000e+001 7.357088282e+000 0.000000000e+000 0.000000000e+000 -7.357088282e+000 
d 8.350000000e+001 8.350000000e+001 7.401976644e+000 0.000000000e+000 0.000000000e+000 -7.401976644e+000 
d 8.400000000e+001 8.400000000e+001 7.446864998e+000 0.000000000e+000 0.000000000e+000 -7.446864998e+000 
d 8.450000000e+001 8.450000000e+001 7.491753345e+000 0.000000000e+000 0.000000000e+000 -7.491753345e+000 
d 8.500000000e+001 8.500000000e+001 7.536641685e+000 0.000000000e+000 0.000000000e+000 -7.536641685e+000 
d 8.550000000e+001 8.550000000e+001 7.581530018e+000 0.000000000e+000 0.000000000e+000 -7.581530018e+000 
d 8.600000000e+001 8.600000000e+001 7.626418343e+000 0.000000000e+000 0.000000000e+000 -7.626418343e+000 
d 8.650000000e+001 8.650000000e+001 7.671306661e+000 0.000000000e+000 0.000000000e+000 -7.671306661e+000 
d 8.700000000e+001 8.700000000e+001 7.716194972e+000 0.000000000e+000 0.000000000e+000 -7.716194972e+000 
d 8.750000000e+001 8.750000000e+001 7.761083275e+000 0.000000000e+000 0.000000000e+000 -7.761083275e+000 
d 8.800000000e+001 8.800000000e+001 7.805971572e+000 0.000000000e+000 0.000000000e+000 -7.805971572e+000 
d 8.850000000e+001 8.850000000e+001 7.850859860e+000 0.000000000e+000 0.000000000e+000 -7.850859860e+000 
d 8.900000000e+001 8.900000000e+001 7.895748142e+000 0.000000000e+000 0.000000000e+000 -7.895748142e+000 
d 8.950000000e+001 8.950000000e+001 7.940636416e+000 0.000000000e+000 0.000000000e+000 -7.940636416e+000 
d 9.000000000e+001 9.000000000e+001 7.985524683e+000 0.000000000e+000 0.000000000e+000 -7.985524683e+000 
d 9.050000000e+001 9.050000000e+001 8.030412943e+000 0.000000000e+000 0.000000000e+000 -8.030412943e+000 
d 9.100000000e+001 9.100000000e+001 8.075301196e+000 0.000000000e+000 0.000000000e+000 -8.075301196e+000 
d 9.150000000e+001 9.150000000e+001 8.120189441e+000 0.000000000e+000 0.000000000e+000 -8.120189441e+000 
d 9.200000000e+001 9.200000000e+001 8.165077679e+000 0.000000000e+000 0.000000000e+000 -8.165077679e+000 
d 9.250000000e+001 9.250000000e+001 8.209965909e+000 0.000000000e+000 0.000000000e+000 -8.209965909e+000 
d 9.300000000e+001 9.300000000e+001 8.254854133e+000 0.000000000e+000 0.000000000e+000 -8.254854133e+000 
d 9.350000000e+001 9.350000000e+001 8.299742349e+000 0.000000000e+000 0.000000000e+000 -8.299742349e+000 
d 9.400000000e+001 9.400000000e+001 8.344630558e+000 0.000000000e+000 0.000000000e+000 -8.344630558e+000 
d 9.450000000e+001 9.450000000e+001 8.389518759e+000 0.000000000e+000 0.000000000e+000 -8.389518759e+000 
d 9.500000000e+001 9.500000000e+001 8.434406953e+000 0.000000000e+000 0.000000000e+000 -8.434406953e+000 
d 9.550000000e+001 9.550000000e+001 8.479295140e+000 0.000000000e+000 0.000000000e+000 -8.479295140e+000 
d 9.600000000e+001 9.600000000e+001 8.524183320e+000 0.000000000e+000 0.000000000e+000 -8.524183320e+000 
d 9.650000000e+001 9.650000000e+001 8.569071492e+000 0.000000000e+000 0.000000000e+000 -8.569071492e+000 
d 9.700000000e+001 9.700000000e+001 8.613959658e+000 0.000000000e+000 0.000000000e+000 -8.613959658e+000 
d 9.750000000e+001 9.750000000e+001 8.658847815e+000 0.000000000e+000 0.000000000e+000 -8.658847815e+000 
d 9.800000000e+001 9.800000000e+001 8.703735966e+000 0.000000000e+000 0.000000000e+000 -8.703735966e+000 
d 9.850000000e+001 9.850000000e+001 8.748624109e+000 0.000000000e+000 0.000000000e+000 -8.748624109e+000 
d 9.900000000e+001 9.900000000e+001 8.793512245e+000 0.000000000e+000 0.000000000e+000 -8.793512245e+000 
d 9.950000000e+001 9.950000000e+001 8.838400374e+000 0.000000000e+000 0.000000000e+000 -8.838400374e+000 
d 1.000000000e+002 1.000000000e+002 8.883288495e+000 0.000000000e+000 0.000000000e+000 -8.883288495e+000 
