v ATLAS
# This file was created by ATLAS version 5.19.20.R on Wed Apr 21 13:38:22 2021.
#SSF 2.0 generic
##############################################################################
#                    Copyright (c) 1984 - 2013                               #
#                    Silvaco Inc. All rights reserved                        #
#                                                                            #
# This file format and the following Key are copyright Silvaco Inc.          #
# You may not use, this format or key without reproducing this message in    #
# full and obtaining express written permission from Silvaco Inc.            #
#                                                                            #
# To obtain such permission please contact: Silvaco Inc.                     #
#                                           support@silvaco.com              #
#                                                                            #
# KEY=SVC86hn7562asdx                       PROD=345                         #
##############################################################################
y 1 15
z 300
f 3 "Source" "Drain" "Gate" 
p 9 2 601 20 3 602 21 4 603 22 
d 0.000000000e+000 0.000000000e+000 -5.167439227e-006 1.000000000e+001 1.000000000e+001 5.167439226e-006 0.000000000e+000 0.000000000e+000 0.000000000e+000 
d 0.000000000e+000 0.000000000e+000 -5.151431463e-006 1.000000000e+001 1.000000000e+001 5.151431469e-006 2.500000000e-001 2.500000000e-001 0.000000000e+000 
d 0.000000000e+000 0.000000000e+000 -5.134918147e-006 1.000000000e+001 1.000000000e+001 5.134918148e-006 5.000000000e-001 5.000000000e-001 0.000000000e+000 
d 0.000000000e+000 0.000000000e+000 -5.117897424e-006 1.000000000e+001 1.000000000e+001 5.117897416e-006 7.500000000e-001 7.500000000e-001 0.000000000e+000 
d 0.000000000e+000 0.000000000e+000 -5.100405178e-006 1.000000000e+001 1.000000000e+001 5.100405172e-006 1.000000000e+000 1.000000000e+000 0.000000000e+000 
d 0.000000000e+000 0.000000000e+000 -5.082452424e-006 1.000000000e+001 1.000000000e+001 5.082452420e-006 1.250000000e+000 1.250000000e+000 0.000000000e+000 
d 0.000000000e+000 0.000000000e+000 -5.064049042e-006 1.000000000e+001 1.000000000e+001 5.064049039e-006 1.500000000e+000 1.500000000e+000 0.000000000e+000 
d 0.000000000e+000 0.000000000e+000 -5.045203928e-006 1.000000000e+001 1.000000000e+001 5.045203937e-006 1.750000000e+000 1.750000000e+000 0.000000000e+000 
d 0.000000000e+000 0.000000000e+000 -5.025925113e-006 1.000000000e+001 1.000000000e+001 5.025925126e-006 2.000000000e+000 2.000000000e+000 0.000000000e+000 
d 0.000000000e+000 0.000000000e+000 -5.006218801e-006 1.000000000e+001 1.000000000e+001 5.006218791e-006 2.250000000e+000 2.250000000e+000 0.000000000e+000 
d 0.000000000e+000 0.000000000e+000 -4.986059165e-006 1.000000000e+001 1.000000000e+001 4.986059165e-006 2.500000000e+000 2.500000000e+000 0.000000000e+000 
d 0.000000000e+000 0.000000000e+000 -4.965484614e-006 1.000000000e+001 1.000000000e+001 4.965484617e-006 2.750000000e+000 2.750000000e+000 0.000000000e+000 
d 0.000000000e+000 0.000000000e+000 -4.944500244e-006 1.000000000e+001 1.000000000e+001 4.944500243e-006 3.000000000e+000 3.000000000e+000 0.000000000e+000 
d 0.000000000e+000 0.000000000e+000 -4.923110666e-006 1.000000000e+001 1.000000000e+001 4.923110657e-006 3.250000000e+000 3.250000000e+000 0.000000000e+000 
d 0.000000000e+000 0.000000000e+000 -4.901320021e-006 1.000000000e+001 1.000000000e+001 4.901320017e-006 3.500000000e+000 3.500000000e+000 0.000000000e+000 
d 0.000000000e+000 0.000000000e+000 -4.879118546e-006 1.000000000e+001 1.000000000e+001 4.879118549e-006 3.750000000e+000 3.750000000e+000 0.000000000e+000 
d 0.000000000e+000 0.000000000e+000 -4.856493446e-006 1.000000000e+001 1.000000000e+001 4.856493455e-006 4.000000000e+000 4.000000000e+000 0.000000000e+000 
d 0.000000000e+000 0.000000000e+000 -4.833476583e-006 1.000000000e+001 1.000000000e+001 4.833476579e-006 4.250000000e+000 4.250000000e+000 0.000000000e+000 
d 0.000000000e+000 0.000000000e+000 -4.810070043e-006 1.000000000e+001 1.000000000e+001 4.810070037e-006 4.500000000e+000 4.500000000e+000 0.000000000e+000 
d 0.000000000e+000 0.000000000e+000 -4.786275636e-006 1.000000000e+001 1.000000000e+001 4.786275639e-006 4.750000000e+000 4.750000000e+000 0.000000000e+000 
d 0.000000000e+000 0.000000000e+000 -4.762048622e-006 1.000000000e+001 1.000000000e+001 4.762048618e-006 5.000000000e+000 5.000000000e+000 0.000000000e+000 
