v ATLAS
# This file was created by ATLAS version 5.19.20.R on Thu Apr 15 10:34:34 2021.
#SSF 2.0 generic
##############################################################################
#                    Copyright (c) 1984 - 2013                               #
#                    Silvaco Inc. All rights reserved                        #
#                                                                            #
# This file format and the following Key are copyright Silvaco Inc.          #
# You may not use, this format or key without reproducing this message in    #
# full and obtaining express written permission from Silvaco Inc.            #
#                                                                            #
# To obtain such permission please contact: Silvaco Inc.                     #
#                                           support@silvaco.com              #
#                                                                            #
# KEY=SVC86hn7562asdx                       PROD=345                         #
##############################################################################
y 1 15
z 300
f 2 "anode" "cathode" 
p 6 2 601 20 3 602 21 
d 5.000000000e-002 5.000000000e-002 4.005473115e-005 0.000000000e+000 0.000000000e+000 -4.005473115e-005 
d 1.000000000e-001 1.000000000e-001 8.010946230e-005 0.000000000e+000 0.000000000e+000 -8.010946230e-005 
d 1.500000000e-001 1.500000000e-001 1.201641935e-004 0.000000000e+000 0.000000000e+000 -1.201641935e-004 
d 2.000000000e-001 2.000000000e-001 1.602189246e-004 0.000000000e+000 0.000000000e+000 -1.602189246e-004 
d 2.500000000e-001 2.500000000e-001 2.002736558e-004 0.000000000e+000 0.000000000e+000 -2.002736558e-004 
d 3.000000000e-001 3.000000000e-001 2.403283869e-004 0.000000000e+000 0.000000000e+000 -2.403283869e-004 
d 3.500000000e-001 3.500000000e-001 2.803831181e-004 0.000000000e+000 0.000000000e+000 -2.803831181e-004 
d 4.000000000e-001 4.000000000e-001 3.204378492e-004 0.000000000e+000 0.000000000e+000 -3.204378492e-004 
d 4.500000000e-001 4.500000000e-001 3.604925804e-004 0.000000000e+000 0.000000000e+000 -3.604925804e-004 
d 5.000000000e-001 5.000000000e-001 4.005473115e-004 0.000000000e+000 0.000000000e+000 -4.005473115e-004 
d 5.500000000e-001 5.500000000e-001 4.406020427e-004 0.000000000e+000 0.000000000e+000 -4.406020427e-004 
d 6.000000000e-001 6.000000000e-001 4.806567738e-004 0.000000000e+000 0.000000000e+000 -4.806567738e-004 
d 6.500000000e-001 6.500000000e-001 5.207115050e-004 0.000000000e+000 0.000000000e+000 -5.207115050e-004 
d 7.000000000e-001 7.000000000e-001 5.607662361e-004 0.000000000e+000 0.000000000e+000 -5.607662361e-004 
d 7.500000000e-001 7.500000000e-001 6.008209673e-004 0.000000000e+000 0.000000000e+000 -6.008209673e-004 
d 8.000000000e-001 8.000000000e-001 6.408756984e-004 0.000000000e+000 0.000000000e+000 -6.408756984e-004 
d 8.500000000e-001 8.500000000e-001 6.809304296e-004 0.000000000e+000 0.000000000e+000 -6.809304296e-004 
d 9.000000000e-001 9.000000000e-001 7.209851607e-004 0.000000000e+000 0.000000000e+000 -7.209851607e-004 
d 9.500000000e-001 9.500000000e-001 7.610398919e-004 0.000000000e+000 0.000000000e+000 -7.610398919e-004 
d 1.000000000e+000 1.000000000e+000 8.010946230e-004 0.000000000e+000 0.000000000e+000 -8.010946230e-004 
