v ATLAS
# This file was created by ATLAS version 5.19.20.R on Thu Apr 15 10:34:03 2021.
#SSF 2.0 generic
##############################################################################
#                    Copyright (c) 1984 - 2013                               #
#                    Silvaco Inc. All rights reserved                        #
#                                                                            #
# This file format and the following Key are copyright Silvaco Inc.          #
# You may not use, this format or key without reproducing this message in    #
# full and obtaining express written permission from Silvaco Inc.            #
#                                                                            #
# To obtain such permission please contact: Silvaco Inc.                     #
#                                           support@silvaco.com              #
#                                                                            #
# KEY=SVC86hn7562asdx                       PROD=345                         #
##############################################################################
y 1 15
z 300
f 2 "anode" "cathode" 
p 6 2 601 20 3 602 21 
d 5.000000000e-002 5.000000000e-002 4.000806792e-005 0.000000000e+000 0.000000000e+000 -4.000806792e-005 
d 1.000000000e-001 1.000000000e-001 7.973810141e-005 0.000000000e+000 0.000000000e+000 -7.973810141e-005 
d 1.500000000e-001 1.500000000e-001 1.189216237e-004 0.000000000e+000 0.000000000e+000 -1.189216237e-004 
d 2.000000000e-001 2.000000000e-001 1.573085184e-004 0.000000000e+000 0.000000000e+000 -1.573085184e-004 
d 2.500000000e-001 2.500000000e-001 1.946744268e-004 0.000000000e+000 0.000000000e+000 -1.946744268e-004 
d 3.000000000e-001 3.000000000e-001 2.308262798e-004 0.000000000e+000 0.000000000e+000 -2.308262798e-004 
d 3.500000000e-001 3.500000000e-001 2.656057324e-004 0.000000000e+000 0.000000000e+000 -2.656057324e-004 
d 4.000000000e-001 4.000000000e-001 2.988905089e-004 0.000000000e+000 0.000000000e+000 -2.988905089e-004 
d 4.500000000e-001 4.500000000e-001 3.305938584e-004 0.000000000e+000 0.000000000e+000 -3.305938584e-004 
d 5.000000000e-001 5.000000000e-001 3.606624631e-004 0.000000000e+000 0.000000000e+000 -3.606624631e-004 
d 5.500000000e-001 5.500000000e-001 3.890732100e-004 0.000000000e+000 0.000000000e+000 -3.890732100e-004 
d 6.000000000e-001 6.000000000e-001 4.158292477e-004 0.000000000e+000 0.000000000e+000 -4.158292477e-004 
d 6.500000000e-001 6.500000000e-001 4.409557098e-004 0.000000000e+000 0.000000000e+000 -4.409557098e-004 
d 7.000000000e-001 7.000000000e-001 4.644954219e-004 0.000000000e+000 0.000000000e+000 -4.644954219e-004 
d 7.500000000e-001 7.500000000e-001 4.865048278e-004 0.000000000e+000 0.000000000e+000 -4.865048278e-004 
d 8.000000000e-001 8.000000000e-001 5.070502934e-004 0.000000000e+000 0.000000000e+000 -5.070502934e-004 
d 8.500000000e-001 8.500000000e-001 5.262048770e-004 0.000000000e+000 0.000000000e+000 -5.262048770e-004 
d 9.000000000e-001 9.000000000e-001 5.440456005e-004 0.000000000e+000 0.000000000e+000 -5.440456005e-004 
d 9.500000000e-001 9.500000000e-001 5.606512133e-004 0.000000000e+000 0.000000000e+000 -5.606512133e-004 
d 1.000000000e+000 1.000000000e+000 5.761004170e-004 0.000000000e+000 0.000000000e+000 -5.761004170e-004 
