v ATLAS
# This file was created by ATLAS version 5.19.20.R on Thu Apr 15 10:33:25 2021.
#SSF 2.0 generic
##############################################################################
#                    Copyright (c) 1984 - 2013                               #
#                    Silvaco Inc. All rights reserved                        #
#                                                                            #
# This file format and the following Key are copyright Silvaco Inc.          #
# You may not use, this format or key without reproducing this message in    #
# full and obtaining express written permission from Silvaco Inc.            #
#                                                                            #
# To obtain such permission please contact: Silvaco Inc.                     #
#                                           support@silvaco.com              #
#                                                                            #
# KEY=SVC86hn7562asdx                       PROD=345                         #
##############################################################################
y 1 15
z 300
f 2 "anode" "cathode" 
p 6 2 601 20 3 602 21 
d 5.000000000e-002 5.000000000e-002 3.197253254e-005 0.000000000e+000 0.000000000e+000 -3.197253254e-005 
d 1.000000000e-001 1.000000000e-001 6.394506507e-005 0.000000000e+000 0.000000000e+000 -6.394506507e-005 
d 1.500000000e-001 1.500000000e-001 9.591759761e-005 0.000000000e+000 0.000000000e+000 -9.591759761e-005 
d 2.000000000e-001 2.000000000e-001 1.278901301e-004 0.000000000e+000 0.000000000e+000 -1.278901301e-004 
d 2.500000000e-001 2.500000000e-001 1.598626627e-004 0.000000000e+000 0.000000000e+000 -1.598626627e-004 
d 3.000000000e-001 3.000000000e-001 1.918351952e-004 0.000000000e+000 0.000000000e+000 -1.918351952e-004 
d 3.500000000e-001 3.500000000e-001 2.238077277e-004 0.000000000e+000 0.000000000e+000 -2.238077277e-004 
d 4.000000000e-001 4.000000000e-001 2.557802603e-004 0.000000000e+000 0.000000000e+000 -2.557802603e-004 
d 4.500000000e-001 4.500000000e-001 2.877527928e-004 0.000000000e+000 0.000000000e+000 -2.877527928e-004 
d 5.000000000e-001 5.000000000e-001 3.197253254e-004 0.000000000e+000 0.000000000e+000 -3.197253254e-004 
d 5.500000000e-001 5.500000000e-001 3.516978579e-004 0.000000000e+000 0.000000000e+000 -3.516978579e-004 
d 6.000000000e-001 6.000000000e-001 3.836703904e-004 0.000000000e+000 0.000000000e+000 -3.836703904e-004 
d 6.500000000e-001 6.500000000e-001 4.156429230e-004 0.000000000e+000 0.000000000e+000 -4.156429230e-004 
d 7.000000000e-001 7.000000000e-001 4.476154555e-004 0.000000000e+000 0.000000000e+000 -4.476154555e-004 
d 7.500000000e-001 7.500000000e-001 4.795879880e-004 0.000000000e+000 0.000000000e+000 -4.795879880e-004 
d 8.000000000e-001 8.000000000e-001 5.115605206e-004 0.000000000e+000 0.000000000e+000 -5.115605206e-004 
d 8.500000000e-001 8.500000000e-001 5.435330531e-004 0.000000000e+000 0.000000000e+000 -5.435330531e-004 
d 9.000000000e-001 9.000000000e-001 5.755055856e-004 0.000000000e+000 0.000000000e+000 -5.755055856e-004 
d 9.500000000e-001 9.500000000e-001 6.074781182e-004 0.000000000e+000 0.000000000e+000 -6.074781182e-004 
d 1.000000000e+000 1.000000000e+000 6.394506507e-004 0.000000000e+000 0.000000000e+000 -6.394506507e-004 
