v ATLAS
# This file was created by ATLAS version 5.19.20.R on Thu Apr 15 10:36:17 2021.
#SSF 2.0 generic
##############################################################################
#                    Copyright (c) 1984 - 2013                               #
#                    Silvaco Inc. All rights reserved                        #
#                                                                            #
# This file format and the following Key are copyright Silvaco Inc.          #
# You may not use, this format or key without reproducing this message in    #
# full and obtaining express written permission from Silvaco Inc.            #
#                                                                            #
# To obtain such permission please contact: Silvaco Inc.                     #
#                                           support@silvaco.com              #
#                                                                            #
# KEY=SVC86hn7562asdx                       PROD=345                         #
##############################################################################
y 1 15
z 300
f 2 "anode" "cathode" 
p 6 2 601 20 3 602 21 
d 5.000000000e-002 5.000000000e-002 3.194878493e-005 0.000000000e+000 0.000000000e+000 -3.194878493e-005 
d 1.000000000e-001 1.000000000e-001 6.375571671e-005 0.000000000e+000 0.000000000e+000 -6.375571671e-005 
d 1.500000000e-001 1.500000000e-001 9.528206975e-005 0.000000000e+000 0.000000000e+000 -9.528206975e-005 
d 2.000000000e-001 2.000000000e-001 1.263952142e-004 0.000000000e+000 0.000000000e+000 -1.263952142e-004 
d 2.500000000e-001 2.500000000e-001 1.569712801e-004 0.000000000e+000 0.000000000e+000 -1.569712801e-004 
d 3.000000000e-001 3.000000000e-001 1.868973988e-004 0.000000000e+000 0.000000000e+000 -1.868973988e-004 
d 3.500000000e-001 3.500000000e-001 2.160734399e-004 0.000000000e+000 0.000000000e+000 -2.160734399e-004 
d 4.000000000e-001 4.000000000e-001 2.444132009e-004 0.000000000e+000 0.000000000e+000 -2.444132009e-004 
d 4.500000000e-001 4.500000000e-001 2.718450455e-004 0.000000000e+000 0.000000000e+000 -2.718450455e-004 
d 5.000000000e-001 5.000000000e-001 2.983120233e-004 0.000000000e+000 0.000000000e+000 -2.983120233e-004 
d 5.500000000e-001 5.500000000e-001 3.237715284e-004 0.000000000e+000 0.000000000e+000 -3.237715284e-004 
d 6.000000000e-001 6.000000000e-001 3.481945753e-004 0.000000000e+000 0.000000000e+000 -3.481945753e-004 
d 6.500000000e-001 6.500000000e-001 3.715647791e-004 0.000000000e+000 0.000000000e+000 -3.715647791e-004 
d 7.000000000e-001 7.000000000e-001 3.938771274e-004 0.000000000e+000 0.000000000e+000 -3.938771274e-004 
d 7.500000000e-001 7.500000000e-001 4.151366279e-004 0.000000000e+000 0.000000000e+000 -4.151366279e-004 
d 8.000000000e-001 8.000000000e-001 4.353569049e-004 0.000000000e+000 0.000000000e+000 -4.353569049e-004 
d 8.500000000e-001 8.500000000e-001 4.545588049e-004 0.000000000e+000 0.000000000e+000 -4.545588049e-004 
d 9.000000000e-001 9.000000000e-001 4.727690609e-004 0.000000000e+000 0.000000000e+000 -4.727690609e-004 
d 9.500000000e-001 9.500000000e-001 4.900190464e-004 0.000000000e+000 0.000000000e+000 -4.900190464e-004 
d 1.000000000e+000 1.000000000e+000 5.063436457e-004 0.000000000e+000 0.000000000e+000 -5.063436457e-004 
